<?xml version="1.0" encoding="UTF-8"?>
<coverage generated="1765512820117" clover="3.2.0">
  <project timestamp="1765512820117" name="All files">
    <metrics statements="2585" coveredstatements="1586" conditionals="1407" coveredconditionals="697" methods="393" coveredmethods="223" elements="4385" coveredelements="2506" complexity="0" loc="2585" ncloc="2585" packages="7" files="41" classes="41"/>
    <package name="lib">
      <metrics statements="469" coveredstatements="335" conditionals="289" coveredconditionals="167" methods="67" coveredmethods="40"/>
      <file name="engine.js" path="/Users/subbu/dev/ql.io/modules/engine/lib/engine.js">
        <metrics statements="469" coveredstatements="335" conditionals="289" coveredconditionals="167" methods="67" coveredmethods="40"/>
        <line num="23" count="71" type="stmt"/>
        <line num="24" count="71" type="stmt"/>
        <line num="25" count="71" type="stmt"/>
        <line num="26" count="71" type="stmt"/>
        <line num="27" count="71" type="stmt"/>
        <line num="28" count="71" type="stmt"/>
        <line num="29" count="71" type="stmt"/>
        <line num="30" count="71" type="stmt"/>
        <line num="31" count="71" type="stmt"/>
        <line num="32" count="71" type="stmt"/>
        <line num="33" count="71" type="stmt"/>
        <line num="34" count="71" type="stmt"/>
        <line num="35" count="71" type="stmt"/>
        <line num="36" count="71" type="stmt"/>
        <line num="37" count="71" type="stmt"/>
        <line num="38" count="71" type="stmt"/>
        <line num="39" count="71" type="stmt"/>
        <line num="40" count="71" type="stmt"/>
        <line num="41" count="71" type="stmt"/>
        <line num="42" count="71" type="stmt"/>
        <line num="43" count="71" type="stmt"/>
        <line num="44" count="71" type="stmt"/>
        <line num="45" count="71" type="stmt"/>
        <line num="46" count="71" type="stmt"/>
        <line num="47" count="71" type="stmt"/>
        <line num="48" count="71" type="stmt"/>
        <line num="49" count="71" type="stmt"/>
        <line num="50" count="71" type="stmt"/>
        <line num="51" count="71" type="stmt"/>
        <line num="53" count="71" type="stmt"/>
        <line num="55" count="71" type="stmt"/>
        <line num="56" count="0" type="cond" truecount="0" falsecount="2"/>
        <line num="69" count="71" type="stmt"/>
        <line num="70" count="218" type="stmt"/>
        <line num="73" count="218" type="stmt"/>
        <line num="75" count="218" type="stmt"/>
        <line num="77" count="218" type="cond" truecount="2" falsecount="0"/>
        <line num="80" count="218" type="cond" truecount="1" falsecount="1"/>
        <line num="81" count="0" type="stmt"/>
        <line num="85" count="218" type="cond" truecount="2" falsecount="0"/>
        <line num="86" count="218" type="cond" truecount="2" falsecount="0"/>
        <line num="89" count="218" type="stmt"/>
        <line num="93" count="218" type="stmt"/>
        <line num="99" count="218" type="stmt"/>
        <line num="106" count="218" type="stmt"/>
        <line num="107" count="218" type="stmt"/>
        <line num="108" count="218" type="stmt"/>
        <line num="109" count="430" type="cond" truecount="3" falsecount="2"/>
        <line num="110" count="430" type="stmt"/>
        <line num="115" count="218" type="stmt"/>
        <line num="116" count="218" type="cond" truecount="1" falsecount="1"/>
        <line num="117" count="0" type="stmt"/>
        <line num="118" count="0" type="stmt"/>
        <line num="119" count="0" type="stmt"/>
        <line num="120" count="0" type="stmt"/>
        <line num="121" count="0" type="cond" truecount="0" falsecount="2"/>
        <line num="122" count="0" type="stmt"/>
        <line num="123" count="0" type="stmt"/>
        <line num="126" count="0" type="stmt"/>
        <line num="127" count="0" type="stmt"/>
        <line num="130" count="0" type="stmt"/>
        <line num="131" count="0" type="stmt"/>
        <line num="136" count="0" type="stmt"/>
        <line num="141" count="0" type="stmt"/>
        <line num="144" count="218" type="stmt"/>
        <line num="145" count="218" type="stmt"/>
        <line num="146" count="218" type="stmt"/>
        <line num="149" count="218" type="stmt"/>
        <line num="154" count="218" type="stmt"/>
        <line num="155" count="0" type="stmt"/>
        <line num="158" count="218" type="stmt"/>
        <line num="164" count="71" type="stmt"/>
        <line num="191" count="71" type="stmt"/>
        <line num="192" count="75" type="stmt"/>
        <line num="193" count="75" type="cond" truecount="1" falsecount="1"/>
        <line num="194" count="75" type="stmt"/>
        <line num="197" count="75" type="stmt"/>
        <line num="202" count="0" type="stmt"/>
        <line num="205" count="75" type="stmt"/>
        <line num="206" count="75" type="stmt"/>
        <line num="211" count="71" type="stmt"/>
        <line num="215" count="75" type="stmt"/>
        <line num="219" count="75" type="cond" truecount="2" falsecount="0"/>
        <line num="220" count="68" type="stmt"/>
        <line num="221" count="68" type="stmt"/>
        <line num="222" count="68" type="stmt"/>
        <line num="224" count="7" type="cond" truecount="1" falsecount="1"/>
        <line num="225" count="7" type="stmt"/>
        <line num="226" count="7" type="stmt"/>
        <line num="227" count="7" type="stmt"/>
        <line num="229" count="0" type="cond" truecount="0" falsecount="2"/>
        <line num="231" count="0" type="stmt"/>
        <line num="232" count="0" type="stmt"/>
        <line num="233" count="0" type="stmt"/>
        <line num="235" count="0" type="stmt"/>
        <line num="238" count="0" type="stmt"/>
        <line num="241" count="75" type="stmt"/>
        <line num="244" count="75" type="stmt"/>
        <line num="246" count="75" type="stmt"/>
        <line num="248" count="75" type="cond" truecount="2" falsecount="0"/>
        <line num="249" count="75" type="stmt"/>
        <line num="250" count="75" type="stmt"/>
        <line num="251" count="75" type="cond" truecount="2" falsecount="0"/>
        <line num="252" count="75" type="cond" truecount="1" falsecount="1"/>
        <line num="253" count="0" type="cond" truecount="0" falsecount="2"/>
        <line num="256" count="75" type="stmt"/>
        <line num="257" count="75" type="stmt"/>
        <line num="259" count="75" type="stmt"/>
        <line num="264" count="75" type="stmt"/>
        <line num="270" count="75" type="cond" truecount="2" falsecount="0"/>
        <line num="271" count="74" type="stmt"/>
        <line num="273" count="75" type="stmt"/>
        <line num="274" count="75" type="cond" truecount="4" falsecount="0"/>
        <line num="275" count="21" type="cond" truecount="1" falsecount="1"/>
        <line num="276" count="21" type="cond" truecount="1" falsecount="1"/>
        <line num="277" count="21" type="stmt"/>
        <line num="279" count="75" type="stmt"/>
        <line num="283" count="75" type="stmt"/>
        <line num="288" count="75" type="stmt"/>
        <line num="291" count="75" type="cond" truecount="1" falsecount="1"/>
        <line num="294" count="1" type="stmt"/>
        <line num="298" count="1" type="stmt"/>
        <line num="301" count="74" type="stmt"/>
        <line num="302" count="21" type="cond" truecount="1" falsecount="1"/>
        <line num="303" count="21" type="stmt"/>
        <line num="306" count="74" type="cond" truecount="1" falsecount="1"/>
        <line num="307" count="0" type="stmt"/>
        <line num="308" count="0" type="stmt"/>
        <line num="310" count="0" type="stmt"/>
        <line num="311" count="0" type="stmt"/>
        <line num="312" count="0" type="stmt"/>
        <line num="313" count="0" type="stmt"/>
        <line num="315" count="0" type="stmt"/>
        <line num="316" count="0" type="stmt"/>
        <line num="317" count="0" type="stmt"/>
        <line num="318" count="0" type="stmt"/>
        <line num="319" count="0" type="stmt"/>
        <line num="322" count="0" type="stmt"/>
        <line num="327" count="74" type="stmt"/>
        <line num="332" count="283" type="cond" truecount="3" falsecount="1"/>
        <line num="333" count="0" type="stmt"/>
        <line num="337" count="237" type="cond" truecount="1" falsecount="1"/>
        <line num="339" count="11" type="stmt"/>
        <line num="340" count="11" type="stmt"/>
        <line num="341" count="12" type="stmt"/>
        <line num="343" count="11" type="stmt"/>
        <line num="344" count="10" type="stmt"/>
        <line num="346" count="11" type="stmt"/>
        <line num="348" count="0" type="stmt"/>
        <line num="349" count="0" type="stmt"/>
        <line num="351" count="0" type="stmt"/>
        <line num="352" count="0" type="stmt"/>
        <line num="353" count="0" type="stmt"/>
        <line num="354" count="0" type="stmt"/>
        <line num="357" count="0" type="cond" truecount="0" falsecount="2"/>
        <line num="358" count="0" type="stmt"/>
        <line num="359" count="0" type="stmt"/>
        <line num="362" count="0" type="stmt"/>
        <line num="365" count="283" type="cond" truecount="2" falsecount="0"/>
        <line num="366" count="46" type="stmt"/>
        <line num="368" count="237" type="stmt"/>
        <line num="372" count="237" type="stmt"/>
        <line num="374" count="142" type="cond" truecount="1" falsecount="1"/>
        <line num="376" count="142" type="stmt"/>
        <line num="377" count="0" type="cond" truecount="0" falsecount="4"/>
        <line num="379" count="0" type="stmt"/>
        <line num="382" count="237" type="cond" truecount="1" falsecount="1"/>
        <line num="383" count="237" type="cond" truecount="2" falsecount="0"/>
        <line num="384" count="12" type="stmt"/>
        <line num="386" count="237" type="cond" truecount="2" falsecount="0"/>
        <line num="387" count="22" type="stmt"/>
        <line num="389" count="237" type="stmt"/>
        <line num="392" count="74" type="stmt"/>
        <line num="393" count="74" type="cond" truecount="1" falsecount="1"/>
        <line num="394" count="0" type="stmt"/>
        <line num="395" count="0" type="cond" truecount="0" falsecount="4"/>
        <line num="396" count="0" type="stmt"/>
        <line num="402" count="74" type="cond" truecount="1" falsecount="1"/>
        <line num="404" count="74" type="stmt"/>
        <line num="405" count="0" type="cond" truecount="0" falsecount="2"/>
        <line num="407" count="0" type="stmt"/>
        <line num="415" count="11" type="cond" truecount="1" falsecount="1"/>
        <line num="416" count="0" type="stmt"/>
        <line num="418" count="11" type="stmt"/>
        <line num="419" count="11" type="cond" truecount="2" falsecount="1"/>
        <line num="421" count="0" type="stmt"/>
        <line num="422" count="0" type="stmt"/>
        <line num="424" count="0" type="stmt"/>
        <line num="425" count="0" type="stmt"/>
        <line num="426" count="0" type="stmt"/>
        <line num="429" count="0" type="stmt"/>
        <line num="430" count="0" type="stmt"/>
        <line num="432" count="0" type="stmt"/>
        <line num="434" count="1" type="stmt"/>
        <line num="435" count="1" type="stmt"/>
        <line num="437" count="1" type="stmt"/>
        <line num="438" count="1" type="stmt"/>
        <line num="440" count="1" type="stmt"/>
        <line num="442" count="10" type="cond" truecount="1" falsecount="1"/>
        <line num="443" count="0" type="stmt"/>
        <line num="445" count="10" type="stmt"/>
        <line num="446" count="10" type="stmt"/>
        <line num="447" count="9" type="stmt"/>
        <line num="448" count="9" type="cond" truecount="2" falsecount="0"/>
        <line num="449" count="4" type="cond" truecount="1" falsecount="1"/>
        <line num="450" count="0" type="stmt"/>
        <line num="452" count="4" type="stmt"/>
        <line num="458" count="10" type="stmt"/>
        <line num="459" count="10" type="stmt"/>
        <line num="460" count="9" type="stmt"/>
        <line num="461" count="9" type="cond" truecount="1" falsecount="1"/>
        <line num="462" count="0" type="stmt"/>
        <line num="465" count="10" type="stmt"/>
        <line num="466" count="10" type="stmt"/>
        <line num="467" count="0" type="stmt"/>
        <line num="475" count="10" type="cond" truecount="1" falsecount="1"/>
        <line num="477" count="10" type="stmt"/>
        <line num="478" count="10" type="stmt"/>
        <line num="479" count="10" type="stmt"/>
        <line num="480" count="10" type="stmt"/>
        <line num="481" count="11" type="stmt"/>
        <line num="483" count="10" type="stmt"/>
        <line num="486" count="0" type="stmt"/>
        <line num="487" count="0" type="stmt"/>
        <line num="488" count="0" type="cond" truecount="0" falsecount="2"/>
        <line num="489" count="0" type="stmt"/>
        <line num="490" count="0" type="stmt"/>
        <line num="493" count="0" type="stmt"/>
        <line num="496" count="0" type="stmt"/>
        <line num="497" count="0" type="stmt"/>
        <line num="499" count="0" type="stmt"/>
        <line num="503" count="74" type="stmt"/>
        <line num="509" count="353" type="cond" truecount="1" falsecount="1"/>
        <line num="510" count="0" type="stmt"/>
        <line num="512" count="353" type="cond" truecount="5" falsecount="1"/>
        <line num="514" count="7" type="stmt"/>
        <line num="515" count="7" type="stmt"/>
        <line num="517" count="346" type="cond" truecount="1" falsecount="1"/>
        <line num="518" count="0" type="stmt"/>
        <line num="520" count="0" type="cond" truecount="0" falsecount="2"/>
        <line num="521" count="0" type="stmt"/>
        <line num="523" count="0" type="cond" truecount="0" falsecount="2"/>
        <line num="525" count="0" type="stmt"/>
        <line num="528" count="346" type="stmt"/>
        <line num="531" count="226" type="cond" truecount="1" falsecount="1"/>
        <line num="533" count="226" type="stmt"/>
        <line num="534" count="226" type="stmt"/>
        <line num="535" count="0" type="cond" truecount="0" falsecount="4"/>
        <line num="537" count="0" type="stmt"/>
        <line num="538" count="0" type="stmt"/>
        <line num="540" count="0" type="stmt"/>
        <line num="543" count="226" type="cond" truecount="2" falsecount="0"/>
        <line num="545" count="63" type="stmt"/>
        <line num="548" count="346" type="cond" truecount="2" falsecount="0"/>
        <line num="549" count="74" type="stmt"/>
        <line num="552" count="70" type="cond" truecount="1" falsecount="1"/>
        <line num="554" count="70" type="stmt"/>
        <line num="555" count="70" type="stmt"/>
        <line num="556" count="0" type="cond" truecount="0" falsecount="4"/>
        <line num="558" count="0" type="stmt"/>
        <line num="559" count="0" type="stmt"/>
        <line num="561" count="0" type="stmt"/>
        <line num="564" count="70" type="cond" truecount="2" falsecount="0"/>
        <line num="566" count="61" type="stmt"/>
        <line num="569" count="74" type="cond" truecount="2" falsecount="2"/>
        <line num="570" count="0" type="stmt"/>
        <line num="574" count="346" type="cond" truecount="2" falsecount="0"/>
        <line num="577" count="346" type="cond" truecount="1" falsecount="1"/>
        <line num="579" count="0" type="cond" truecount="0" falsecount="2"/>
        <line num="580" count="0" type="stmt"/>
        <line num="582" count="0" type="stmt"/>
        <line num="585" count="346" type="cond" truecount="2" falsecount="2"/>
        <line num="588" count="346" type="cond" truecount="1" falsecount="1"/>
        <line num="589" count="0" type="stmt"/>
        <line num="592" count="346" type="cond" truecount="5" falsecount="0"/>
        <line num="595" count="216" type="stmt"/>
        <line num="598" count="216" type="cond" truecount="2" falsecount="2"/>
        <line num="600" count="0" type="stmt"/>
        <line num="603" count="216" type="cond" truecount="1" falsecount="1"/>
        <line num="605" count="0" type="stmt"/>
        <line num="607" count="216" type="stmt"/>
        <line num="612" count="74" type="stmt"/>
        <line num="613" count="216" type="cond" truecount="1" falsecount="1"/>
        <line num="614" count="0" type="stmt"/>
        <line num="616" count="216" type="cond" truecount="2" falsecount="0"/>
        <line num="617" count="216" type="stmt"/>
        <line num="631" count="223" type="cond" truecount="2" falsecount="0"/>
        <line num="632" count="18" type="cond" truecount="2" falsecount="0"/>
        <line num="633" count="7" type="stmt"/>
        <line num="634" count="7" type="stmt"/>
        <line num="638" count="11" type="stmt"/>
        <line num="639" count="11" type="stmt"/>
        <line num="642" count="205" type="cond" truecount="7" falsecount="1"/>
        <line num="645" count="45" type="cond" truecount="2" falsecount="0"/>
        <line num="646" count="45" type="cond" truecount="2" falsecount="0"/>
        <line num="647" count="9" type="stmt"/>
        <line num="648" count="9" type="stmt"/>
        <line num="653" count="196" type="cond" truecount="1" falsecount="1"/>
        <line num="656" count="196" type="cond" truecount="4" falsecount="0"/>
        <line num="657" count="10" type="stmt"/>
        <line num="659" count="196" type="stmt"/>
        <line num="660" count="126" type="stmt"/>
        <line num="661" count="126" type="cond" truecount="2" falsecount="0"/>
        <line num="662" count="121" type="cond" truecount="1" falsecount="1"/>
        <line num="663" count="0" type="stmt"/>
        <line num="665" count="121" type="stmt"/>
        <line num="668" count="196" type="cond" truecount="2" falsecount="2"/>
        <line num="669" count="0" type="stmt"/>
        <line num="674" count="196" type="cond" truecount="2" falsecount="0"/>
        <line num="675" count="63" type="stmt"/>
        <line num="680" count="74" type="stmt"/>
        <line num="681" count="63" type="cond" truecount="1" falsecount="1"/>
        <line num="683" count="63" type="stmt"/>
        <line num="685" count="63" type="cond" truecount="1" falsecount="1"/>
        <line num="686" count="0" type="stmt"/>
        <line num="689" count="63" type="cond" truecount="1" falsecount="1"/>
        <line num="690" count="63" type="cond" truecount="2" falsecount="2"/>
        <line num="691" count="0" type="stmt"/>
        <line num="698" count="0" type="stmt"/>
        <line num="700" count="0" type="stmt"/>
        <line num="701" count="0" type="stmt"/>
        <line num="704" count="63" type="stmt"/>
        <line num="705" count="63" type="stmt"/>
        <line num="706" count="63" type="stmt"/>
        <line num="708" count="63" type="stmt"/>
        <line num="709" count="63" type="stmt"/>
        <line num="710" count="63" type="stmt"/>
        <line num="716" count="74" type="stmt"/>
        <line num="718" count="74" type="cond" truecount="1" falsecount="1"/>
        <line num="720" count="74" type="stmt"/>
        <line num="721" count="0" type="cond" truecount="0" falsecount="4"/>
        <line num="723" count="0" type="stmt"/>
        <line num="726" count="74" type="cond" truecount="3" falsecount="1"/>
        <line num="727" count="74" type="stmt"/>
        <line num="730" count="74" type="stmt"/>
        <line num="731" count="74" type="stmt"/>
        <line num="732" count="10" type="cond" truecount="1" falsecount="1"/>
        <line num="733" count="10" type="stmt"/>
        <line num="735" count="10" type="stmt"/>
        <line num="740" count="74" type="cond" truecount="1" falsecount="1"/>
        <line num="742" count="74" type="stmt"/>
        <line num="743" count="0" type="cond" truecount="0" falsecount="4"/>
        <line num="745" count="0" type="stmt"/>
        <line num="754" count="71" type="stmt"/>
        <line num="758" count="10" type="cond" truecount="5" falsecount="0"/>
        <line num="759" count="4" type="stmt"/>
        <line num="760" count="4" type="stmt"/>
        <line num="761" count="4" type="stmt"/>
        <line num="762" count="4" type="stmt"/>
        <line num="763" count="4" type="stmt"/>
        <line num="768" count="6" type="cond" truecount="1" falsecount="1"/>
        <line num="769" count="6" type="stmt"/>
        <line num="770" count="6" type="stmt"/>
        <line num="771" count="6" type="stmt"/>
        <line num="772" count="6" type="stmt"/>
        <line num="776" count="6" type="cond" truecount="1" falsecount="1"/>
        <line num="777" count="0" type="stmt"/>
        <line num="779" count="0" type="stmt"/>
        <line num="780" count="0" type="stmt"/>
        <line num="781" count="0" type="stmt"/>
        <line num="782" count="0" type="stmt"/>
        <line num="788" count="6" type="stmt"/>
        <line num="789" count="6" type="stmt"/>
        <line num="794" count="0" type="stmt"/>
        <line num="804" count="71" type="stmt"/>
        <line num="805" count="0" type="stmt"/>
        <line num="809" count="216" type="stmt"/>
        <line num="813" count="216" type="stmt"/>
        <line num="814" count="216" type="cond" truecount="1" falsecount="1"/>
        <line num="815" count="216" type="stmt"/>
        <line num="818" count="216" type="stmt"/>
        <line num="819" count="216" type="stmt"/>
        <line num="820" count="221" type="cond" truecount="1" falsecount="1"/>
        <line num="821" count="221" type="stmt"/>
        <line num="822" count="221" type="cond" truecount="2" falsecount="0"/>
        <line num="823" count="221" type="stmt"/>
        <line num="825" count="221" type="stmt"/>
        <line num="829" count="2" type="cond" truecount="1" falsecount="1"/>
        <line num="830" count="2" type="cond" truecount="1" falsecount="1"/>
        <line num="831" count="2" type="stmt"/>
        <line num="832" count="2" type="stmt"/>
        <line num="833" count="2" type="stmt"/>
        <line num="835" count="2" type="stmt"/>
        <line num="847" count="216" type="cond" truecount="1" falsecount="1"/>
        <line num="848" count="0" type="stmt"/>
        <line num="852" count="216" type="cond" truecount="11" falsecount="4"/>
        <line num="854" count="4" type="stmt"/>
        <line num="855" count="4" type="stmt"/>
        <line num="857" count="79" type="stmt"/>
        <line num="865" count="79" type="cond" truecount="2" falsecount="0"/>
        <line num="866" count="71" type="stmt"/>
        <line num="868" count="8" type="cond" truecount="1" falsecount="1"/>
        <line num="869" count="8" type="cond" truecount="2" falsecount="0"/>
        <line num="870" count="4" type="stmt"/>
        <line num="871" count="4" type="stmt"/>
        <line num="872" count="4" type="stmt"/>
        <line num="874" count="4" type="stmt"/>
        <line num="875" count="4" type="stmt"/>
        <line num="877" count="4" type="stmt"/>
        <line num="878" count="4" type="stmt"/>
        <line num="879" count="4" type="stmt"/>
        <line num="883" count="4" type="stmt"/>
        <line num="884" count="4" type="stmt"/>
        <line num="887" count="0" type="cond" truecount="0" falsecount="2"/>
        <line num="888" count="0" type="stmt"/>
        <line num="891" count="4" type="stmt"/>
        <line num="892" count="4" type="cond" truecount="1" falsecount="1"/>
        <line num="893" count="0" type="stmt"/>
        <line num="896" count="4" type="cond" truecount="1" falsecount="1"/>
        <line num="897" count="4" type="stmt"/>
        <line num="900" count="4" type="stmt"/>
        <line num="901" count="4" type="stmt"/>
        <line num="902" count="4" type="stmt"/>
        <line num="906" count="4" type="stmt"/>
        <line num="909" count="4" type="stmt"/>
        <line num="914" count="71" type="stmt"/>
        <line num="915" count="71" type="stmt"/>
        <line num="916" count="71" type="stmt"/>
        <line num="920" count="71" type="stmt"/>
        <line num="921" count="71" type="stmt"/>
        <line num="923" count="15" type="stmt"/>
        <line num="924" count="15" type="stmt"/>
        <line num="926" count="17" type="stmt"/>
        <line num="927" count="15" type="stmt"/>
        <line num="929" count="18" type="stmt"/>
        <line num="930" count="18" type="stmt"/>
        <line num="932" count="14" type="stmt"/>
        <line num="933" count="14" type="stmt"/>
        <line num="935" count="1" type="stmt"/>
        <line num="936" count="1" type="stmt"/>
        <line num="938" count="0" type="stmt"/>
        <line num="939" count="0" type="stmt"/>
        <line num="941" count="1" type="stmt"/>
        <line num="942" count="1" type="stmt"/>
        <line num="944" count="0" type="stmt"/>
        <line num="945" count="0" type="stmt"/>
        <line num="947" count="45" type="stmt"/>
        <line num="948" count="45" type="cond" truecount="2" falsecount="0"/>
        <line num="949" count="7" type="stmt"/>
        <line num="951" count="45" type="cond" truecount="1" falsecount="1"/>
        <line num="952" count="0" type="stmt"/>
        <line num="954" count="45" type="stmt"/>
        <line num="958" count="45" type="stmt"/>
        <line num="960" count="10" type="stmt"/>
        <line num="961" count="10" type="stmt"/>
        <line num="963" count="0" type="stmt"/>
        <line num="964" count="0" type="stmt"/>
        <line num="966" count="0" type="stmt"/>
        <line num="967" count="0" type="stmt"/>
        <line num="969" count="12" type="stmt"/>
        <line num="970" count="12" type="stmt"/>
        <line num="975" count="216" type="cond" truecount="1" falsecount="1"/>
        <line num="976" count="0" type="cond" truecount="0" falsecount="2"/>
        <line num="977" count="0" type="cond" truecount="0" falsecount="2"/>
        <line num="978" count="0" type="stmt"/>
        <line num="980" count="0" type="stmt"/>
        <line num="985" count="71" type="stmt"/>
        <line num="986" count="71" type="stmt"/>
        <line num="990" count="71" type="stmt"/>
        <line num="992" count="75" type="stmt"/>
        <line num="993" count="75" type="stmt"/>
        <line num="994" count="75" type="cond" truecount="1" falsecount="1"/>
        <line num="995" count="75" type="stmt"/>
        <line num="998" count="75" type="stmt"/>
        <line num="1004" count="75" type="stmt"/>
        <line num="1005" count="75" type="stmt"/>
        <line num="1008" count="71" type="stmt"/>
        <line num="1009" count="71" type="stmt"/>
        <line num="1013" count="0" type="stmt"/>
      </file>
    </package>
    <package name="lib.engine">
      <metrics statements="1280" coveredstatements="781" conditionals="687" coveredconditionals="341" methods="192" coveredmethods="105"/>
      <file name="aop.js" path="/Users/subbu/dev/ql.io/modules/engine/lib/engine/aop.js">
        <metrics statements="33" coveredstatements="26" conditionals="14" coveredconditionals="6" methods="6" coveredmethods="5"/>
        <line num="18" count="72" type="stmt"/>
        <line num="19" count="72" type="stmt"/>
        <line num="20" count="72" type="stmt"/>
        <line num="23" count="72" type="stmt"/>
        <line num="24" count="75" type="stmt"/>
        <line num="26" count="75" type="stmt"/>
        <line num="30" count="72" type="stmt"/>
        <line num="31" count="72" type="stmt"/>
        <line num="36" count="1" type="stmt"/>
        <line num="37" count="2" type="stmt"/>
        <line num="40" count="1" type="stmt"/>
        <line num="42" count="1" type="cond" truecount="1" falsecount="1"/>
        <line num="43" count="0" type="stmt"/>
        <line num="45" count="1" type="cond" truecount="1" falsecount="1"/>
        <line num="46" count="1" type="stmt"/>
        <line num="48" count="0" type="cond" truecount="0" falsecount="2"/>
        <line num="49" count="0" type="stmt"/>
        <line num="50" count="0" type="stmt"/>
        <line num="54" count="0" type="stmt"/>
        <line num="59" count="72" type="cond" truecount="1" falsecount="1"/>
        <line num="60" count="0" type="stmt"/>
        <line num="62" count="72" type="cond" truecount="1" falsecount="1"/>
        <line num="63" count="72" type="stmt"/>
        <line num="65" count="72" type="stmt"/>
        <line num="67" count="72" type="stmt"/>
        <line num="69" count="72" type="cond" truecount="1" falsecount="1"/>
        <line num="70" count="72" type="stmt"/>
        <line num="72" count="72" type="cond" truecount="1" falsecount="1"/>
        <line num="73" count="0" type="stmt"/>
        <line num="75" count="72" type="stmt"/>
        <line num="76" count="72" type="stmt"/>
        <line num="82" count="72" type="stmt"/>
        <line num="83" count="72" type="stmt"/>
      </file>
      <file name="brew.js" path="/Users/subbu/dev/ql.io/modules/engine/lib/engine/brew.js">
        <metrics statements="32" coveredstatements="25" conditionals="25" coveredconditionals="20" methods="5" coveredmethods="3"/>
        <line num="23" count="71" type="stmt"/>
        <line num="24" count="71" type="stmt"/>
        <line num="25" count="71" type="stmt"/>
        <line num="26" count="71" type="stmt"/>
        <line num="28" count="71" type="stmt"/>
        <line num="29" count="2260" type="stmt"/>
        <line num="30" count="2260" type="stmt"/>
        <line num="31" count="2260" type="stmt"/>
        <line num="32" count="2260" type="stmt"/>
        <line num="34" count="2260" type="stmt"/>
        <line num="35" count="2260" type="cond" truecount="2" falsecount="0"/>
        <line num="36" count="2260" type="stmt"/>
        <line num="39" count="2260" type="stmt"/>
        <line num="40" count="2260" type="cond" truecount="2" falsecount="0"/>
        <line num="41" count="2260" type="cond" truecount="2" falsecount="0"/>
        <line num="44" count="2260" type="cond" truecount="2" falsecount="0"/>
        <line num="45" count="2256" type="stmt"/>
        <line num="46" count="4296" type="stmt"/>
        <line num="48" count="4" type="cond" truecount="4" falsecount="1"/>
        <line num="50" count="0" type="stmt"/>
        <line num="51" count="0" type="cond" truecount="0" falsecount="2"/>
        <line num="52" count="0" type="stmt"/>
        <line num="56" count="4" type="stmt"/>
        <line num="60" count="0" type="stmt"/>
        <line num="61" count="0" type="cond" truecount="0" falsecount="2"/>
        <line num="62" count="0" type="stmt"/>
        <line num="70" count="4300" type="cond" truecount="4" falsecount="0"/>
        <line num="71" count="2668" type="stmt"/>
        <line num="72" count="2668" type="stmt"/>
        <line num="74" count="4300" type="cond" truecount="4" falsecount="0"/>
        <line num="75" count="3268" type="stmt"/>
        <line num="76" count="0" type="stmt"/>
      </file>
      <file name="config.js" path="/Users/subbu/dev/ql.io/modules/engine/lib/engine/config.js">
        <metrics statements="17" coveredstatements="11" conditionals="6" coveredconditionals="2" methods="1" coveredmethods="1"/>
        <line num="23" count="71" type="stmt"/>
        <line num="25" count="71" type="stmt"/>
        <line num="26" count="36" type="cond" truecount="1" falsecount="1"/>
        <line num="27" count="36" type="stmt"/>
        <line num="28" count="36" type="stmt"/>
        <line num="30" count="36" type="cond" truecount="1" falsecount="1"/>
        <line num="31" count="0" type="stmt"/>
        <line num="33" count="36" type="stmt"/>
        <line num="35" count="36" type="stmt"/>
        <line num="36" count="36" type="stmt"/>
        <line num="39" count="0" type="stmt"/>
        <line num="40" count="0" type="stmt"/>
        <line num="43" count="36" type="stmt"/>
        <line num="44" count="36" type="stmt"/>
        <line num="47" count="0" type="stmt"/>
        <line num="48" count="0" type="cond" truecount="0" falsecount="2"/>
        <line num="49" count="0" type="stmt"/>
      </file>
      <file name="create.js" path="/Users/subbu/dev/ql.io/modules/engine/lib/engine/create.js">
        <metrics statements="10" coveredstatements="9" conditionals="2" coveredconditionals="1" methods="2" coveredmethods="2"/>
        <line num="23" count="71" type="stmt"/>
        <line num="24" count="71" type="stmt"/>
        <line num="25" count="71" type="stmt"/>
        <line num="27" count="71" type="stmt"/>
        <line num="29" count="4" type="stmt"/>
        <line num="37" count="4" type="cond" truecount="1" falsecount="1"/>
        <line num="38" count="0" type="stmt"/>
        <line num="41" count="4" type="stmt"/>
        <line num="42" count="4" type="stmt"/>
        <line num="43" count="4" type="stmt"/>
      </file>
      <file name="delet.js" path="/Users/subbu/dev/ql.io/modules/engine/lib/engine/delet.js">
        <metrics statements="49" coveredstatements="41" conditionals="26" coveredconditionals="19" methods="5" coveredmethods="4"/>
        <line num="19" count="71" type="stmt"/>
        <line num="20" count="71" type="stmt"/>
        <line num="21" count="71" type="stmt"/>
        <line num="22" count="71" type="stmt"/>
        <line num="24" count="71" type="stmt"/>
        <line num="26" count="18" type="stmt"/>
        <line num="27" count="18" type="stmt"/>
        <line num="28" count="18" type="stmt"/>
        <line num="29" count="18" type="stmt"/>
        <line num="31" count="18" type="stmt"/>
        <line num="40" count="18" type="stmt"/>
        <line num="41" count="18" type="stmt"/>
        <line num="42" count="18" type="stmt"/>
        <line num="49" count="18" type="stmt"/>
        <line num="56" count="18" type="stmt"/>
        <line num="60" count="18" type="stmt"/>
        <line num="61" count="18" type="stmt"/>
        <line num="62" count="18" type="stmt"/>
        <line num="63" count="18" type="stmt"/>
        <line num="64" count="18" type="cond" truecount="1" falsecount="1"/>
        <line num="65" count="18" type="stmt"/>
        <line num="70" count="18" type="stmt"/>
        <line num="74" count="18" type="cond" truecount="4" falsecount="0"/>
        <line num="75" count="16" type="stmt"/>
        <line num="77" count="18" type="stmt"/>
        <line num="78" count="18" type="cond" truecount="2" falsecount="0"/>
        <line num="79" count="16" type="stmt"/>
        <line num="87" count="16" type="cond" truecount="2" falsecount="0"/>
        <line num="88" count="12" type="stmt"/>
        <line num="90" count="4" type="cond" truecount="1" falsecount="1"/>
        <line num="91" count="4" type="stmt"/>
        <line num="92" count="3" type="cond" truecount="4" falsecount="0"/>
        <line num="93" count="1" type="stmt"/>
        <line num="98" count="16" type="cond" truecount="2" falsecount="0"/>
        <line num="99" count="4" type="stmt"/>
        <line num="100" count="4" type="stmt"/>
        <line num="102" count="16" type="stmt"/>
        <line num="111" count="2" type="cond" truecount="2" falsecount="0"/>
        <line num="112" count="2" type="stmt"/>
        <line num="121" count="2" type="cond" truecount="1" falsecount="1"/>
        <line num="122" count="2" type="stmt"/>
        <line num="124" count="0" type="stmt"/>
        <line num="125" count="0" type="cond" truecount="0" falsecount="2"/>
        <line num="126" count="0" type="stmt"/>
        <line num="129" count="0" type="stmt"/>
        <line num="144" count="0" type="cond" truecount="0" falsecount="2"/>
        <line num="145" count="0" type="stmt"/>
        <line num="146" count="0" type="stmt"/>
        <line num="148" count="0" type="stmt"/>
      </file>
      <file name="describe-route.js" path="/Users/subbu/dev/ql.io/modules/engine/lib/engine/describe-route.js">
        <metrics statements="19" coveredstatements="4" conditionals="8" coveredconditionals="0" methods="4" coveredmethods="0"/>
        <line num="19" count="71" type="stmt"/>
        <line num="20" count="71" type="stmt"/>
        <line num="28" count="71" type="stmt"/>
        <line num="30" count="71" type="stmt"/>
        <line num="31" count="0" type="stmt"/>
        <line num="33" count="0" type="stmt"/>
        <line num="34" count="0" type="stmt"/>
        <line num="35" count="0" type="stmt"/>
        <line num="38" count="0" type="cond" truecount="0" falsecount="2"/>
        <line num="39" count="0" type="stmt"/>
        <line num="42" count="0" type="cond" truecount="0" falsecount="2"/>
        <line num="44" count="0" type="stmt"/>
        <line num="45" count="0" type="cond" truecount="0" falsecount="2"/>
        <line num="48" count="0" type="stmt"/>
        <line num="50" count="0" type="cond" truecount="0" falsecount="2"/>
        <line num="51" count="0" type="stmt"/>
        <line num="54" count="0" type="stmt"/>
        <line num="65" count="0" type="stmt"/>
        <line num="68" count="0" type="stmt"/>
      </file>
      <file name="describe.js" path="/Users/subbu/dev/ql.io/modules/engine/lib/engine/describe.js">
        <metrics statements="25" coveredstatements="22" conditionals="14" coveredconditionals="9" methods="2" coveredmethods="2"/>
        <line num="19" count="71" type="stmt"/>
        <line num="20" count="71" type="stmt"/>
        <line num="28" count="71" type="stmt"/>
        <line num="29" count="71" type="stmt"/>
        <line num="31" count="1" type="stmt"/>
        <line num="32" count="1" type="stmt"/>
        <line num="33" count="1" type="stmt"/>
        <line num="35" count="1" type="cond" truecount="1" falsecount="1"/>
        <line num="38" count="1" type="stmt"/>
        <line num="39" count="1" type="stmt"/>
        <line num="40" count="1" type="cond" truecount="1" falsecount="1"/>
        <line num="41" count="0" type="stmt"/>
        <line num="50" count="1" type="cond" truecount="1" falsecount="1"/>
        <line num="51" count="1" type="cond" truecount="1" falsecount="1"/>
        <line num="52" count="1" type="stmt"/>
        <line num="58" count="1" type="stmt"/>
        <line num="59" count="4" type="stmt"/>
        <line num="60" count="4" type="cond" truecount="2" falsecount="0"/>
        <line num="61" count="1" type="stmt"/>
        <line num="62" count="1" type="stmt"/>
        <line num="68" count="1" type="cond" truecount="1" falsecount="1"/>
        <line num="69" count="0" type="stmt"/>
        <line num="77" count="1" type="stmt"/>
        <line num="78" count="1" type="stmt"/>
        <line num="84" count="0" type="stmt"/>
      </file>
      <file name="event-types.js" path="/Users/subbu/dev/ql.io/modules/engine/lib/engine/event-types.js">
        <metrics statements="21" coveredstatements="21" conditionals="0" coveredconditionals="0" methods="0" coveredmethods="0"/>
        <line num="22" count="71" type="stmt"/>
        <line num="27" count="71" type="stmt"/>
        <line num="33" count="71" type="stmt"/>
        <line num="38" count="71" type="stmt"/>
        <line num="43" count="71" type="stmt"/>
        <line num="48" count="71" type="stmt"/>
        <line num="53" count="71" type="stmt"/>
        <line num="58" count="71" type="stmt"/>
        <line num="63" count="71" type="stmt"/>
        <line num="68" count="71" type="stmt"/>
        <line num="75" count="71" type="stmt"/>
        <line num="80" count="71" type="stmt"/>
        <line num="85" count="71" type="stmt"/>
        <line num="90" count="71" type="stmt"/>
        <line num="95" count="71" type="stmt"/>
        <line num="100" count="71" type="stmt"/>
        <line num="105" count="71" type="stmt"/>
        <line num="110" count="71" type="stmt"/>
        <line num="112" count="71" type="stmt"/>
        <line num="114" count="71" type="stmt"/>
        <line num="116" count="71" type="stmt"/>
      </file>
      <file name="filter.js" path="/Users/subbu/dev/ql.io/modules/engine/lib/engine/filter.js">
        <metrics statements="72" coveredstatements="55" conditionals="52" coveredconditionals="33" methods="5" coveredmethods="5"/>
        <line num="19" count="71" type="stmt"/>
        <line num="20" count="71" type="stmt"/>
        <line num="21" count="71" type="stmt"/>
        <line num="22" count="71" type="stmt"/>
        <line num="24" count="71" type="stmt"/>
        <line num="25" count="12" type="stmt"/>
        <line num="28" count="71" type="stmt"/>
        <line num="29" count="3" type="cond" truecount="4" falsecount="0"/>
        <line num="31" count="2" type="stmt"/>
        <line num="34" count="1" type="stmt"/>
        <line num="40" count="13" type="stmt"/>
        <line num="44" count="13" type="stmt"/>
        <line num="45" count="13" type="stmt"/>
        <line num="46" count="13" type="cond" truecount="2" falsecount="0"/>
        <line num="47" count="1" type="stmt"/>
        <line num="48" count="2" type="stmt"/>
        <line num="51" count="12" type="cond" truecount="1" falsecount="1"/>
        <line num="52" count="12" type="stmt"/>
        <line num="54" count="0" type="cond" truecount="0" falsecount="2"/>
        <line num="55" count="0" type="stmt"/>
        <line num="57" count="13" type="stmt"/>
        <line num="61" count="13" type="stmt"/>
        <line num="65" count="13" type="cond" truecount="4" falsecount="0"/>
        <line num="68" count="12" type="cond" truecount="1" falsecount="1"/>
        <line num="70" count="12" type="stmt"/>
        <line num="71" count="12" type="stmt"/>
        <line num="72" count="129" type="stmt"/>
        <line num="75" count="12" type="stmt"/>
        <line num="76" count="13" type="stmt"/>
        <line num="77" count="13" type="cond" truecount="3" falsecount="1"/>
        <line num="79" count="0" type="stmt"/>
        <line num="81" count="13" type="stmt"/>
        <line num="82" count="13" type="stmt"/>
        <line num="83" count="13" type="cond" truecount="1" falsecount="1"/>
        <line num="84" count="0" type="stmt"/>
        <line num="87" count="13" type="stmt"/>
        <line num="88" count="13" type="stmt"/>
        <line num="89" count="131" type="stmt"/>
        <line num="90" count="131" type="stmt"/>
        <line num="91" count="131" type="stmt"/>
        <line num="93" count="131" type="stmt"/>
        <line num="94" count="134" type="cond" truecount="4" falsecount="0"/>
        <line num="95" count="132" type="cond" truecount="1" falsecount="1"/>
        <line num="96" count="132" type="stmt"/>
        <line num="97" count="132" type="cond" truecount="1" falsecount="1"/>
        <line num="98" count="0" type="stmt"/>
        <line num="99" count="0" type="cond" truecount="0" falsecount="2"/>
        <line num="100" count="0" type="stmt"/>
        <line num="101" count="0" type="stmt"/>
        <line num="106" count="132" type="cond" truecount="2" falsecount="0"/>
        <line num="107" count="15" type="stmt"/>
        <line num="108" count="15" type="stmt"/>
        <line num="114" count="0" type="cond" truecount="0" falsecount="2"/>
        <line num="115" count="0" type="stmt"/>
        <line num="116" count="0" type="cond" truecount="0" falsecount="2"/>
        <line num="117" count="0" type="stmt"/>
        <line num="118" count="0" type="stmt"/>
        <line num="123" count="0" type="cond" truecount="0" falsecount="2"/>
        <line num="124" count="0" type="stmt"/>
        <line num="125" count="0" type="stmt"/>
        <line num="131" count="131" type="cond" truecount="2" falsecount="0"/>
        <line num="132" count="15" type="stmt"/>
        <line num="135" count="13" type="stmt"/>
        <line num="137" count="12" type="stmt"/>
        <line num="138" count="12" type="stmt"/>
        <line num="139" count="129" type="cond" truecount="2" falsecount="2"/>
        <line num="140" count="0" type="stmt"/>
        <line num="142" count="129" type="cond" truecount="4" falsecount="0"/>
        <line num="143" count="116" type="stmt"/>
        <line num="146" count="12" type="stmt"/>
        <line num="150" count="1" type="cond" truecount="1" falsecount="1"/>
        <line num="152" count="13" type="stmt"/>
      </file>
      <file name="ifelse.js" path="/Users/subbu/dev/ql.io/modules/engine/lib/engine/ifelse.js">
        <metrics statements="16" coveredstatements="16" conditionals="2" coveredconditionals="2" methods="1" coveredmethods="1"/>
        <line num="19" count="71" type="stmt"/>
        <line num="20" count="71" type="stmt"/>
        <line num="21" count="71" type="stmt"/>
        <line num="23" count="71" type="stmt"/>
        <line num="24" count="10" type="stmt"/>
        <line num="25" count="10" type="stmt"/>
        <line num="26" count="10" type="stmt"/>
        <line num="28" count="10" type="stmt"/>
        <line num="29" count="10" type="stmt"/>
        <line num="36" count="10" type="stmt"/>
        <line num="38" count="10" type="cond" truecount="2" falsecount="0"/>
        <line num="39" count="6" type="stmt"/>
        <line num="40" count="6" type="stmt"/>
        <line num="43" count="4" type="stmt"/>
        <line num="44" count="4" type="stmt"/>
        <line num="47" count="10" type="stmt"/>
      </file>
      <file name="insert.js" path="/Users/subbu/dev/ql.io/modules/engine/lib/engine/insert.js">
        <metrics statements="49" coveredstatements="32" conditionals="22" coveredconditionals="11" methods="6" coveredmethods="4"/>
        <line num="19" count="71" type="stmt"/>
        <line num="20" count="71" type="stmt"/>
        <line num="21" count="71" type="stmt"/>
        <line num="23" count="71" type="stmt"/>
        <line num="25" count="18" type="cond" truecount="4" falsecount="0"/>
        <line num="26" count="16" type="stmt"/>
        <line num="28" count="2" type="stmt"/>
        <line num="30" count="17" type="stmt"/>
        <line num="31" count="17" type="stmt"/>
        <line num="32" count="17" type="stmt"/>
        <line num="34" count="17" type="stmt"/>
        <line num="35" count="17" type="stmt"/>
        <line num="41" count="17" type="stmt"/>
        <line num="45" count="17" type="stmt"/>
        <line num="46" count="17" type="stmt"/>
        <line num="54" count="17" type="stmt"/>
        <line num="55" count="17" type="stmt"/>
        <line num="57" count="17" type="cond" truecount="2" falsecount="0"/>
        <line num="58" count="15" type="stmt"/>
        <line num="59" count="15" type="stmt"/>
        <line num="60" count="20" type="stmt"/>
        <line num="62" count="14" type="cond" truecount="2" falsecount="0"/>
        <line num="63" count="1" type="stmt"/>
        <line num="64" count="1" type="stmt"/>
        <line num="67" count="14" type="stmt"/>
        <line num="68" count="21" type="stmt"/>
        <line num="70" count="13" type="stmt"/>
        <line num="71" count="13" type="stmt"/>
        <line num="72" count="13" type="stmt"/>
        <line num="76" count="2" type="cond" truecount="2" falsecount="0"/>
        <line num="77" count="2" type="cond" truecount="1" falsecount="1"/>
        <line num="78" count="2" type="stmt"/>
        <line num="80" count="0" type="stmt"/>
        <line num="81" count="0" type="cond" truecount="0" falsecount="2"/>
        <line num="82" count="0" type="stmt"/>
        <line num="84" count="0" type="cond" truecount="0" falsecount="2"/>
        <line num="85" count="0" type="stmt"/>
        <line num="86" count="0" type="stmt"/>
        <line num="89" count="0" type="cond" truecount="0" falsecount="2"/>
        <line num="90" count="0" type="stmt"/>
        <line num="91" count="0" type="stmt"/>
        <line num="96" count="0" type="cond" truecount="0" falsecount="2"/>
        <line num="98" count="0" type="stmt"/>
        <line num="102" count="0" type="stmt"/>
        <line num="106" count="0" type="stmt"/>
        <line num="122" count="0" type="cond" truecount="0" falsecount="2"/>
        <line num="123" count="0" type="stmt"/>
        <line num="124" count="0" type="stmt"/>
        <line num="126" count="0" type="stmt"/>
      </file>
      <file name="jsonfill.js" path="/Users/subbu/dev/ql.io/modules/engine/lib/engine/jsonfill.js">
        <metrics statements="89" coveredstatements="72" conditionals="68" coveredconditionals="50" methods="11" coveredmethods="11"/>
        <line num="19" count="72" type="stmt"/>
        <line num="20" count="72" type="stmt"/>
        <line num="21" count="72" type="stmt"/>
        <line num="22" count="72" type="stmt"/>
        <line num="24" count="72" type="stmt"/>
        <line num="25" count="72" type="stmt"/>
        <line num="26" count="72" type="stmt"/>
        <line num="27" count="72" type="stmt"/>
        <line num="30" count="462" type="cond" truecount="2" falsecount="0"/>
        <line num="31" count="462" type="cond" truecount="4" falsecount="0"/>
        <line num="32" count="182" type="stmt"/>
        <line num="33" count="437" type="cond" truecount="2" falsecount="0"/>
        <line num="34" count="63" type="stmt"/>
        <line num="36" count="374" type="cond" truecount="2" falsecount="0"/>
        <line num="37" count="1" type="stmt"/>
        <line num="38" count="1" type="stmt"/>
        <line num="39" count="2" type="cond" truecount="1" falsecount="1"/>
        <line num="40" count="2" type="stmt"/>
        <line num="43" count="0" type="stmt"/>
        <line num="46" count="1" type="stmt"/>
        <line num="49" count="373" type="stmt"/>
        <line num="54" count="280" type="stmt"/>
        <line num="56" count="462" type="stmt"/>
        <line num="60" count="397" type="stmt"/>
        <line num="61" count="397" type="cond" truecount="6" falsecount="0"/>
        <line num="63" count="11" type="stmt"/>
        <line num="64" count="11" type="stmt"/>
        <line num="66" count="11" type="cond" truecount="5" falsecount="0"/>
        <line num="67" count="6" type="stmt"/>
        <line num="68" count="6" type="stmt"/>
        <line num="69" count="6" type="stmt"/>
        <line num="70" count="6" type="cond" truecount="2" falsecount="0"/>
        <line num="71" count="1" type="stmt"/>
        <line num="72" count="1" type="stmt"/>
        <line num="75" count="5" type="stmt"/>
        <line num="78" count="6" type="stmt"/>
        <line num="79" count="6" type="cond" truecount="1" falsecount="1"/>
        <line num="81" count="6" type="cond" truecount="5" falsecount="1"/>
        <line num="82" count="0" type="stmt"/>
        <line num="83" count="0" type="stmt"/>
        <line num="84" count="0" type="stmt"/>
        <line num="85" count="0" type="stmt"/>
        <line num="88" count="6" type="cond" truecount="2" falsecount="0"/>
        <line num="89" count="5" type="stmt"/>
        <line num="90" count="5" type="stmt"/>
        <line num="91" count="0" type="stmt"/>
        <line num="95" count="1" type="stmt"/>
        <line num="99" count="0" type="stmt"/>
        <line num="103" count="5" type="stmt"/>
        <line num="106" count="386" type="cond" truecount="1" falsecount="1"/>
        <line num="107" count="0" type="stmt"/>
        <line num="109" count="397" type="stmt"/>
        <line num="113" count="1" type="cond" truecount="1" falsecount="1"/>
        <line num="114" count="1" type="stmt"/>
        <line num="115" count="1" type="stmt"/>
        <line num="116" count="2" type="stmt"/>
        <line num="118" count="1" type="stmt"/>
        <line num="121" count="0" type="stmt"/>
        <line num="125" count="2" type="stmt"/>
        <line num="127" count="2" type="cond" truecount="1" falsecount="1"/>
        <line num="131" count="3" type="stmt"/>
        <line num="132" count="3" type="cond" truecount="1" falsecount="1"/>
        <line num="133" count="0" type="cond" truecount="0" falsecount="2"/>
        <line num="134" count="0" type="stmt"/>
        <line num="135" count="0" type="stmt"/>
        <line num="136" count="0" type="stmt"/>
        <line num="137" count="0" type="cond" truecount="0" falsecount="4"/>
        <line num="138" count="0" type="stmt"/>
        <line num="143" count="3" type="stmt"/>
        <line num="144" count="3" type="stmt"/>
        <line num="146" count="3" type="stmt"/>
        <line num="153" count="3" type="cond" truecount="2" falsecount="0"/>
        <line num="154" count="3" type="stmt"/>
        <line num="156" count="9" type="stmt"/>
        <line num="157" count="9" type="stmt"/>
        <line num="158" count="9" type="stmt"/>
        <line num="159" count="9" type="cond" truecount="1" falsecount="1"/>
        <line num="160" count="9" type="cond" truecount="4" falsecount="1"/>
        <line num="161" count="9" type="stmt"/>
        <line num="163" count="9" type="cond" truecount="2" falsecount="0"/>
        <line num="164" count="4" type="stmt"/>
        <line num="167" count="5" type="stmt"/>
        <line num="170" count="3" type="cond" truecount="2" falsecount="0"/>
        <line num="171" count="1" type="stmt"/>
        <line num="174" count="2" type="stmt"/>
        <line num="180" count="28" type="cond" truecount="3" falsecount="3"/>
        <line num="181" count="0" type="stmt"/>
        <line num="182" count="0" type="stmt"/>
        <line num="184" count="28" type="stmt"/>
      </file>
      <file name="load-connector.js" path="/Users/subbu/dev/ql.io/modules/engine/lib/engine/load-connector.js">
        <metrics statements="27" coveredstatements="7" conditionals="10" coveredconditionals="1" methods="4" coveredmethods="1"/>
        <line num="16" count="71" type="stmt"/>
        <line num="17" count="71" type="stmt"/>
        <line num="18" count="71" type="stmt"/>
        <line num="19" count="218" type="stmt"/>
        <line num="20" count="218" type="stmt"/>
        <line num="22" count="218" type="cond" truecount="1" falsecount="1"/>
        <line num="23" count="218" type="stmt"/>
        <line num="25" count="0" type="stmt"/>
        <line num="27" count="0" type="stmt"/>
        <line num="28" count="0" type="stmt"/>
        <line num="29" count="0" type="stmt"/>
        <line num="34" count="0" type="stmt"/>
        <line num="35" count="0" type="stmt"/>
        <line num="38" count="0" type="cond" truecount="0" falsecount="2"/>
        <line num="39" count="0" type="stmt"/>
        <line num="40" count="0" type="stmt"/>
        <line num="43" count="0" type="stmt"/>
        <line num="44" count="0" type="stmt"/>
        <line num="47" count="0" type="stmt"/>
        <line num="48" count="0" type="stmt"/>
        <line num="54" count="0" type="cond" truecount="0" falsecount="4"/>
        <line num="55" count="0" type="stmt"/>
        <line num="62" count="0" type="stmt"/>
        <line num="63" count="0" type="stmt"/>
        <line num="64" count="0" type="stmt"/>
        <line num="65" count="0" type="cond" truecount="0" falsecount="2"/>
        <line num="66" count="0" type="stmt"/>
      </file>
      <file name="load-routes.js" path="/Users/subbu/dev/ql.io/modules/engine/lib/engine/load-routes.js">
        <metrics statements="82" coveredstatements="12" conditionals="45" coveredconditionals="1" methods="12" coveredmethods="1"/>
        <line num="19" count="71" type="stmt"/>
        <line num="20" count="71" type="stmt"/>
        <line num="21" count="71" type="stmt"/>
        <line num="22" count="71" type="stmt"/>
        <line num="23" count="71" type="stmt"/>
        <line num="24" count="71" type="stmt"/>
        <line num="27" count="71" type="stmt"/>
        <line num="28" count="218" type="stmt"/>
        <line num="29" count="218" type="stmt"/>
        <line num="30" count="218" type="stmt"/>
        <line num="32" count="218" type="cond" truecount="1" falsecount="1"/>
        <line num="33" count="218" type="stmt"/>
        <line num="36" count="0" type="stmt"/>
        <line num="40" count="0" type="stmt"/>
        <line num="41" count="0" type="stmt"/>
        <line num="42" count="0" type="stmt"/>
        <line num="47" count="0" type="stmt"/>
        <line num="50" count="0" type="cond" truecount="0" falsecount="2"/>
        <line num="51" count="0" type="stmt"/>
        <line num="52" count="0" type="stmt"/>
        <line num="55" count="0" type="stmt"/>
        <line num="56" count="0" type="stmt"/>
        <line num="59" count="0" type="stmt"/>
        <line num="60" count="0" type="stmt"/>
        <line num="61" count="0" type="cond" truecount="0" falsecount="2"/>
        <line num="62" count="0" type="stmt"/>
        <line num="66" count="0" type="cond" truecount="0" falsecount="4"/>
        <line num="67" count="0" type="stmt"/>
        <line num="68" count="0" type="stmt"/>
        <line num="69" count="0" type="stmt"/>
        <line num="70" count="0" type="stmt"/>
        <line num="71" count="0" type="stmt"/>
        <line num="74" count="0" type="stmt"/>
        <line num="82" count="0" type="stmt"/>
        <line num="83" count="0" type="stmt"/>
        <line num="84" count="0" type="stmt"/>
        <line num="85" count="0" type="stmt"/>
        <line num="86" count="0" type="stmt"/>
        <line num="89" count="0" type="stmt"/>
        <line num="90" count="0" type="cond" truecount="0" falsecount="2"/>
        <line num="91" count="0" type="stmt"/>
        <line num="93" count="0" type="cond" truecount="0" falsecount="9"/>
        <line num="100" count="0" type="stmt"/>
        <line num="101" count="0" type="stmt"/>
        <line num="102" count="0" type="cond" truecount="0" falsecount="2"/>
        <line num="103" count="0" type="stmt"/>
        <line num="105" count="0" type="stmt"/>
        <line num="107" count="0" type="stmt"/>
        <line num="111" count="0" type="cond" truecount="0" falsecount="2"/>
        <line num="112" count="0" type="cond" truecount="0" falsecount="2"/>
        <line num="115" count="0" type="cond" truecount="0" falsecount="2"/>
        <line num="117" count="0" type="cond" truecount="0" falsecount="2"/>
        <line num="120" count="0" type="cond" truecount="0" falsecount="2"/>
        <line num="121" count="0" type="stmt"/>
        <line num="123" count="0" type="stmt"/>
        <line num="130" count="0" type="stmt"/>
        <line num="131" count="0" type="stmt"/>
        <line num="132" count="0" type="stmt"/>
        <line num="133" count="0" type="stmt"/>
        <line num="134" count="0" type="cond" truecount="0" falsecount="2"/>
        <line num="135" count="0" type="cond" truecount="0" falsecount="2"/>
        <line num="136" count="0" type="stmt"/>
        <line num="142" count="0" type="stmt"/>
        <line num="147" count="0" type="stmt"/>
        <line num="154" count="0" type="stmt"/>
        <line num="155" count="0" type="stmt"/>
        <line num="156" count="0" type="stmt"/>
        <line num="158" count="0" type="stmt"/>
        <line num="162" count="0" type="stmt"/>
        <line num="163" count="0" type="stmt"/>
        <line num="164" count="0" type="stmt"/>
        <line num="165" count="0" type="stmt"/>
        <line num="167" count="0" type="stmt"/>
        <line num="172" count="0" type="cond" truecount="0" falsecount="4"/>
        <line num="174" count="0" type="stmt"/>
        <line num="175" count="0" type="stmt"/>
        <line num="178" count="0" type="stmt"/>
        <line num="179" count="0" type="stmt"/>
        <line num="182" count="0" type="stmt"/>
        <line num="185" count="0" type="stmt"/>
        <line num="186" count="0" type="cond" truecount="0" falsecount="2"/>
        <line num="188" count="0" type="stmt"/>
      </file>
      <file name="load.js" path="/Users/subbu/dev/ql.io/modules/engine/lib/engine/load.js">
        <metrics statements="34" coveredstatements="30" conditionals="14" coveredconditionals="9" methods="4" coveredmethods="4"/>
        <line num="19" count="71" type="stmt"/>
        <line num="20" count="71" type="stmt"/>
        <line num="21" count="71" type="stmt"/>
        <line num="24" count="71" type="stmt"/>
        <line num="25" count="218" type="stmt"/>
        <line num="26" count="218" type="stmt"/>
        <line num="27" count="218" type="stmt"/>
        <line num="28" count="218" type="stmt"/>
        <line num="30" count="218" type="cond" truecount="2" falsecount="0"/>
        <line num="31" count="8" type="stmt"/>
        <line num="33" count="210" type="stmt"/>
        <line num="35" count="210" type="stmt"/>
        <line num="36" count="210" type="stmt"/>
        <line num="37" count="210" type="stmt"/>
        <line num="42" count="210" type="stmt"/>
        <line num="43" count="210" type="stmt"/>
        <line num="44" count="210" type="stmt"/>
        <line num="47" count="210" type="cond" truecount="1" falsecount="1"/>
        <line num="48" count="210" type="stmt"/>
        <line num="49" count="210" type="stmt"/>
        <line num="52" count="0" type="stmt"/>
        <line num="53" count="0" type="stmt"/>
        <line num="56" count="210" type="stmt"/>
        <line num="57" count="3700" type="stmt"/>
        <line num="58" count="3700" type="cond" truecount="1" falsecount="1"/>
        <line num="59" count="0" type="stmt"/>
        <line num="63" count="3700" type="cond" truecount="4" falsecount="0"/>
        <line num="65" count="2256" type="stmt"/>
        <line num="67" count="2256" type="stmt"/>
        <line num="70" count="2256" type="stmt"/>
        <line num="78" count="2664" type="cond" truecount="1" falsecount="1"/>
        <line num="79" count="0" type="stmt"/>
        <line num="82" count="2664" type="stmt"/>
        <line num="83" count="2664" type="stmt"/>
      </file>
      <file name="log-emitter.js" path="/Users/subbu/dev/ql.io/modules/engine/lib/engine/log-emitter.js">
        <metrics statements="97" coveredstatements="81" conditionals="60" coveredconditionals="47" methods="13" coveredmethods="10"/>
        <line num="19" count="71" type="stmt"/>
        <line num="20" count="71" type="stmt"/>
        <line num="21" count="71" type="stmt"/>
        <line num="22" count="71" type="stmt"/>
        <line num="23" count="71" type="stmt"/>
        <line num="30" count="71" type="stmt"/>
        <line num="31" count="71" type="stmt"/>
        <line num="32" count="218" type="stmt"/>
        <line num="35" count="225" type="stmt"/>
        <line num="55" count="218" type="stmt"/>
        <line num="56" count="418" type="stmt"/>
        <line num="57" count="418" type="stmt"/>
        <line num="58" count="418" type="stmt"/>
        <line num="59" count="418" type="stmt"/>
        <line num="60" count="418" type="stmt"/>
        <line num="62" count="418" type="stmt"/>
        <line num="73" count="418" type="stmt"/>
        <line num="74" count="418" type="stmt"/>
        <line num="75" count="418" type="stmt"/>
        <line num="78" count="139" type="stmt"/>
        <line num="79" count="139" type="cond" truecount="2" falsecount="0"/>
        <line num="80" count="14" type="cond" truecount="4" falsecount="0"/>
        <line num="81" count="1" type="stmt"/>
        <line num="82" count="1" type="stmt"/>
        <line num="83" count="1" type="stmt"/>
        <line num="84" count="13" type="cond" truecount="2" falsecount="0"/>
        <line num="85" count="12" type="stmt"/>
        <line num="86" count="12" type="stmt"/>
        <line num="88" count="14" type="stmt"/>
        <line num="90" count="139" type="cond" truecount="2" falsecount="0"/>
        <line num="91" count="139" type="stmt"/>
        <line num="94" count="0" type="stmt"/>
        <line num="97" count="202" type="stmt"/>
        <line num="98" count="202" type="stmt"/>
        <line num="99" count="202" type="cond" truecount="2" falsecount="0"/>
        <line num="100" count="16" type="cond" truecount="4" falsecount="0"/>
        <line num="101" count="3" type="stmt"/>
        <line num="102" count="3" type="stmt"/>
        <line num="103" count="3" type="stmt"/>
        <line num="104" count="13" type="cond" truecount="2" falsecount="0"/>
        <line num="105" count="12" type="stmt"/>
        <line num="106" count="12" type="stmt"/>
        <line num="108" count="16" type="stmt"/>
        <line num="110" count="202" type="cond" truecount="2" falsecount="0"/>
        <line num="111" count="202" type="stmt"/>
        <line num="119" count="218" type="stmt"/>
        <line num="120" count="341" type="cond" truecount="1" falsecount="1"/>
        <line num="121" count="0" type="stmt"/>
        <line num="124" count="341" type="cond" truecount="1" falsecount="1"/>
        <line num="126" count="341" type="stmt"/>
        <line num="127" count="341" type="stmt"/>
        <line num="130" count="0" type="stmt"/>
        <line num="133" count="341" type="stmt"/>
        <line num="135" count="341" type="stmt"/>
        <line num="141" count="218" type="stmt"/>
        <line num="143" count="268" type="cond" truecount="2" falsecount="0"/>
        <line num="144" count="265" type="stmt"/>
        <line num="147" count="265" type="stmt"/>
        <line num="149" count="3" type="cond" truecount="1" falsecount="1"/>
        <line num="150" count="3" type="stmt"/>
        <line num="151" count="3" type="stmt"/>
        <line num="153" count="268" type="stmt"/>
        <line num="159" count="218" type="stmt"/>
        <line num="160" count="4" type="stmt"/>
        <line num="161" count="4" type="cond" truecount="1" falsecount="1"/>
        <line num="162" count="0" type="stmt"/>
        <line num="163" count="0" type="stmt"/>
        <line num="165" count="4" type="cond" truecount="1" falsecount="1"/>
        <line num="166" count="4" type="stmt"/>
        <line num="168" count="4" type="stmt"/>
        <line num="169" count="4" type="stmt"/>
        <line num="175" count="218" type="stmt"/>
        <line num="176" count="16" type="stmt"/>
        <line num="177" count="16" type="cond" truecount="1" falsecount="1"/>
        <line num="178" count="16" type="stmt"/>
        <line num="179" count="16" type="stmt"/>
        <line num="180" count="16" type="cond" truecount="2" falsecount="0"/>
        <line num="181" count="3" type="stmt"/>
        <line num="182" count="3" type="stmt"/>
        <line num="185" count="0" type="cond" truecount="0" falsecount="2"/>
        <line num="186" count="0" type="stmt"/>
        <line num="187" count="0" type="cond" truecount="0" falsecount="2"/>
        <line num="188" count="0" type="stmt"/>
        <line num="189" count="0" type="stmt"/>
        <line num="192" count="16" type="stmt"/>
        <line num="193" count="16" type="stmt"/>
        <line num="199" count="218" type="stmt"/>
        <line num="200" count="0" type="stmt"/>
        <line num="201" count="0" type="cond" truecount="0" falsecount="2"/>
        <line num="202" count="0" type="stmt"/>
        <line num="204" count="0" type="stmt"/>
        <line num="209" count="0" type="stmt"/>
        <line num="212" count="218" type="stmt"/>
        <line num="214" count="418" type="cond" truecount="1" falsecount="1"/>
        <line num="215" count="0" type="stmt"/>
        <line num="217" count="418" type="stmt"/>
        <line num="221" count="71" type="stmt"/>
      </file>
      <file name="logic.js" path="/Users/subbu/dev/ql.io/modules/engine/lib/engine/logic.js">
        <metrics statements="22" coveredstatements="20" conditionals="5" coveredconditionals="4" methods="4" coveredmethods="3"/>
        <line num="16" count="71" type="stmt"/>
        <line num="17" count="71" type="stmt"/>
        <line num="18" count="71" type="stmt"/>
        <line num="19" count="12" type="stmt"/>
        <line num="20" count="12" type="stmt"/>
        <line num="27" count="12" type="stmt"/>
        <line num="30" count="71" type="stmt"/>
        <line num="31" count="10" type="stmt"/>
        <line num="32" count="10" type="stmt"/>
        <line num="33" count="12" type="cond" truecount="2" falsecount="0"/>
        <line num="34" count="6" type="stmt"/>
        <line num="36" count="6" type="stmt"/>
        <line num="38" count="4" type="stmt"/>
        <line num="42" count="17" type="stmt"/>
        <line num="43" count="17" type="stmt"/>
        <line num="44" count="17" type="stmt"/>
        <line num="45" count="17" type="stmt"/>
        <line num="46" count="17" type="cond" truecount="2" falsecount="1"/>
        <line num="48" count="0" type="stmt"/>
        <line num="49" count="0" type="stmt"/>
        <line num="52" count="5" type="stmt"/>
        <line num="54" count="12" type="stmt"/>
      </file>
      <file name="project.js" path="/Users/subbu/dev/ql.io/modules/engine/lib/engine/project.js">
        <metrics statements="32" coveredstatements="19" conditionals="25" coveredconditionals="14" methods="3" coveredmethods="2"/>
        <line num="19" count="71" type="stmt"/>
        <line num="20" count="71" type="stmt"/>
        <line num="22" count="71" type="stmt"/>
        <line num="29" count="24" type="stmt"/>
        <line num="30" count="24" type="cond" truecount="7" falsecount="1"/>
        <line num="34" count="21" type="stmt"/>
        <line num="37" count="3" type="stmt"/>
        <line num="39" count="3" type="cond" truecount="1" falsecount="1"/>
        <line num="40" count="0" type="stmt"/>
        <line num="41" count="0" type="cond" truecount="0" falsecount="2"/>
        <line num="42" count="0" type="stmt"/>
        <line num="44" count="0" type="stmt"/>
        <line num="47" count="0" type="cond" truecount="0" falsecount="2"/>
        <line num="48" count="0" type="stmt"/>
        <line num="50" count="0" type="stmt"/>
        <line num="55" count="0" type="stmt"/>
        <line num="58" count="0" type="cond" truecount="0" falsecount="2"/>
        <line num="59" count="0" type="stmt"/>
        <line num="61" count="0" type="stmt"/>
        <line num="65" count="3" type="stmt"/>
        <line num="67" count="3" type="stmt"/>
        <line num="68" count="3" type="stmt"/>
        <line num="69" count="3" type="stmt"/>
        <line num="74" count="24" type="cond" truecount="2" falsecount="0"/>
        <line num="75" count="24" type="stmt"/>
        <line num="76" count="24" type="stmt"/>
        <line num="77" count="20" type="cond" truecount="1" falsecount="1"/>
        <line num="78" count="20" type="stmt"/>
        <line num="79" count="20" type="cond" truecount="3" falsecount="2"/>
        <line num="80" count="0" type="stmt"/>
        <line num="84" count="0" type="stmt"/>
        <line num="87" count="24" type="stmt"/>
      </file>
      <file name="select.js" path="/Users/subbu/dev/ql.io/modules/engine/lib/engine/select.js">
        <metrics statements="143" coveredstatements="72" conditionals="92" coveredconditionals="28" methods="20" coveredmethods="10"/>
        <line num="19" count="71" type="stmt"/>
        <line num="20" count="71" type="stmt"/>
        <line num="21" count="71" type="stmt"/>
        <line num="22" count="71" type="stmt"/>
        <line num="23" count="71" type="stmt"/>
        <line num="24" count="71" type="stmt"/>
        <line num="25" count="71" type="stmt"/>
        <line num="26" count="71" type="stmt"/>
        <line num="27" count="71" type="stmt"/>
        <line num="29" count="71" type="stmt"/>
        <line num="31" count="15" type="stmt"/>
        <line num="32" count="15" type="stmt"/>
        <line num="33" count="15" type="stmt"/>
        <line num="34" count="15" type="stmt"/>
        <line num="37" count="15" type="stmt"/>
        <line num="50" count="15" type="stmt"/>
        <line num="51" count="15" type="cond" truecount="2" falsecount="0"/>
        <line num="52" count="2" type="stmt"/>
        <line num="54" count="13" type="cond" truecount="1" falsecount="1"/>
        <line num="56" count="0" type="stmt"/>
        <line num="57" count="0" type="stmt"/>
        <line num="61" count="0" type="stmt"/>
        <line num="62" count="0" type="stmt"/>
        <line num="63" count="0" type="stmt"/>
        <line num="65" count="0" type="stmt"/>
        <line num="66" count="0" type="stmt"/>
        <line num="69" count="0" type="stmt"/>
        <line num="70" count="0" type="cond" truecount="0" falsecount="2"/>
        <line num="71" count="0" type="cond" truecount="0" falsecount="4"/>
        <line num="75" count="0" type="cond" truecount="0" falsecount="2"/>
        <line num="76" count="0" type="stmt"/>
        <line num="77" count="0" type="stmt"/>
        <line num="81" count="0" type="stmt"/>
        <line num="82" count="0" type="stmt"/>
        <line num="83" count="0" type="stmt"/>
        <line num="84" count="0" type="cond" truecount="0" falsecount="2"/>
        <line num="85" count="0" type="stmt"/>
        <line num="88" count="0" type="stmt"/>
        <line num="95" count="0" type="cond" truecount="0" falsecount="2"/>
        <line num="96" count="0" type="stmt"/>
        <line num="100" count="0" type="stmt"/>
        <line num="101" count="0" type="cond" truecount="0" falsecount="2"/>
        <line num="102" count="0" type="stmt"/>
        <line num="105" count="0" type="cond" truecount="0" falsecount="2"/>
        <line num="106" count="0" type="stmt"/>
        <line num="107" count="0" type="stmt"/>
        <line num="109" count="0" type="stmt"/>
        <line num="110" count="0" type="cond" truecount="0" falsecount="4"/>
        <line num="111" count="0" type="stmt"/>
        <line num="113" count="0" type="cond" truecount="0" falsecount="4"/>
        <line num="116" count="0" type="cond" truecount="0" falsecount="4"/>
        <line num="126" count="0" type="stmt"/>
        <line num="127" count="0" type="stmt"/>
        <line num="128" count="0" type="cond" truecount="0" falsecount="4"/>
        <line num="130" count="0" type="cond" truecount="0" falsecount="2"/>
        <line num="131" count="0" type="stmt"/>
        <line num="134" count="0" type="stmt"/>
        <line num="137" count="0" type="cond" truecount="0" falsecount="2"/>
        <line num="138" count="0" type="cond" truecount="0" falsecount="2"/>
        <line num="140" count="0" type="cond" truecount="0" falsecount="2"/>
        <line num="141" count="0" type="cond" truecount="0" falsecount="2"/>
        <line num="142" count="0" type="cond" truecount="0" falsecount="2"/>
        <line num="143" count="0" type="stmt"/>
        <line num="145" count="0" type="cond" truecount="0" falsecount="2"/>
        <line num="146" count="0" type="stmt"/>
        <line num="149" count="0" type="stmt"/>
        <line num="153" count="0" type="cond" truecount="0" falsecount="2"/>
        <line num="154" count="0" type="stmt"/>
        <line num="157" count="0" type="stmt"/>
        <line num="160" count="0" type="stmt"/>
        <line num="161" count="0" type="stmt"/>
        <line num="164" count="0" type="stmt"/>
        <line num="166" count="0" type="stmt"/>
        <line num="167" count="0" type="cond" truecount="0" falsecount="2"/>
        <line num="168" count="0" type="stmt"/>
        <line num="171" count="0" type="cond" truecount="0" falsecount="2"/>
        <line num="172" count="0" type="stmt"/>
        <line num="173" count="0" type="stmt"/>
        <line num="175" count="0" type="stmt"/>
        <line num="181" count="13" type="cond" truecount="1" falsecount="1"/>
        <line num="183" count="0" type="stmt"/>
        <line num="187" count="13" type="stmt"/>
        <line num="188" count="13" type="cond" truecount="1" falsecount="1"/>
        <line num="189" count="0" type="stmt"/>
        <line num="192" count="13" type="cond" truecount="2" falsecount="0"/>
        <line num="193" count="6" type="stmt"/>
        <line num="194" count="6" type="stmt"/>
        <line num="196" count="13" type="stmt"/>
        <line num="207" count="15" type="stmt"/>
        <line num="208" count="15" type="stmt"/>
        <line num="210" count="15" type="stmt"/>
        <line num="220" count="15" type="stmt"/>
        <line num="222" count="21" type="stmt"/>
        <line num="223" count="21" type="stmt"/>
        <line num="224" count="21" type="stmt"/>
        <line num="229" count="21" type="stmt"/>
        <line num="231" count="15" type="cond" truecount="2" falsecount="0"/>
        <line num="232" count="3" type="stmt"/>
        <line num="233" count="9" type="stmt"/>
        <line num="237" count="12" type="stmt"/>
        <line num="243" count="15" type="stmt"/>
        <line num="246" count="15" type="stmt"/>
        <line num="248" count="15" type="stmt"/>
        <line num="249" count="15" type="stmt"/>
        <line num="250" count="12" type="stmt"/>
        <line num="251" count="12" type="stmt"/>
        <line num="252" count="12" type="cond" truecount="1" falsecount="1"/>
        <line num="253" count="12" type="stmt"/>
        <line num="255" count="12" type="cond" truecount="1" falsecount="1"/>
        <line num="256" count="0" type="stmt"/>
        <line num="258" count="12" type="stmt"/>
        <line num="263" count="15" type="stmt"/>
        <line num="266" count="15" type="cond" truecount="4" falsecount="0"/>
        <line num="267" count="3" type="stmt"/>
        <line num="269" count="15" type="stmt"/>
        <line num="270" count="15" type="cond" truecount="2" falsecount="0"/>
        <line num="271" count="3" type="stmt"/>
        <line num="280" count="3" type="stmt"/>
        <line num="283" count="3" type="stmt"/>
        <line num="284" count="3" type="stmt"/>
        <line num="294" count="12" type="cond" truecount="2" falsecount="0"/>
        <line num="295" count="12" type="stmt"/>
        <line num="302" count="12" type="cond" truecount="1" falsecount="1"/>
        <line num="303" count="0" type="stmt"/>
        <line num="305" count="12" type="stmt"/>
        <line num="306" count="12" type="cond" truecount="1" falsecount="1"/>
        <line num="307" count="0" type="stmt"/>
        <line num="311" count="12" type="cond" truecount="3" falsecount="0"/>
        <line num="312" count="12" type="stmt"/>
        <line num="313" count="12" type="cond" truecount="3" falsecount="0"/>
        <line num="314" count="12" type="stmt"/>
        <line num="315" count="12" type="stmt"/>
        <line num="330" count="12" type="cond" truecount="1" falsecount="1"/>
        <line num="331" count="12" type="stmt"/>
        <line num="332" count="12" type="stmt"/>
        <line num="334" count="12" type="stmt"/>
        <line num="343" count="71" type="stmt"/>
        <line num="344" count="0" type="cond" truecount="0" falsecount="4"/>
        <line num="345" count="0" type="stmt"/>
        <line num="348" count="0" type="stmt"/>
        <line num="350" count="0" type="stmt"/>
        <line num="351" count="0" type="stmt"/>
        <line num="353" count="0" type="stmt"/>
      </file>
      <file name="show-routes.js" path="/Users/subbu/dev/ql.io/modules/engine/lib/engine/show-routes.js">
        <metrics statements="17" coveredstatements="17" conditionals="6" coveredconditionals="6" methods="3" coveredmethods="3"/>
        <line num="19" count="72" type="stmt"/>
        <line num="20" count="72" type="stmt"/>
        <line num="27" count="72" type="stmt"/>
        <line num="28" count="15" type="stmt"/>
        <line num="30" count="15" type="stmt"/>
        <line num="31" count="14" type="stmt"/>
        <line num="32" count="13" type="stmt"/>
        <line num="35" count="12" type="cond" truecount="2" falsecount="0"/>
        <line num="36" count="1" type="stmt"/>
        <line num="39" count="12" type="stmt"/>
        <line num="46" count="119" type="stmt"/>
        <line num="54" count="112" type="stmt"/>
        <line num="55" count="112" type="cond" truecount="2" falsecount="0"/>
        <line num="56" count="4" type="stmt"/>
        <line num="57" count="108" type="cond" truecount="2" falsecount="0"/>
        <line num="58" count="103" type="stmt"/>
        <line num="59" count="5" type="stmt"/>
      </file>
[...]
        <line num="583" count="2" type="stmt"/>
        <line num="585" count="4" type="stmt"/>
        <line num="589" count="20" type="stmt"/>
        <line num="593" count="22" type="stmt"/>
        <line num="596" count="22" type="stmt"/>
        <line num="604" count="22" type="stmt"/>
        <line num="606" count="0" type="stmt"/>
        <line num="607" count="0" type="stmt"/>
        <line num="608" count="0" type="stmt"/>
        <line num="612" count="0" type="cond" truecount="0" falsecount="2"/>
        <line num="614" count="0" type="stmt"/>
        <line num="617" count="22" type="cond" truecount="1" falsecount="1"/>
        <line num="618" count="22" type="stmt"/>
        <line num="619" count="22" type="cond" truecount="3" falsecount="0"/>
        <line num="623" count="22" type="stmt"/>
        <line num="624" count="22" type="stmt"/>
        <line num="627" count="0" type="stmt"/>
        <line num="632" count="22" type="cond" truecount="6" falsecount="0"/>
        <line num="633" count="13" type="stmt"/>
        <line num="634" count="13" type="stmt"/>
        <line num="635" count="13" type="cond" truecount="1" falsecount="1"/>
        <line num="636" count="0" type="stmt"/>
        <line num="638" count="13" type="cond" truecount="1" falsecount="1"/>
        <line num="639" count="0" type="stmt"/>
        <line num="641" count="13" type="cond" truecount="3" falsecount="1"/>
        <line num="642" count="0" type="cond" truecount="0" falsecount="2"/>
        <line num="648" count="22" type="cond" truecount="2" falsecount="0"/>
        <line num="649" count="4" type="cond" truecount="1" falsecount="1"/>
        <line num="652" count="22" type="stmt"/>
        <line num="680" count="22" type="stmt"/>
        <line num="681" count="374" type="cond" truecount="2" falsecount="0"/>
        <line num="684" count="22" type="cond" truecount="1" falsecount="1"/>
      </file>
      <file name="mongoConnector.js" path="/Users/subbu/dev/ql.io/modules/engine/lib/engine/source/mongoConnector.js">
        <metrics statements="146" coveredstatements="16" conditionals="57" coveredconditionals="0" methods="24" coveredmethods="0"/>
        <line num="19" count="71" type="stmt"/>
        <line num="20" count="71" type="stmt"/>
        <line num="21" count="71" type="stmt"/>
        <line num="22" count="71" type="stmt"/>
        <line num="23" count="71" type="stmt"/>
        <line num="24" count="71" type="stmt"/>
        <line num="25" count="71" type="stmt"/>
        <line num="26" count="71" type="stmt"/>
        <line num="27" count="71" type="stmt"/>
        <line num="28" count="71" type="stmt"/>
        <line num="29" count="71" type="stmt"/>
        <line num="30" count="71" type="stmt"/>
        <line num="31" count="71" type="stmt"/>
        <line num="32" count="71" type="stmt"/>
        <line num="34" count="71" type="stmt"/>
        <line num="35" count="0" type="stmt"/>
        <line num="36" count="0" type="stmt"/>
        <line num="37" count="0" type="stmt"/>
        <line num="38" count="0" type="stmt"/>
        <line num="39" count="0" type="stmt"/>
        <line num="41" count="0" type="stmt"/>
        <line num="42" count="0" type="stmt"/>
        <line num="43" count="0" type="stmt"/>
        <line num="44" count="0" type="stmt"/>
        <line num="47" count="0" type="stmt"/>
        <line num="48" count="0" type="stmt"/>
        <line num="53" count="0" type="stmt"/>
        <line num="54" count="0" type="cond" truecount="0" falsecount="2"/>
        <line num="57" count="0" type="stmt"/>
        <line num="58" count="0" type="stmt"/>
        <line num="59" count="0" type="stmt"/>
        <line num="60" count="0" type="stmt"/>
        <line num="67" count="0" type="cond" truecount="0" falsecount="2"/>
        <line num="68" count="0" type="cond" truecount="0" falsecount="2"/>
        <line num="69" count="0" type="stmt"/>
        <line num="70" count="0" type="stmt"/>
        <line num="71" count="0" type="stmt"/>
        <line num="73" count="0" type="stmt"/>
        <line num="76" count="0" type="stmt"/>
        <line num="78" count="0" type="stmt"/>
        <line num="81" count="0" type="stmt"/>
        <line num="82" count="0" type="stmt"/>
        <line num="83" count="0" type="stmt"/>
        <line num="92" count="0" type="stmt"/>
        <line num="93" count="0" type="stmt"/>
        <line num="94" count="0" type="stmt"/>
        <line num="95" count="0" type="stmt"/>
        <line num="105" count="0" type="stmt"/>
        <line num="106" count="0" type="stmt"/>
        <line num="107" count="0" type="cond" truecount="0" falsecount="2"/>
        <line num="108" count="0" type="stmt"/>
        <line num="109" count="0" type="stmt"/>
        <line num="110" count="0" type="stmt"/>
        <line num="111" count="0" type="stmt"/>
        <line num="112" count="0" type="cond" truecount="0" falsecount="2"/>
        <line num="113" count="0" type="stmt"/>
        <line num="114" count="0" type="stmt"/>
        <line num="116" count="0" type="stmt"/>
        <line num="117" count="0" type="cond" truecount="0" falsecount="4"/>
        <line num="118" count="0" type="stmt"/>
        <line num="120" count="0" type="stmt"/>
        <line num="125" count="0" type="stmt"/>
        <line num="126" count="0" type="stmt"/>
        <line num="129" count="0" type="stmt"/>
        <line num="133" count="0" type="cond" truecount="0" falsecount="4"/>
        <line num="134" count="0" type="stmt"/>
        <line num="144" count="0" type="stmt"/>
        <line num="146" count="0" type="stmt"/>
        <line num="147" count="0" type="stmt"/>
        <line num="148" count="0" type="stmt"/>
        <line num="149" count="0" type="stmt"/>
        <line num="150" count="0" type="stmt"/>
        <line num="155" count="0" type="stmt"/>
        <line num="157" count="0" type="cond" truecount="0" falsecount="4"/>
        <line num="158" count="0" type="stmt"/>
        <line num="162" count="0" type="stmt"/>
        <line num="168" count="0" type="cond" truecount="0" falsecount="2"/>
        <line num="169" count="0" type="cond" truecount="0" falsecount="2"/>
        <line num="175" count="0" type="cond" truecount="0" falsecount="4"/>
        <line num="178" count="0" type="stmt"/>
        <line num="179" count="0" type="cond" truecount="0" falsecount="2"/>
        <line num="180" count="0" type="stmt"/>
        <line num="183" count="0" type="stmt"/>
        <line num="186" count="0" type="stmt"/>
        <line num="189" count="0" type="stmt"/>
        <line num="197" count="0" type="stmt"/>
        <line num="198" count="0" type="stmt"/>
        <line num="201" count="0" type="cond" truecount="0" falsecount="2"/>
        <line num="203" count="0" type="stmt"/>
        <line num="204" count="0" type="stmt"/>
        <line num="205" count="0" type="stmt"/>
        <line num="208" count="0" type="stmt"/>
        <line num="209" count="0" type="stmt"/>
        <line num="212" count="0" type="stmt"/>
        <line num="213" count="0" type="stmt"/>
        <line num="219" count="0" type="stmt"/>
        <line num="220" count="0" type="stmt"/>
        <line num="221" count="0" type="stmt"/>
        <line num="222" count="0" type="stmt"/>
        <line num="223" count="0" type="stmt"/>
        <line num="224" count="0" type="stmt"/>
        <line num="228" count="0" type="stmt"/>
        <line num="229" count="0" type="cond" truecount="0" falsecount="2"/>
        <line num="230" count="0" type="cond" truecount="0" falsecount="3"/>
        <line num="232" count="0" type="stmt"/>
        <line num="233" count="0" type="stmt"/>
        <line num="235" count="0" type="stmt"/>
        <line num="236" count="0" type="stmt"/>
        <line num="238" count="0" type="stmt"/>
        <line num="242" count="71" type="stmt"/>
        <line num="246" count="0" type="stmt"/>
        <line num="247" count="0" type="cond" truecount="0" falsecount="2"/>
        <line num="248" count="0" type="stmt"/>
        <line num="250" count="0" type="stmt"/>
        <line num="251" count="0" type="stmt"/>
        <line num="257" count="0" type="stmt"/>
        <line num="258" count="0" type="stmt"/>
        <line num="260" count="0" type="stmt"/>
        <line num="262" count="0" type="stmt"/>
        <line num="263" count="0" type="cond" truecount="0" falsecount="4"/>
        <line num="264" count="0" type="stmt"/>
        <line num="266" count="0" type="cond" truecount="0" falsecount="2"/>
        <line num="267" count="0" type="stmt"/>
        <line num="271" count="0" type="cond" truecount="0" falsecount="2"/>
        <line num="272" count="0" type="stmt"/>
        <line num="273" count="0" type="stmt"/>
        <line num="274" count="0" type="stmt"/>
        <line num="277" count="0" type="stmt"/>
        <line num="284" count="0" type="cond" truecount="0" falsecount="2"/>
        <line num="285" count="0" type="stmt"/>
        <line num="286" count="0" type="stmt"/>
        <line num="287" count="0" type="stmt"/>
        <line num="290" count="0" type="stmt"/>
        <line num="297" count="0" type="cond" truecount="0" falsecount="2"/>
        <line num="299" count="0" type="stmt"/>
        <line num="300" count="0" type="stmt"/>
        <line num="302" count="0" type="cond" truecount="0" falsecount="2"/>
        <line num="303" count="0" type="stmt"/>
        <line num="306" count="0" type="stmt"/>
        <line num="307" count="0" type="stmt"/>
        <line num="308" count="0" type="stmt"/>
        <line num="311" count="0" type="cond" truecount="0" falsecount="2"/>
        <line num="313" count="0" type="stmt"/>
        <line num="314" count="0" type="stmt"/>
        <line num="318" count="0" type="stmt"/>
        <line num="319" count="0" type="stmt"/>
      </file>
      <file name="table.js" path="/Users/subbu/dev/ql.io/modules/engine/lib/engine/source/table.js">
        <metrics statements="29" coveredstatements="25" conditionals="10" coveredconditionals="6" methods="3" coveredmethods="2"/>
        <line num="19" count="71" type="stmt"/>
        <line num="20" count="71" type="stmt"/>
        <line num="21" count="71" type="stmt"/>
        <line num="22" count="71" type="stmt"/>
        <line num="23" count="71" type="stmt"/>
        <line num="25" count="71" type="stmt"/>
        <line num="26" count="2668" type="stmt"/>
        <line num="27" count="2668" type="stmt"/>
        <line num="28" count="2668" type="stmt"/>
        <line num="29" count="2668" type="stmt"/>
        <line num="31" count="2668" type="stmt"/>
        <line num="37" count="2668" type="stmt"/>
        <line num="41" count="2668" type="stmt"/>
        <line num="42" count="2668" type="stmt"/>
        <line num="43" count="2668" type="cond" truecount="2" falsecount="2"/>
        <line num="44" count="0" type="stmt"/>
        <line num="45" count="0" type="stmt"/>
        <line num="48" count="2668" type="stmt"/>
        <line num="49" count="2668" type="stmt"/>
        <line num="50" count="10672" type="stmt"/>
        <line num="51" count="10672" type="cond" truecount="2" falsecount="0"/>
        <line num="52" count="3076" type="stmt"/>
        <line num="53" count="3076" type="cond" truecount="2" falsecount="0"/>
        <line num="54" count="3076" type="stmt"/>
        <line num="55" count="3076" type="stmt"/>
        <line num="58" count="0" type="cond" truecount="0" falsecount="2"/>
        <line num="59" count="0" type="stmt"/>
        <line num="65" count="71" type="stmt"/>
        <line num="66" count="29" type="stmt"/>
      </file>
      <file name="verb.js" path="/Users/subbu/dev/ql.io/modules/engine/lib/engine/source/verb.js">
        <metrics statements="29" coveredstatements="25" conditionals="3" coveredconditionals="1" methods="2" coveredmethods="2"/>
        <line num="19" count="71" type="stmt"/>
        <line num="20" count="71" type="stmt"/>
        <line num="21" count="71" type="stmt"/>
        <line num="22" count="71" type="stmt"/>
        <line num="23" count="71" type="stmt"/>
        <line num="24" count="71" type="stmt"/>
        <line num="25" count="71" type="stmt"/>
        <line num="26" count="71" type="stmt"/>
        <line num="27" count="71" type="stmt"/>
        <line num="28" count="71" type="stmt"/>
        <line num="29" count="71" type="stmt"/>
        <line num="30" count="71" type="stmt"/>
        <line num="31" count="71" type="stmt"/>
        <line num="32" count="71" type="stmt"/>
        <line num="33" count="71" type="stmt"/>
        <line num="35" count="71" type="stmt"/>
        <line num="36" count="3076" type="stmt"/>
        <line num="37" count="3076" type="stmt"/>
        <line num="38" count="3076" type="stmt"/>
        <line num="40" count="3076" type="stmt"/>
        <line num="41" count="3076" type="cond" truecount="1" falsecount="2"/>
        <line num="43" count="0" type="stmt"/>
        <line num="44" count="0" type="stmt"/>
        <line num="46" count="3076" type="stmt"/>
        <line num="47" count="3076" type="stmt"/>
        <line num="49" count="0" type="stmt"/>
        <line num="50" count="0" type="stmt"/>
        <line num="56" count="3076" type="stmt"/>
        <line num="57" count="24" type="stmt"/>
      </file>
    </package>
    <package name="lib.serializers">
      <metrics statements="20" coveredstatements="10" conditionals="4" coveredconditionals="0" methods="6" coveredmethods="0"/>
      <file name="ejs.js" path="/Users/subbu/dev/ql.io/modules/engine/lib/serializers/ejs.js">
        <metrics statements="6" coveredstatements="3" conditionals="0" coveredconditionals="0" methods="2" coveredmethods="0"/>
        <line num="19" count="71" type="stmt"/>
        <line num="21" count="71" type="stmt"/>
        <line num="22" count="0" type="stmt"/>
        <line num="25" count="71" type="stmt"/>
        <line num="26" count="0" type="stmt"/>
        <line num="30" count="0" type="stmt"/>
      </file>
      <file name="mustache.js" path="/Users/subbu/dev/ql.io/modules/engine/lib/serializers/mustache.js">
        <metrics statements="6" coveredstatements="3" conditionals="2" coveredconditionals="0" methods="2" coveredmethods="0"/>
        <line num="19" count="71" type="stmt"/>
        <line num="21" count="71" type="stmt"/>
        <line num="23" count="0" type="cond" truecount="0" falsecount="2"/>
        <line num="26" count="71" type="stmt"/>
        <line num="27" count="0" type="stmt"/>
        <line num="31" count="0" type="stmt"/>
      </file>
      <file name="uri-encoded.js" path="/Users/subbu/dev/ql.io/modules/engine/lib/serializers/uri-encoded.js">
        <metrics statements="8" coveredstatements="4" conditionals="2" coveredconditionals="0" methods="2" coveredmethods="0"/>
        <line num="19" count="71" type="stmt"/>
        <line num="20" count="71" type="stmt"/>
        <line num="22" count="71" type="stmt"/>
        <line num="23" count="0" type="stmt"/>
        <line num="26" count="71" type="stmt"/>
        <line num="27" count="0" type="stmt"/>
        <line num="28" count="0" type="stmt"/>
        <line num="29" count="0" type="cond" truecount="0" falsecount="2"/>
      </file>
    </package>
    <package name="lib.udfs">
      <metrics statements="15" coveredstatements="8" conditionals="0" coveredconditionals="0" methods="1" coveredmethods="1"/>
      <file name="standard.js" path="/Users/subbu/dev/ql.io/modules/engine/lib/udfs/standard.js">
        <metrics statements="15" coveredstatements="8" conditionals="0" coveredconditionals="0" methods="1" coveredmethods="1"/>
        <line num="23" count="1" type="stmt"/>
        <line num="24" count="4" type="stmt"/>
        <line num="25" count="4" type="stmt"/>
        <line num="26" count="4" type="stmt"/>
        <line num="27" count="4" type="stmt"/>
        <line num="30" count="4" type="stmt"/>
        <line num="31" count="4" type="stmt"/>
        <line num="32" count="4" type="stmt"/>
        <line num="35" count="0" type="stmt"/>
        <line num="36" count="0" type="stmt"/>
        <line num="37" count="0" type="stmt"/>
        <line num="38" count="0" type="stmt"/>
        <line num="39" count="0" type="stmt"/>
        <line num="42" count="0" type="stmt"/>
        <line num="43" count="0" type="stmt"/>
      </file>
    </package>
    <package name="lib.xformers">
      <metrics statements="51" coveredstatements="40" conditionals="22" coveredconditionals="16" methods="12" coveredmethods="10"/>
      <file name="csv.js" path="/Users/subbu/dev/ql.io/modules/engine/lib/xformers/csv.js">
        <metrics statements="38" coveredstatements="29" conditionals="22" coveredconditionals="16" methods="10" coveredmethods="8"/>
        <line num="19" count="72" type="stmt"/>
        <line num="20" count="72" type="stmt"/>
        <line num="22" count="72" type="stmt"/>
        <line num="23" count="8" type="stmt"/>
        <line num="25" count="8" type="cond" truecount="2" falsecount="0"/>
        <line num="26" count="2" type="cond" truecount="2" falsecount="0"/>
        <line num="27" count="1" type="stmt"/>
        <line num="29" count="1" type="stmt"/>
        <line num="33" count="6" type="cond" truecount="2" falsecount="0"/>
        <line num="34" count="2" type="cond" truecount="2" falsecount="0"/>
        <line num="35" count="1" type="stmt"/>
        <line num="37" count="1" type="stmt"/>
        <line num="42" count="4" type="stmt"/>
        <line num="45" count="8" type="stmt"/>
        <line num="46" count="4" type="cond" truecount="4" falsecount="0"/>
        <line num="47" count="2" type="cond" truecount="2" falsecount="0"/>
        <line num="48" count="1" type="stmt"/>
        <line num="50" count="1" type="stmt"/>
        <line num="54" count="2" type="stmt"/>
        <line num="55" count="2" type="stmt"/>
        <line num="57" count="2" type="cond" truecount="2" falsecount="0"/>
        <line num="59" count="1" type="stmt"/>
        <line num="62" count="2" type="stmt"/>
        <line num="65" count="1" type="stmt"/>
        <line num="68" count="0" type="cond" truecount="0" falsecount="2"/>
        <line num="69" count="0" type="stmt"/>
        <line num="71" count="0" type="stmt"/>
        <line num="76" count="1" type="stmt"/>
        <line num="80" count="9" type="stmt"/>
        <line num="81" count="3" type="stmt"/>
        <line num="84" count="1" type="stmt"/>
        <line num="87" count="0" type="cond" truecount="0" falsecount="2"/>
        <line num="88" count="0" type="stmt"/>
        <line num="90" count="0" type="stmt"/>
        <line num="96" count="0" type="cond" truecount="0" falsecount="2"/>
        <line num="97" count="0" type="stmt"/>
        <line num="99" count="0" type="stmt"/>
        <line num="104" count="72" type="stmt"/>
      </file>
      <file name="json.js" path="/Users/subbu/dev/ql.io/modules/engine/lib/xformers/json.js">
        <metrics statements="5" coveredstatements="4" conditionals="0" coveredconditionals="0" methods="1" coveredmethods="1"/>
        <line num="19" count="71" type="stmt"/>
        <line num="20" count="17" type="stmt"/>
        <line num="21" count="17" type="stmt"/>
        <line num="24" count="0" type="stmt"/>
        <line num="28" count="71" type="stmt"/>
      </file>
      <file name="xml.js" path="/Users/subbu/dev/ql.io/modules/engine/lib/xformers/xml.js">
        <metrics statements="8" coveredstatements="7" conditionals="0" coveredconditionals="0" methods="1" coveredmethods="1"/>
        <line num="19" count="71" type="stmt"/>
        <line num="21" count="71" type="stmt"/>
        <line num="22" count="4" type="stmt"/>
        <line num="23" count="4" type="stmt"/>
        <line num="28" count="4" type="stmt"/>
        <line num="29" count="4" type="stmt"/>
        <line num="32" count="0" type="stmt"/>
        <line num="36" count="71" type="stmt"/>
      </file>
    </package>
  </project>
</coverage>
