{"/Users/subbu/dev/ql.io/modules/engine/lib/engine.js": {"path":"/Users/subbu/dev/ql.io/modules/engine/lib/engine.js","statementMap":{"0":{"start":{"line":23,"column":21},"end":{"line":23,"column":50}},"1":{"start":{"line":24,"column":18},"end":{"line":24,"column":45}},"2":{"start":{"line":25,"column":18},"end":{"line":25,"column":52}},"3":{"start":{"line":26,"column":22},"end":{"line":26,"column":59}},"4":{"start":{"line":27,"column":11},"end":{"line":27,"column":38}},"5":{"start":{"line":28,"column":17},"end":{"line":28,"column":51}},"6":{"start":{"line":29,"column":15},"end":{"line":29,"column":46}},"7":{"start":{"line":30,"column":20},"end":{"line":30,"column":57}},"8":{"start":{"line":31,"column":13},"end":{"line":31,"column":42}},"9":{"start":{"line":32,"column":13},"end":{"line":32,"column":42}},"10":{"start":{"line":33,"column":13},"end":{"line":33,"column":42}},"11":{"start":{"line":34,"column":12},"end":{"line":34,"column":40}},"12":{"start":{"line":35,"column":13},"end":{"line":35,"column":42}},"13":{"start":{"line":36,"column":13},"end":{"line":36,"column":42}},"14":{"start":{"line":37,"column":15},"end":{"line":37,"column":46}},"15":{"start":{"line":38,"column":12},"end":{"line":38,"column":40}},"16":{"start":{"line":39,"column":12},"end":{"line":39,"column":39}},"17":{"start":{"line":40,"column":15},"end":{"line":40,"column":46}},"18":{"start":{"line":41,"column":17},"end":{"line":41,"column":51}},"19":{"start":{"line":42,"column":17},"end":{"line":42,"column":51}},"20":{"start":{"line":43,"column":14},"end":{"line":43,"column":32}},"21":{"start":{"line":44,"column":15},"end":{"line":44,"column":56}},"22":{"start":{"line":45,"column":20},"end":{"line":45,"column":53}},"23":{"start":{"line":46,"column":10},"end":{"line":46,"column":33}},"24":{"start":{"line":47,"column":8},"end":{"line":47,"column":29}},"25":{"start":{"line":48,"column":19},"end":{"line":48,"column":49}},"26":{"start":{"line":49,"column":11},"end":{"line":49,"column":26}},"27":{"start":{"line":50,"column":13},"end":{"line":50,"column":30}},"28":{"start":{"line":51,"column":10},"end":{"line":51,"column":36}},"29":{"start":{"line":53,"column":0},"end":{"line":53,"column":53}},"30":{"start":{"line":55,"column":0},"end":{"line":57,"column":2}},"31":{"start":{"line":56,"column":4},"end":{"line":56,"column":38}},"32":{"start":{"line":69,"column":15},"end":{"line":162,"column":1}},"33":{"start":{"line":70,"column":17},"end":{"line":70,"column":21}},"34":{"start":{"line":73,"column":4},"end":{"line":73,"column":26}},"35":{"start":{"line":75,"column":4},"end":{"line":75,"column":29}},"36":{"start":{"line":77,"column":4},"end":{"line":77,"column":22}},"37":{"start":{"line":80,"column":4},"end":{"line":82,"column":5}},"38":{"start":{"line":81,"column":8},"end":{"line":81,"column":39}},"39":{"start":{"line":85,"column":4},"end":{"line":85,"column":36}},"40":{"start":{"line":86,"column":4},"end":{"line":88,"column":27}},"41":{"start":{"line":89,"column":4},"end":{"line":92,"column":7}},"42":{"start":{"line":93,"column":4},"end":{"line":98,"column":11}},"43":{"start":{"line":99,"column":4},"end":{"line":102,"column":27}},"44":{"start":{"line":106,"column":4},"end":{"line":106,"column":23}},"45":{"start":{"line":107,"column":17},"end":{"line":107,"column":21}},"46":{"start":{"line":108,"column":4},"end":{"line":112,"column":7}},"47":{"start":{"line":109,"column":8},"end":{"line":111,"column":9}},"48":{"start":{"line":110,"column":12},"end":{"line":110,"column":33}},"49":{"start":{"line":115,"column":4},"end":{"line":115,"column":23}},"50":{"start":{"line":116,"column":4},"end":{"line":143,"column":5}},"51":{"start":{"line":117,"column":8},"end":{"line":117,"column":65}},"52":{"start":{"line":118,"column":8},"end":{"line":142,"column":9}},"53":{"start":{"line":119,"column":12},"end":{"line":119,"column":51}},"54":{"start":{"line":120,"column":12},"end":{"line":138,"column":14}},"55":{"start":{"line":121,"column":16},"end":{"line":137,"column":17}},"56":{"start":{"line":122,"column":20},"end":{"line":133,"column":21}},"57":{"start":{"line":123,"column":24},"end":{"line":123,"column":70}},"58":{"start":{"line":126,"column":24},"end":{"line":132,"column":25}},"59":{"start":{"line":127,"column":28},"end":{"line":127,"column":58}},"60":{"start":{"line":130,"column":28},"end":{"line":130,"column":52}},"61":{"start":{"line":131,"column":28},"end":{"line":131,"column":74}},"62":{"start":{"line":136,"column":20},"end":{"line":136,"column":44}},"63":{"start":{"line":141,"column":12},"end":{"line":141,"column":76}},"64":{"start":{"line":144,"column":4},"end":{"line":144,"column":56}},"65":{"start":{"line":145,"column":4},"end":{"line":145,"column":58}},"66":{"start":{"line":146,"column":4},"end":{"line":146,"column":56}},"67":{"start":{"line":149,"column":4},"end":{"line":153,"column":5}},"68":{"start":{"line":154,"column":4},"end":{"line":156,"column":7}},"69":{"start":{"line":155,"column":8},"end":{"line":155,"column":89}},"70":{"start":{"line":158,"column":4},"end":{"line":160,"column":6}},"71":{"start":{"line":164,"column":0},"end":{"line":164,"column":34}},"72":{"start":{"line":191,"column":0},"end":{"line":207,"column":1}},"73":{"start":{"line":192,"column":27},"end":{"line":192,"column":31}},"74":{"start":{"line":193,"column":4},"end":{"line":195,"column":5}},"75":{"start":{"line":194,"column":8},"end":{"line":194,"column":51}},"76":{"start":{"line":197,"column":24},"end":{"line":204,"column":6}},"77":{"start":{"line":202,"column":12},"end":{"line":202,"column":33}},"78":{"start":{"line":205,"column":4},"end":{"line":205,"column":43}},"79":{"start":{"line":206,"column":4},"end":{"line":206,"column":41}},"80":{"start":{"line":211,"column":0},"end":{"line":747,"column":1}},"81":{"start":{"line":215,"column":25},"end":{"line":215,"column":35}},"82":{"start":{"line":215,"column":53},"end":{"line":215,"column":55}},"83":{"start":{"line":215,"column":77},"end":{"line":215,"column":79}},"84":{"start":{"line":215,"column":88},"end":{"line":215,"column":92}},"85":{"start":{"line":219,"column":4},"end":{"line":239,"column":5}},"86":{"start":{"line":220,"column":8},"end":{"line":220,"column":30}},"87":{"start":{"line":221,"column":8},"end":{"line":221,"column":28}},"88":{"start":{"line":222,"column":8},"end":{"line":222,"column":18}},"89":{"start":{"line":224,"column":9},"end":{"line":239,"column":5}},"90":{"start":{"line":225,"column":8},"end":{"line":225,"column":30}},"91":{"start":{"line":226,"column":8},"end":{"line":226,"column":28}},"92":{"start":{"line":227,"column":8},"end":{"line":227,"column":28}},"93":{"start":{"line":229,"column":9},"end":{"line":239,"column":5}},"94":{"start":{"line":231,"column":8},"end":{"line":231,"column":30}},"95":{"start":{"line":232,"column":8},"end":{"line":232,"column":28}},"96":{"start":{"line":233,"column":8},"end":{"line":233,"column":28}},"97":{"start":{"line":235,"column":8},"end":{"line":235,"column":41}},"98":{"start":{"line":238,"column":8},"end":{"line":238,"column":48}},"99":{"start":{"line":241,"column":4},"end":{"line":241,"column":25}},"100":{"start":{"line":244,"column":20},"end":{"line":244,"column":38}},"101":{"start":{"line":246,"column":4},"end":{"line":246,"column":18}},"102":{"start":{"line":248,"column":4},"end":{"line":248,"column":33}},"103":{"start":{"line":249,"column":4},"end":{"line":249,"column":35}},"104":{"start":{"line":250,"column":4},"end":{"line":250,"column":23}},"105":{"start":{"line":251,"column":4},"end":{"line":251,"column":68}},"106":{"start":{"line":252,"column":4},"end":{"line":254,"column":5}},"107":{"start":{"line":253,"column":8},"end":{"line":253,"column":58}},"108":{"start":{"line":256,"column":4},"end":{"line":256,"column":40}},"109":{"start":{"line":257,"column":4},"end":{"line":257,"column":49}},"110":{"start":{"line":259,"column":24},"end":{"line":281,"column":6}},"111":{"start":{"line":264,"column":12},"end":{"line":269,"column":14}},"112":{"start":{"line":270,"column":12},"end":{"line":272,"column":13}},"113":{"start":{"line":271,"column":16},"end":{"line":271,"column":40}},"114":{"start":{"line":273,"column":12},"end":{"line":273,"column":57}},"115":{"start":{"line":274,"column":12},"end":{"line":278,"column":13}},"116":{"start":{"line":275,"column":16},"end":{"line":275,"column":56}},"117":{"start":{"line":276,"column":29},"end":{"line":276,"column":101}},"118":{"start":{"line":277,"column":16},"end":{"line":277,"column":50}},"119":{"start":{"line":279,"column":12},"end":{"line":279,"column":46}},"120":{"start":{"line":283,"column":4},"end":{"line":286,"column":7}},"121":{"start":{"line":288,"column":4},"end":{"line":299,"column":5}},"122":{"start":{"line":291,"column":8},"end":{"line":291,"column":70}},"123":{"start":{"line":294,"column":8},"end":{"line":297,"column":11}},"124":{"start":{"line":298,"column":8},"end":{"line":298,"column":36}},"125":{"start":{"line":301,"column":4},"end":{"line":305,"column":7}},"126":{"start":{"line":302,"column":8},"end":{"line":304,"column":9}},"127":{"start":{"line":303,"column":12},"end":{"line":303,"column":39}},"128":{"start":{"line":306,"column":4},"end":{"line":324,"column":5}},"129":{"start":{"line":307,"column":8},"end":{"line":309,"column":11}},"130":{"start":{"line":308,"column":12},"end":{"line":308,"column":49}},"131":{"start":{"line":310,"column":8},"end":{"line":314,"column":11}},"132":{"start":{"line":311,"column":12},"end":{"line":311,"column":45}},"133":{"start":{"line":312,"column":12},"end":{"line":312,"column":36}},"134":{"start":{"line":313,"column":12},"end":{"line":313,"column":40}},"135":{"start":{"line":315,"column":8},"end":{"line":315,"column":44}},"136":{"start":{"line":316,"column":8},"end":{"line":316,"column":24}},"137":{"start":{"line":317,"column":8},"end":{"line":317,"column":21}},"138":{"start":{"line":318,"column":8},"end":{"line":320,"column":20}},"139":{"start":{"line":319,"column":12},"end":{"line":319,"column":42}},"140":{"start":{"line":322,"column":8},"end":{"line":322,"column":44}},"141":{"start":{"line":327,"column":22},"end":{"line":327,"column":24}},"142":{"start":{"line":332,"column":8},"end":{"line":334,"column":9}},"143":{"start":{"line":333,"column":12},"end":{"line":333,"column":19}},"144":{"start":{"line":337,"column":12},"end":{"line":363,"column":13}},"145":{"start":{"line":339,"column":20},"end":{"line":339,"column":46}},"146":{"start":{"line":340,"column":20},"end":{"line":342,"column":23}},"147":{"start":{"line":341,"column":24},"end":{"line":341,"column":35}},"148":{"start":{"line":343,"column":20},"end":{"line":345,"column":23}},"149":{"start":{"line":344,"column":24},"end":{"line":344,"column":35}},"150":{"start":{"line":346,"column":20},"end":{"line":346,"column":26}},"151":{"start":{"line":348,"column":20},"end":{"line":350,"column":23}},"152":{"start":{"line":349,"column":24},"end":{"line":349,"column":35}},"153":{"start":{"line":351,"column":20},"end":{"line":356,"column":23}},"154":{"start":{"line":352,"column":24},"end":{"line":352,"column":53}},"155":{"start":{"line":353,"column":24},"end":{"line":355,"column":27}},"156":{"start":{"line":354,"column":28},"end":{"line":354,"column":39}},"157":{"start":{"line":357,"column":20},"end":{"line":361,"column":21}},"158":{"start":{"line":358,"column":24},"end":{"line":360,"column":27}},"159":{"start":{"line":359,"column":28},"end":{"line":359,"column":39}},"160":{"start":{"line":362,"column":20},"end":{"line":362,"column":26}},"161":{"start":{"line":365,"column":8},"end":{"line":367,"column":9}},"162":{"start":{"line":366,"column":12},"end":{"line":366,"column":19}},"163":{"start":{"line":368,"column":8},"end":{"line":371,"column":10}},"164":{"start":{"line":372,"column":8},"end":{"line":381,"column":11}},"165":{"start":{"line":374,"column":12},"end":{"line":380,"column":13}},"166":{"start":{"line":376,"column":16},"end":{"line":376,"column":33}},"167":{"start":{"line":377,"column":19},"end":{"line":380,"column":13}},"168":{"start":{"line":379,"column":16},"end":{"line":379,"column":47}},"169":{"start":{"line":382,"column":25},"end":{"line":382,"column":84}},"170":{"start":{"line":383,"column":8},"end":{"line":385,"column":9}},"171":{"start":{"line":384,"column":12},"end":{"line":384,"column":27}},"172":{"start":{"line":386,"column":8},"end":{"line":388,"column":9}},"173":{"start":{"line":387,"column":12},"end":{"line":387,"column":34}},"174":{"start":{"line":389,"column":8},"end":{"line":389,"column":29}},"175":{"start":{"line":392,"column":23},"end":{"line":392,"column":25}},"176":{"start":{"line":393,"column":4},"end":{"line":399,"column":5}},"177":{"start":{"line":394,"column":8},"end":{"line":398,"column":11}},"178":{"start":{"line":395,"column":12},"end":{"line":397,"column":13}},"179":{"start":{"line":396,"column":16},"end":{"line":396,"column":55}},"180":{"start":{"line":402,"column":4},"end":{"line":408,"column":5}},"181":{"start":{"line":404,"column":8},"end":{"line":404,"column":23}},"182":{"start":{"line":405,"column":11},"end":{"line":408,"column":5}},"183":{"start":{"line":407,"column":8},"end":{"line":407,"column":51}},"184":{"start":{"line":407,"column":34},"end":{"line":407,"column":49}},"185":{"start":{"line":415,"column":12},"end":{"line":417,"column":13}},"186":{"start":{"line":416,"column":16},"end":{"line":416,"column":23}},"187":{"start":{"line":418,"column":12},"end":{"line":418,"column":73}},"188":{"start":{"line":419,"column":12},"end":{"line":455,"column":13}},"189":{"start":{"line":421,"column":20},"end":{"line":423,"column":23}},"190":{"start":{"line":422,"column":24},"end":{"line":422,"column":41}},"191":{"start":{"line":424,"column":20},"end":{"line":428,"column":23}},"192":{"start":{"line":425,"column":24},"end":{"line":427,"column":27}},"193":{"start":{"line":426,"column":28},"end":{"line":426,"column":47}},"194":{"start":{"line":429,"column":20},"end":{"line":431,"column":23}},"195":{"start":{"line":430,"column":24},"end":{"line":430,"column":45}},"196":{"start":{"line":432,"column":20},"end":{"line":432,"column":26}},"197":{"start":{"line":434,"column":20},"end":{"line":436,"column":23}},"198":{"start":{"line":435,"column":24},"end":{"line":435,"column":36}},"199":{"start":{"line":437,"column":20},"end":{"line":439,"column":23}},"200":{"start":{"line":438,"column":24},"end":{"line":438,"column":36}},"201":{"start":{"line":440,"column":20},"end":{"line":440,"column":26}},"202":{"start":{"line":442,"column":20},"end":{"line":444,"column":21}},"203":{"start":{"line":443,"column":24},"end":{"line":443,"column":31}},"204":{"start":{"line":445,"column":20},"end":{"line":445,"column":53}},"205":{"start":{"line":446,"column":20},"end":{"line":454,"column":23}},"206":{"start":{"line":447,"column":24},"end":{"line":447,"column":55}},"207":{"start":{"line":448,"column":24},"end":{"line":453,"column":25}},"208":{"start":{"line":449,"column":28},"end":{"line":451,"column":29}},"209":{"start":{"line":450,"column":32},"end":{"line":450,"column":54}},"210":{"start":{"line":452,"column":28},"end":{"line":452,"column":44}},"211":{"start":{"line":458,"column":24},"end":{"line":458,"column":26}},"212":{"start":{"line":459,"column":8},"end":{"line":464,"column":11}},"213":{"start":{"line":460,"column":24},"end":{"line":460,"column":42}},"214":{"start":{"line":461,"column":12},"end":{"line":463,"column":13}},"215":{"start":{"line":462,"column":16},"end":{"line":462,"column":36}},"216":{"start":{"line":465,"column":8},"end":{"line":465,"column":38}},"217":{"start":{"line":466,"column":8},"end":{"line":468,"column":11}},"218":{"start":{"line":467,"column":12},"end":{"line":467,"column":28}},"219":{"start":{"line":475,"column":8},"end":{"line":500,"column":9}},"220":{"start":{"line":477,"column":31},"end":{"line":477,"column":39}},"221":{"start":{"line":478,"column":29},"end":{"line":478,"column":37}},"222":{"start":{"line":479,"column":16},"end":{"line":479,"column":36}},"223":{"start":{"line":480,"column":16},"end":{"line":482,"column":18}},"224":{"start":{"line":481,"column":20},"end":{"line":481,"column":30}},"225":{"start":{"line":483,"column":16},"end":{"line":483,"column":22}},"226":{"start":{"line":486,"column":33},"end":{"line":486,"column":66}},"227":{"start":{"line":487,"column":16},"end":{"line":495,"column":19}},"228":{"start":{"line":488,"column":20},"end":{"line":494,"column":21}},"229":{"start":{"line":489,"column":24},"end":{"line":491,"column":27}},"230":{"start":{"line":490,"column":28},"end":{"line":490,"column":40}},"231":{"start":{"line":493,"column":24},"end":{"line":493,"column":54}},"232":{"start":{"line":496,"column":16},"end":{"line":498,"column":18}},"233":{"start":{"line":497,"column":20},"end":{"line":497,"column":37}},"234":{"start":{"line":499,"column":16},"end":{"line":499,"column":22}},"235":{"start":{"line":503,"column":15},"end":{"line":503,"column":20}},"236":{"start":{"line":509,"column":8},"end":{"line":511,"column":9}},"237":{"start":{"line":510,"column":12},"end":{"line":510,"column":19}},"238":{"start":{"line":512,"column":8},"end":{"line":516,"column":9}},"239":{"start":{"line":514,"column":12},"end":{"line":514,"column":35}},"240":{"start":{"line":515,"column":12},"end":{"line":515,"column":19}},"241":{"start":{"line":517,"column":8},"end":{"line":527,"column":9}},"242":{"start":{"line":518,"column":32},"end":{"line":522,"column":14}},"243":{"start":{"line":520,"column":34},"end":{"line":520,"column":84}},"244":{"start":{"line":521,"column":16},"end":{"line":521,"column":74}},"245":{"start":{"line":523,"column":12},"end":{"line":526,"column":13}},"246":{"start":{"line":525,"column":16},"end":{"line":525,"column":38}},"247":{"start":{"line":528,"column":8},"end":{"line":547,"column":11}},"248":{"start":{"line":531,"column":12},"end":{"line":541,"column":13}},"249":{"start":{"line":533,"column":16},"end":{"line":533,"column":38}},"250":{"start":{"line":534,"column":16},"end":{"line":534,"column":42}},"251":{"start":{"line":535,"column":19},"end":{"line":541,"column":13}},"252":{"start":{"line":537,"column":16},"end":{"line":537,"column":35}},"253":{"start":{"line":538,"column":16},"end":{"line":538,"column":56}},"254":{"start":{"line":540,"column":16},"end":{"line":540,"column":23}},"255":{"start":{"line":543,"column":12},"end":{"line":546,"column":13}},"256":{"start":{"line":545,"column":16},"end":{"line":545,"column":36}},"257":{"start":{"line":548,"column":8},"end":{"line":572,"column":9}},"258":{"start":{"line":549,"column":12},"end":{"line":568,"column":15}},"259":{"start":{"line":552,"column":16},"end":{"line":562,"column":17}},"260":{"start":{"line":554,"column":20},"end":{"line":554,"column":42}},"261":{"start":{"line":555,"column":20},"end":{"line":555,"column":46}},"262":{"start":{"line":556,"column":23},"end":{"line":562,"column":17}},"263":{"start":{"line":558,"column":20},"end":{"line":558,"column":39}},"264":{"start":{"line":559,"column":20},"end":{"line":559,"column":60}},"265":{"start":{"line":561,"column":20},"end":{"line":561,"column":27}},"266":{"start":{"line":564,"column":16},"end":{"line":567,"column":17}},"267":{"start":{"line":566,"column":20},"end":{"line":566,"column":40}},"268":{"start":{"line":569,"column":12},"end":{"line":571,"column":13}},"269":{"start":{"line":570,"column":16},"end":{"line":570,"column":43}},"270":{"start":{"line":574,"column":21},"end":{"line":574,"column":47}},"271":{"start":{"line":577,"column":8},"end":{"line":583,"column":9}},"272":{"start":{"line":579,"column":12},"end":{"line":581,"column":13}},"273":{"start":{"line":580,"column":16},"end":{"line":580,"column":23}},"274":{"start":{"line":582,"column":12},"end":{"line":582,"column":19}},"275":{"start":{"line":585,"column":26},"end":{"line":585,"column":167}},"276":{"start":{"line":588,"column":8},"end":{"line":590,"column":9}},"277":{"start":{"line":589,"column":12},"end":{"line":589,"column":19}},"278":{"start":{"line":592,"column":8},"end":{"line":609,"column":9}},"279":{"start":{"line":595,"column":12},"end":{"line":595,"column":70}},"280":{"start":{"line":598,"column":12},"end":{"line":608,"column":13}},"281":{"start":{"line":600,"column":16},"end":{"line":600,"column":43}},"282":{"start":{"line":603,"column":16},"end":{"line":606,"column":17}},"283":{"start":{"line":605,"column":20},"end":{"line":605,"column":34}},"284":{"start":{"line":607,"column":16},"end":{"line":607,"column":44}},"285":{"start":{"line":612,"column":29},"end":{"line":678,"column":5}},"286":{"start":{"line":613,"column":8},"end":{"line":615,"column":9}},"287":{"start":{"line":614,"column":12},"end":{"line":614,"column":19}},"288":{"start":{"line":616,"column":21},"end":{"line":616,"column":47}},"289":{"start":{"line":617,"column":8},"end":{"line":677,"column":34}},"290":{"start":{"line":631,"column":16},"end":{"line":650,"column":17}},"291":{"start":{"line":632,"column":20},"end":{"line":640,"column":21}},"292":{"start":{"line":633,"column":24},"end":{"line":633,"column":53}},"293":{"start":{"line":634,"column":24},"end":{"line":634,"column":52}},"294":{"start":{"line":638,"column":24},"end":{"line":638,"column":36}},"295":{"start":{"line":639,"column":24},"end":{"line":639,"column":52}},"296":{"start":{"line":642,"column":21},"end":{"line":650,"column":17}},"297":{"start":{"line":645,"column":37},"end":{"line":645,"column":96}},"298":{"start":{"line":646,"column":20},"end":{"line":649,"column":21}},"299":{"start":{"line":647,"column":24},"end":{"line":647,"column":48}},"300":{"start":{"line":648,"column":24},"end":{"line":648,"column":47}},"301":{"start":{"line":653,"column":16},"end":{"line":653,"column":107}},"302":{"start":{"line":656,"column":16},"end":{"line":658,"column":17}},"303":{"start":{"line":657,"column":20},"end":{"line":657,"column":45}},"304":{"start":{"line":659,"column":16},"end":{"line":667,"column":19}},"305":{"start":{"line":660,"column":20},"end":{"line":660,"column":51}},"306":{"start":{"line":661,"column":20},"end":{"line":666,"column":21}},"307":{"start":{"line":662,"column":24},"end":{"line":664,"column":25}},"308":{"start":{"line":663,"column":28},"end":{"line":663,"column":50}},"309":{"start":{"line":665,"column":24},"end":{"line":665,"column":40}},"310":{"start":{"line":668,"column":16},"end":{"line":676,"column":17}},"311":{"start":{"line":669,"column":20},"end":{"line":672,"column":23}},"312":{"start":{"line":674,"column":21},"end":{"line":676,"column":17}},"313":{"start":{"line":675,"column":20},"end":{"line":675,"column":69}},"314":{"start":{"line":680,"column":19},"end":{"line":713,"column":5}},"315":{"start":{"line":681,"column":8},"end":{"line":681,"column":103}},"316":{"start":{"line":683,"column":28},"end":{"line":683,"column":30}},"317":{"start":{"line":685,"column":8},"end":{"line":712,"column":9}},"318":{"start":{"line":686,"column":12},"end":{"line":686,"column":33}},"319":{"start":{"line":689,"column":12},"end":{"line":689,"column":58}},"320":{"start":{"line":690,"column":12},"end":{"line":703,"column":13}},"321":{"start":{"line":691,"column":16},"end":{"line":697,"column":43}},"322":{"start":{"line":698,"column":16},"end":{"line":702,"column":19}},"323":{"start":{"line":700,"column":34},"end":{"line":700,"column":61}},"324":{"start":{"line":701,"column":20},"end":{"line":701,"column":70}},"325":{"start":{"line":704,"column":12},"end":{"line":704,"column":61}},"326":{"start":{"line":705,"column":12},"end":{"line":707,"column":15}},"327":{"start":{"line":706,"column":16},"end":{"line":706,"column":46}},"328":{"start":{"line":708,"column":12},"end":{"line":708,"column":45}},"329":{"start":{"line":709,"column":12},"end":{"line":709,"column":36}},"330":{"start":{"line":710,"column":12},"end":{"line":710,"column":43}},"331":{"start":{"line":716,"column":26},"end":{"line":716,"column":30}},"332":{"start":{"line":718,"column":4},"end":{"line":724,"column":5}},"333":{"start":{"line":720,"column":8},"end":{"line":720,"column":35}},"334":{"start":{"line":721,"column":11},"end":{"line":724,"column":5}},"335":{"start":{"line":723,"column":8},"end":{"line":723,"column":48}},"336":{"start":{"line":726,"column":4},"end":{"line":737,"column":5}},"337":{"start":{"line":727,"column":8},"end":{"line":727,"column":52}},"338":{"start":{"line":730,"column":19},"end":{"line":730,"column":43}},"339":{"start":{"line":731,"column":8},"end":{"line":736,"column":9}},"340":{"start":{"line":732,"column":12},"end":{"line":734,"column":13}},"341":{"start":{"line":733,"column":16},"end":{"line":733,"column":49}},"342":{"start":{"line":735,"column":12},"end":{"line":735,"column":33}},"343":{"start":{"line":740,"column":4},"end":{"line":746,"column":5}},"344":{"start":{"line":742,"column":8},"end":{"line":742,"column":20}},"345":{"start":{"line":743,"column":11},"end":{"line":746,"column":5}},"346":{"start":{"line":745,"column":8},"end":{"line":745,"column":31}},"347":{"start":{"line":754,"column":0},"end":{"line":796,"column":2}},"348":{"start":{"line":758,"column":4},"end":{"line":795,"column":5}},"349":{"start":{"line":759,"column":8},"end":{"line":759,"column":30}},"350":{"start":{"line":760,"column":8},"end":{"line":760,"column":26}},"351":{"start":{"line":761,"column":8},"end":{"line":765,"column":10}},"352":{"start":{"line":762,"column":12},"end":{"line":764,"column":15}},"353":{"start":{"line":763,"column":16},"end":{"line":763,"column":33}},"354":{"start":{"line":768,"column":9},"end":{"line":795,"column":5}},"355":{"start":{"line":769,"column":8},"end":{"line":769,"column":28}},"356":{"start":{"line":770,"column":8},"end":{"line":770,"column":29}},"357":{"start":{"line":771,"column":8},"end":{"line":771,"column":21}},"358":{"start":{"line":772,"column":8},"end":{"line":791,"column":10}},"359":{"start":{"line":776,"column":12},"end":{"line":785,"column":13}},"360":{"start":{"line":777,"column":16},"end":{"line":778,"column":105}},"361":{"start":{"line":779,"column":16},"end":{"line":784,"column":18}},"362":{"start":{"line":780,"column":20},"end":{"line":780,"column":62}},"363":{"start":{"line":781,"column":20},"end":{"line":783,"column":22}},"364":{"start":{"line":782,"column":24},"end":{"line":782,"column":52}},"365":{"start":{"line":788,"column":12},"end":{"line":790,"column":15}},"366":{"start":{"line":789,"column":16},"end":{"line":789,"column":33}},"367":{"start":{"line":794,"column":8},"end":{"line":794,"column":48}},"368":{"start":{"line":804,"column":0},"end":{"line":806,"column":1}},"369":{"start":{"line":805,"column":4},"end":{"line":805,"column":34}},"370":{"start":{"line":809,"column":19},"end":{"line":812,"column":5}},"371":{"start":{"line":813,"column":18},"end":{"line":813,"column":28}},"372":{"start":{"line":814,"column":4},"end":{"line":816,"column":5}},"373":{"start":{"line":815,"column":8},"end":{"line":815,"column":66}},"374":{"start":{"line":818,"column":4},"end":{"line":836,"column":5}},"375":{"start":{"line":819,"column":8},"end":{"line":826,"column":11}},"376":{"start":{"line":820,"column":12},"end":{"line":824,"column":13}},"377":{"start":{"line":821,"column":16},"end":{"line":821,"column":52}},"378":{"start":{"line":822,"column":16},"end":{"line":822,"column":94}},"379":{"start":{"line":823,"column":16},"end":{"line":823,"column":55}},"380":{"start":{"line":825,"column":12},"end":{"line":825,"column":36}},"381":{"start":{"line":829,"column":8},"end":{"line":829,"column":34}},"382":{"start":{"line":830,"column":8},"end":{"line":834,"column":9}},"383":{"start":{"line":831,"column":12},"end":{"line":831,"column":48}},"384":{"start":{"line":832,"column":12},"end":{"line":832,"column":53}},"385":{"start":{"line":833,"column":12},"end":{"line":833,"column":51}},"386":{"start":{"line":835,"column":8},"end":{"line":835,"column":21}},"387":{"start":{"line":847,"column":4},"end":{"line":849,"column":5}},"388":{"start":{"line":848,"column":8},"end":{"line":848,"column":20}},"389":{"start":{"line":852,"column":4},"end":{"line":971,"column":5}},"390":{"start":{"line":854,"column":12},"end":{"line":854,"column":58}},"391":{"start":{"line":855,"column":12},"end":{"line":855,"column":18}},"392":{"start":{"line":857,"column":12},"end":{"line":863,"column":44}},"393":{"start":{"line":865,"column":12},"end":{"line":911,"column":13}},"394":{"start":{"line":866,"column":16},"end":{"line":866,"column":62}},"395":{"start":{"line":868,"column":17},"end":{"line":911,"column":13}},"396":{"start":{"line":869,"column":16},"end":{"line":910,"column":17}},"397":{"start":{"line":870,"column":16},"end":{"line":870,"column":26}},"398":{"start":{"line":871,"column":16},"end":{"line":873,"column":19}},"399":{"start":{"line":872,"column":20},"end":{"line":872,"column":66}},"400":{"start":{"line":874,"column":16},"end":{"line":889,"column":17}},"401":{"start":{"line":875,"column":20},"end":{"line":875,"column":89}},"402":{"start":{"line":877,"column":20},"end":{"line":877,"column":57}},"403":{"start":{"line":878,"column":20},"end":{"line":878,"column":60}},"404":{"start":{"line":879,"column":32},"end":{"line":882,"column":21}},"405":{"start":{"line":883,"column":20},"end":{"line":883,"column":34}},"406":{"start":{"line":884,"column":20},"end":{"line":884,"column":27}},"407":{"start":{"line":887,"column":20},"end":{"line":887,"column":46}},"408":{"start":{"line":888,"column":20},"end":{"line":888,"column":33}},"409":{"start":{"line":891,"column":20},"end":{"line":908,"column":23}},"410":{"start":{"line":892,"column":24},"end":{"line":907,"column":25}},"411":{"start":{"line":893,"column":28},"end":{"line":893,"column":35}},"412":{"start":{"line":896,"column":28},"end":{"line":898,"column":29}},"413":{"start":{"line":897,"column":32},"end":{"line":897,"column":46}},"414":{"start":{"line":900,"column":28},"end":{"line":900,"column":65}},"415":{"start":{"line":901,"column":28},"end":{"line":901,"column":68}},"416":{"start":{"line":902,"column":40},"end":{"line":905,"column":29}},"417":{"start":{"line":906,"column":28},"end":{"line":906,"column":42}},"418":{"start":{"line":909,"column":20},"end":{"line":909,"column":27}},"419":{"start":{"line":914,"column":12},"end":{"line":914,"column":49}},"420":{"start":{"line":915,"column":12},"end":{"line":915,"column":52}},"421":{"start":{"line":916,"column":24},"end":{"line":919,"column":13}},"422":{"start":{"line":920,"column":12},"end":{"line":920,"column":26}},"423":{"start":{"line":921,"column":12},"end":{"line":921,"column":18}},"424":{"start":{"line":923,"column":12},"end":{"line":923,"column":58}},"425":{"start":{"line":924,"column":12},"end":{"line":924,"column":18}},"426":{"start":{"line":926,"column":12},"end":{"line":926,"column":58}},"427":{"start":{"line":927,"column":12},"end":{"line":927,"column":18}},"428":{"start":{"line":929,"column":12},"end":{"line":929,"column":57}},"429":{"start":{"line":930,"column":12},"end":{"line":930,"column":18}},"430":{"start":{"line":932,"column":12},"end":{"line":932,"column":58}},"431":{"start":{"line":933,"column":12},"end":{"line":933,"column":18}},"432":{"start":{"line":935,"column":12},"end":{"line":935,"column":56}},"433":{"start":{"line":936,"column":12},"end":{"line":936,"column":18}},"434":{"start":{"line":938,"column":12},"end":{"line":938,"column":62}},"435":{"start":{"line":939,"column":12},"end":{"line":939,"column":18}},"436":{"start":{"line":941,"column":12},"end":{"line":941,"column":60}},"437":{"start":{"line":942,"column":12},"end":{"line":942,"column":18}},"438":{"start":{"line":944,"column":12},"end":{"line":944,"column":65}},"439":{"start":{"line":945,"column":12},"end":{"line":945,"column":18}},"440":{"start":{"line":947,"column":12},"end":{"line":947,"column":46}},"441":{"start":{"line":948,"column":12},"end":{"line":950,"column":13}},"442":{"start":{"line":949,"column":16},"end":{"line":949,"column":53}},"443":{"start":{"line":951,"column":12},"end":{"line":953,"column":13}},"444":{"start":{"line":952,"column":16},"end":{"line":952,"column":62}},"445":{"start":{"line":954,"column":12},"end":{"line":957,"column":15}},"446":{"start":{"line":958,"column":12},"end":{"line":958,"column":18}},"447":{"start":{"line":960,"column":12},"end":{"line":960,"column":58}},"448":{"start":{"line":961,"column":12},"end":{"line":961,"column":18}},"449":{"start":{"line":963,"column":12},"end":{"line":963,"column":60}},"450":{"start":{"line":964,"column":12},"end":{"line":964,"column":18}},"451":{"start":{"line":966,"column":12},"end":{"line":966,"column":61}},"452":{"start":{"line":967,"column":12},"end":{"line":967,"column":18}},"453":{"start":{"line":969,"column":12},"end":{"line":969,"column":57}},"454":{"start":{"line":970,"column":12},"end":{"line":970,"column":18}},"455":{"start":{"line":975,"column":4},"end":{"line":981,"column":8}},"456":{"start":{"line":976,"column":22},"end":{"line":976,"column":83}},"457":{"start":{"line":977,"column":8},"end":{"line":979,"column":9}},"458":{"start":{"line":978,"column":12},"end":{"line":978,"column":105}},"459":{"start":{"line":980,"column":8},"end":{"line":980,"column":21}},"460":{"start":{"line":985,"column":0},"end":{"line":985,"column":19}},"461":{"start":{"line":986,"column":0},"end":{"line":986,"column":36}},"462":{"start":{"line":990,"column":0},"end":{"line":1007,"column":1}},"463":{"start":{"line":992,"column":21},"end":{"line":992,"column":61}},"464":{"start":{"line":993,"column":22},"end":{"line":993,"column":26}},"465":{"start":{"line":994,"column":4},"end":{"line":996,"column":5}},"466":{"start":{"line":995,"column":8},"end":{"line":995,"column":46}},"467":{"start":{"line":998,"column":4},"end":{"line":1003,"column":7}},"468":{"start":{"line":1004,"column":4},"end":{"line":1004,"column":35}},"469":{"start":{"line":1005,"column":4},"end":{"line":1005,"column":36}},"470":{"start":{"line":1008,"column":0},"end":{"line":1014,"column":1}},"471":{"start":{"line":1009,"column":4},"end":{"line":1009,"column":59}},"472":{"start":{"line":1013,"column":4},"end":{"line":1013,"column":28}}},"fnMap":{"0":{"name":"(anonymous_0)","decl":{"start":{"line":55,"column":32},"end":{"line":55,"column":33}},"loc":{"start":{"line":55,"column":48},"end":{"line":57,"column":1}},"line":55},"1":{"name":"(anonymous_1)","decl":{"start":{"line":69,"column":32},"end":{"line":69,"column":33}},"loc":{"start":{"line":69,"column":47},"end":{"line":162,"column":1}},"line":69},"2":{"name":"(anonymous_2)","decl":{"start":{"line":108,"column":17},"end":{"line":108,"column":18}},"loc":{"start":{"line":108,"column":32},"end":{"line":112,"column":5}},"line":108},"3":{"name":"(anonymous_3)","decl":{"start":{"line":120,"column":34},"end":{"line":120,"column":35}},"loc":{"start":{"line":120,"column":49},"end":{"line":138,"column":13}},"line":120},"4":{"name":"(anonymous_4)","decl":{"start":{"line":154,"column":63},"end":{"line":154,"column":64}},"loc":{"start":{"line":154,"column":78},"end":{"line":156,"column":5}},"line":154},"5":{"name":"(anonymous_5)","decl":{"start":{"line":191,"column":27},"end":{"line":191,"column":28}},"loc":{"start":{"line":191,"column":37},"end":{"line":207,"column":1}},"line":191},"6":{"name":"(anonymous_6)","decl":{"start":{"line":201,"column":12},"end":{"line":201,"column":13}},"loc":{"start":{"line":201,"column":35},"end":{"line":203,"column":9}},"line":201},"7":{"name":"(anonymous_7)","decl":{"start":{"line":211,"column":29},"end":{"line":211,"column":30}},"loc":{"start":{"line":211,"column":40},"end":{"line":747,"column":1}},"line":211},"8":{"name":"(anonymous_8)","decl":{"start":{"line":263,"column":12},"end":{"line":263,"column":13}},"loc":{"start":{"line":263,"column":35},"end":{"line":280,"column":9}},"line":263},"9":{"name":"(anonymous_9)","decl":{"start":{"line":301,"column":47},"end":{"line":301,"column":48}},"loc":{"start":{"line":301,"column":64},"end":{"line":305,"column":5}},"line":301},"10":{"name":"(anonymous_10)","decl":{"start":{"line":307,"column":42},"end":{"line":307,"column":43}},"loc":{"start":{"line":307,"column":53},"end":{"line":309,"column":9}},"line":307},"11":{"name":"(anonymous_11)","decl":{"start":{"line":310,"column":36},"end":{"line":310,"column":37}},"loc":{"start":{"line":310,"column":47},"end":{"line":314,"column":9}},"line":310},"12":{"name":"(anonymous_12)","decl":{"start":{"line":318,"column":32},"end":{"line":318,"column":33}},"loc":{"start":{"line":318,"column":44},"end":{"line":320,"column":9}},"line":318},"13":{"name":"init","decl":{"start":{"line":330,"column":13},"end":{"line":330,"column":17}},"loc":{"start":{"line":330,"column":29},"end":{"line":390,"column":5}},"line":330},"14":{"name":"scopeInit","decl":{"start":{"line":336,"column":17},"end":{"line":336,"column":26}},"loc":{"start":{"line":336,"column":38},"end":{"line":364,"column":9}},"line":336},"15":{"name":"(anonymous_15)","decl":{"start":{"line":340,"column":41},"end":{"line":340,"column":42}},"loc":{"start":{"line":340,"column":55},"end":{"line":342,"column":21}},"line":340},"16":{"name":"(anonymous_16)","decl":{"start":{"line":343,"column":43},"end":{"line":343,"column":44}},"loc":{"start":{"line":343,"column":57},"end":{"line":345,"column":21}},"line":343},"17":{"name":"(anonymous_17)","decl":{"start":{"line":348,"column":48},"end":{"line":348,"column":49}},"loc":{"start":{"line":348,"column":62},"end":{"line":350,"column":21}},"line":348},"18":{"name":"(anonymous_18)","decl":{"start":{"line":351,"column":50},"end":{"line":351,"column":51}},"loc":{"start":{"line":351,"column":72},"end":{"line":356,"column":21}},"line":351},"19":{"name":"(anonymous_19)","decl":{"start":{"line":353,"column":51},"end":{"line":353,"column":52}},"loc":{"start":{"line":353,"column":65},"end":{"line":355,"column":25}},"line":353},"20":{"name":"(anonymous_20)","decl":{"start":{"line":358,"column":56},"end":{"line":358,"column":57}},"loc":{"start":{"line":358,"column":70},"end":{"line":360,"column":25}},"line":358},"21":{"name":"(anonymous_21)","decl":{"start":{"line":372,"column":36},"end":{"line":372,"column":37}},"loc":{"start":{"line":372,"column":57},"end":{"line":381,"column":9}},"line":372},"22":{"name":"(anonymous_22)","decl":{"start":{"line":394,"column":21},"end":{"line":394,"column":22}},"loc":{"start":{"line":394,"column":34},"end":{"line":398,"column":9}},"line":394},"23":{"name":"(anonymous_23)","decl":{"start":{"line":407,"column":21},"end":{"line":407,"column":22}},"loc":{"start":{"line":407,"column":34},"end":{"line":407,"column":49}},"line":407},"24":{"name":"skipVarList","decl":{"start":{"line":413,"column":13},"end":{"line":413,"column":24}},"loc":{"start":{"line":413,"column":36},"end":{"line":469,"column":5}},"line":413},"25":{"name":"skipVar","decl":{"start":{"line":414,"column":17},"end":{"line":414,"column":24}},"loc":{"start":{"line":414,"column":35},"end":{"line":457,"column":9}},"line":414},"26":{"name":"(anonymous_26)","decl":{"start":{"line":421,"column":48},"end":{"line":421,"column":49}},"loc":{"start":{"line":421,"column":65},"end":{"line":423,"column":21}},"line":421},"27":{"name":"(anonymous_27)","decl":{"start":{"line":424,"column":50},"end":{"line":424,"column":51}},"loc":{"start":{"line":424,"column":69},"end":{"line":428,"column":21}},"line":424},"28":{"name":"(anonymous_28)","decl":{"start":{"line":425,"column":46},"end":{"line":425,"column":47}},"loc":{"start":{"line":425,"column":65},"end":{"line":427,"column":25}},"line":425},"29":{"name":"(anonymous_29)","decl":{"start":{"line":429,"column":52},"end":{"line":429,"column":53}},"loc":{"start":{"line":429,"column":73},"end":{"line":431,"column":21}},"line":429},"30":{"name":"(anonymous_30)","decl":{"start":{"line":434,"column":41},"end":{"line":434,"column":42}},"loc":{"start":{"line":434,"column":54},"end":{"line":436,"column":21}},"line":434},"31":{"name":"(anonymous_31)","decl":{"start":{"line":437,"column":43},"end":{"line":437,"column":44}},"loc":{"start":{"line":437,"column":56},"end":{"line":439,"column":21}},"line":437},"32":{"name":"(anonymous_32)","decl":{"start":{"line":446,"column":48},"end":{"line":446,"column":49}},"loc":{"start":{"line":446,"column":67},"end":{"line":454,"column":21}},"line":446},"33":{"name":"(anonymous_33)","decl":{"start":{"line":459,"column":27},"end":{"line":459,"column":28}},"loc":{"start":{"line":459,"column":46},"end":{"line":464,"column":9}},"line":459},"34":{"name":"(anonymous_34)","decl":{"start":{"line":466,"column":26},"end":{"line":466,"column":27}},"loc":{"start":{"line":466,"column":44},"end":{"line":468,"column":9}},"line":466},"35":{"name":"execScope","decl":{"start":{"line":474,"column":13},"end":{"line":474,"column":22}},"loc":{"start":{"line":474,"column":39},"end":{"line":501,"column":5}},"line":474},"36":{"name":"(anonymous_36)","decl":{"start":{"line":480,"column":31},"end":{"line":480,"column":32}},"loc":{"start":{"line":480,"column":44},"end":{"line":482,"column":17}},"line":480},"37":{"name":"(anonymous_37)","decl":{"start":{"line":487,"column":33},"end":{"line":487,"column":34}},"loc":{"start":{"line":487,"column":51},"end":{"line":495,"column":17}},"line":487},"38":{"name":"(anonymous_38)","decl":{"start":{"line":489,"column":49},"end":{"line":489,"column":50}},"loc":{"start":{"line":489,"column":63},"end":{"line":491,"column":25}},"line":489},"39":{"name":"(anonymous_39)","decl":{"start":{"line":496,"column":48},"end":{"line":496,"column":49}},"loc":{"start":{"line":496,"column":67},"end":{"line":498,"column":17}},"line":496},"40":{"name":"sweep","decl":{"start":{"line":508,"column":13},"end":{"line":508,"column":18}},"loc":{"start":{"line":508,"column":30},"end":{"line":610,"column":5}},"line":508},"41":{"name":"(anonymous_41)","decl":{"start":{"line":518,"column":59},"end":{"line":518,"column":60}},"loc":{"start":{"line":518,"column":76},"end":{"line":522,"column":13}},"line":518},"42":{"name":"(anonymous_42)","decl":{"start":{"line":528,"column":36},"end":{"line":528,"column":37}},"loc":{"start":{"line":528,"column":57},"end":{"line":547,"column":9}},"line":528},"43":{"name":"(anonymous_43)","decl":{"start":{"line":549,"column":44},"end":{"line":549,"column":45}},"loc":{"start":{"line":549,"column":65},"end":{"line":568,"column":13}},"line":549},"44":{"name":"(anonymous_44)","decl":{"start":{"line":612,"column":29},"end":{"line":612,"column":30}},"loc":{"start":{"line":612,"column":49},"end":{"line":678,"column":5}},"line":612},"45":{"name":"(anonymous_45)","decl":{"start":{"line":630,"column":18},"end":{"line":630,"column":19}},"loc":{"start":{"line":630,"column":41},"end":{"line":677,"column":13}},"line":630},"46":{"name":"(anonymous_46)","decl":{"start":{"line":659,"column":39},"end":{"line":659,"column":40}},"loc":{"start":{"line":659,"column":58},"end":{"line":667,"column":17}},"line":659},"47":{"name":"(anonymous_47)","decl":{"start":{"line":680,"column":19},"end":{"line":680,"column":20}},"loc":{"start":{"line":680,"column":42},"end":{"line":713,"column":5}},"line":680},"48":{"name":"(anonymous_48)","decl":{"start":{"line":698,"column":43},"end":{"line":698,"column":44}},"loc":{"start":{"line":698,"column":66},"end":{"line":702,"column":17}},"line":698},"49":{"name":"(anonymous_49)","decl":{"start":{"line":705,"column":32},"end":{"line":705,"column":33}},"loc":{"start":{"line":705,"column":54},"end":{"line":707,"column":13}},"line":705},"50":{"name":"(anonymous_50)","decl":{"start":{"line":754,"column":24},"end":{"line":754,"column":25}},"loc":{"start":{"line":754,"column":35},"end":{"line":796,"column":1}},"line":754},"51":{"name":"(anonymous_51)","decl":{"start":{"line":761,"column":29},"end":{"line":761,"column":30}},"loc":{"start":{"line":761,"column":47},"end":{"line":765,"column":9}},"line":761},"52":{"name":"(anonymous_52)","decl":{"start":{"line":762,"column":30},"end":{"line":762,"column":31}},"loc":{"start":{"line":762,"column":53},"end":{"line":764,"column":13}},"line":762},"53":{"name":"(anonymous_53)","decl":{"start":{"line":772,"column":35},"end":{"line":772,"column":36}},"loc":{"start":{"line":772,"column":53},"end":{"line":791,"column":9}},"line":772},"54":{"name":"(anonymous_54)","decl":{"start":{"line":779,"column":31},"end":{"line":779,"column":32}},"loc":{"start":{"line":779,"column":47},"end":{"line":784,"column":17}},"line":779},"55":{"name":"(anonymous_55)","decl":{"start":{"line":781,"column":38},"end":{"line":781,"column":39}},"loc":{"start":{"line":781,"column":57},"end":{"line":783,"column":21}},"line":781},"56":{"name":"(anonymous_56)","decl":{"start":{"line":788,"column":30},"end":{"line":788,"column":31}},"loc":{"start":{"line":788,"column":53},"end":{"line":790,"column":13}},"line":788},"57":{"name":"(anonymous_57)","decl":{"start":{"line":804,"column":23},"end":{"line":804,"column":24}},"loc":{"start":{"line":804,"column":47},"end":{"line":806,"column":1}},"line":804},"58":{"name":"execOne","decl":{"start":{"line":808,"column":9},"end":{"line":808,"column":16}},"loc":{"start":{"line":808,"column":51},"end":{"line":837,"column":1}},"line":808},"59":{"name":"(anonymous_59)","decl":{"start":{"line":819,"column":47},"end":{"line":819,"column":48}},"loc":{"start":{"line":819,"column":70},"end":{"line":826,"column":9}},"line":819},"60":{"name":"_execOne","decl":{"start":{"line":846,"column":9},"end":{"line":846,"column":17}},"loc":{"start":{"line":846,"column":52},"end":{"line":972,"column":1}},"line":846},"61":{"name":"(anonymous_61)","decl":{"start":{"line":871,"column":57},"end":{"line":871,"column":58}},"loc":{"start":{"line":871,"column":71},"end":{"line":873,"column":17}},"line":871},"62":{"name":"(anonymous_62)","decl":{"start":{"line":891,"column":53},"end":{"line":891,"column":54}},"loc":{"start":{"line":891,"column":76},"end":{"line":908,"column":21}},"line":891},"63":{"name":"preReqNotFound","decl":{"start":{"line":974,"column":9},"end":{"line":974,"column":23}},"loc":{"start":{"line":974,"column":54},"end":{"line":982,"column":1}},"line":974},"64":{"name":"(anonymous_64)","decl":{"start":{"line":975,"column":57},"end":{"line":975,"column":58}},"loc":{"start":{"line":975,"column":72},"end":{"line":981,"column":5}},"line":975},"65":{"name":"(anonymous_65)","decl":{"start":{"line":990,"column":22},"end":{"line":990,"column":23}},"loc":{"start":{"line":990,"column":32},"end":{"line":1007,"column":1}},"line":990},"66":{"name":"(anonymous_66)","decl":{"start":{"line":1002,"column":12},"end":{"line":1002,"column":13}},"loc":{"start":{"line":1002,"column":22},"end":{"line":1002,"column":24}},"line":1002}},"branchMap":{"0":{"loc":{"start":{"line":56,"column":16},"end":{"line":56,"column":36}},"type":"binary-expr","locations":[{"start":{"line":56,"column":16},"end":{"line":56,"column":27}},{"start":{"line":56,"column":31},"end":{"line":56,"column":36}}],"line":56},"1":{"loc":{"start":{"line":77,"column":11},"end":{"line":77,"column":21}},"type":"binary-expr","locations":[{"start":{"line":77,"column":11},"end":{"line":77,"column":15}},{"start":{"line":77,"column":19},"end":{"line":77,"column":21}}],"line":77},"2":{"loc":{"start":{"line":80,"column":4},"end":{"line":82,"column":5}},"type":"if","locations":[{"start":{"line":80,"column":4},"end":{"line":82,"column":5}},{"start":{},"end":{}}],"line":80},"3":{"loc":{"start":{"line":85,"column":18},"end":{"line":85,"column":35}},"type":"binary-expr","locations":[{"start":{"line":85,"column":18},"end":{"line":85,"column":29}},{"start":{"line":85,"column":33},"end":{"line":85,"column":35}}],"line":85},"4":{"loc":{"start":{"line":86,"column":18},"end":{"line":88,"column":26}},"type":"cond-expr","locations":[{"start":{"line":86,"column":44},"end":{"line":86,"column":55}},{"start":{"line":86,"column":58},"end":{"line":88,"column":26}}],"line":86},"5":{"loc":{"start":{"line":109,"column":8},"end":{"line":111,"column":9}},"type":"if","locations":[{"start":{"line":109,"column":8},"end":{"line":111,"column":9}},{"start":{},"end":{}}],"line":109},"6":{"loc":{"start":{"line":109,"column":11},"end":{"line":109,"column":61}},"type":"binary-expr","locations":[{"start":{"line":109,"column":11},"end":{"line":109,"column":25}},{"start":{"line":109,"column":29},"end":{"line":109,"column":43}},{"start":{"line":109,"column":47},"end":{"line":109,"column":61}}],"line":109},"7":{"loc":{"start":{"line":116,"column":4},"end":{"line":143,"column":5}},"type":"if","locations":[{"start":{"line":116,"column":4},"end":{"line":143,"column":5}},{"start":{},"end":{}}],"line":116},"8":{"loc":{"start":{"line":121,"column":16},"end":{"line":137,"column":17}},"type":"if","locations":[{"start":{"line":121,"column":16},"end":{"line":137,"column":17}},{"start":{"line":135,"column":21},"end":{"line":137,"column":17}}],"line":121},"9":{"loc":{"start":{"line":193,"column":4},"end":{"line":195,"column":5}},"type":"if","locations":[{"start":{"line":193,"column":4},"end":{"line":195,"column":5}},{"start":{},"end":{}}],"line":193},"10":{"loc":{"start":{"line":219,"column":4},"end":{"line":239,"column":5}},"type":"if","locations":[{"start":{"line":219,"column":4},"end":{"line":239,"column":5}},{"start":{"line":224,"column":9},"end":{"line":239,"column":5}}],"line":219},"11":{"loc":{"start":{"line":224,"column":9},"end":{"line":239,"column":5}},"type":"if","locations":[{"start":{"line":224,"column":9},"end":{"line":239,"column":5}},{"start":{"line":229,"column":9},"end":{"line":239,"column":5}}],"line":224},"12":{"loc":{"start":{"line":229,"column":9},"end":{"line":239,"column":5}},"type":"if","locations":[{"start":{"line":229,"column":9},"end":{"line":239,"column":5}},{"start":{"line":237,"column":9},"end":{"line":239,"column":5}}],"line":229},"13":{"loc":{"start":{"line":248,"column":14},"end":{"line":248,"column":32}},"type":"binary-expr","locations":[{"start":{"line":248,"column":14},"end":{"line":248,"column":26}},{"start":{"line":248,"column":30},"end":{"line":248,"column":32}}],"line":248},"14":{"loc":{"start":{"line":251,"column":14},"end":{"line":251,"column":67}},"type":"binary-expr","locations":[{"start":{"line":251,"column":14},"end":{"line":251,"column":26}},{"start":{"line":251,"column":30},"end":{"line":251,"column":67}}],"line":251},"15":{"loc":{"start":{"line":252,"column":4},"end":{"line":254,"column":5}},"type":"if","locations":[{"start":{"line":252,"column":4},"end":{"line":254,"column":5}},{"start":{},"end":{}}],"line":252},"16":{"loc":{"start":{"line":253,"column":26},"end":{"line":253,"column":56}},"type":"binary-expr","locations":[{"start":{"line":253,"column":26},"end":{"line":253,"column":50}},{"start":{"line":253,"column":54},"end":{"line":253,"column":56}}],"line":253},"17":{"loc":{"start":{"line":262,"column":17},"end":{"line":262,"column":64}},"type":"cond-expr","locations":[{"start":{"line":262,"column":25},"end":{"line":262,"column":42}},{"start":{"line":262,"column":45},"end":{"line":262,"column":64}}],"line":262},"18":{"loc":{"start":{"line":265,"column":24},"end":{"line":265,"column":39}},"type":"binary-expr","locations":[{"start":{"line":265,"column":24},"end":{"line":265,"column":29}},{"start":{"line":265,"column":33},"end":{"line":265,"column":39}}],"line":265},"19":{"loc":{"start":{"line":270,"column":12},"end":{"line":272,"column":13}},"type":"if","locations":[{"start":{"line":270,"column":12},"end":{"line":272,"column":13}},{"start":{},"end":{}}],"line":270},"20":{"loc":{"start":{"line":274,"column":12},"end":{"line":278,"column":13}},"type":"if","locations":[{"start":{"line":274,"column":12},"end":{"line":278,"column":13}},{"start":{},"end":{}}],"line":274},"21":{"loc":{"start":{"line":274,"column":15},"end":{"line":274,"column":35}},"type":"binary-expr","locations":[{"start":{"line":274,"column":15},"end":{"line":274,"column":22}},{"start":{"line":274,"column":26},"end":{"line":274,"column":35}}],"line":274},"22":{"loc":{"start":{"line":275,"column":34},"end":{"line":275,"column":55}},"type":"binary-expr","locations":[{"start":{"line":275,"column":34},"end":{"line":275,"column":49}},{"start":{"line":275,"column":53},"end":{"line":275,"column":55}}],"line":275},"23":{"loc":{"start":{"line":276,"column":29},"end":{"line":276,"column":101}},"type":"cond-expr","locations":[{"start":{"line":276,"column":59},"end":{"line":276,"column":86}},{"start":{"line":276,"column":89},"end":{"line":276,"column":101}}],"line":276},"24":{"loc":{"start":{"line":291,"column":15},"end":{"line":291,"column":69}},"type":"cond-expr","locations":[{"start":{"line":291,"column":23},"end":{"line":291,"column":29}},{"start":{"line":291,"column":32},"end":{"line":291,"column":69}}],"line":291},"25":{"loc":{"start":{"line":302,"column":8},"end":{"line":304,"column":9}},"type":"if","locations":[{"start":{"line":302,"column":8},"end":{"line":304,"column":9}},{"start":{},"end":{}}],"line":302},"26":{"loc":{"start":{"line":306,"column":4},"end":{"line":324,"column":5}},"type":"if","locations":[{"start":{"line":306,"column":4},"end":{"line":324,"column":5}},{"start":{},"end":{}}],"line":306},"27":{"loc":{"start":{"line":332,"column":8},"end":{"line":334,"column":9}},"type":"if","locations":[{"start":{"line":332,"column":8},"end":{"line":334,"column":9}},{"start":{},"end":{}}],"line":332},"28":{"loc":{"start":{"line":332,"column":12},"end":{"line":332,"column":61}},"type":"binary-expr","locations":[{"start":{"line":332,"column":12},"end":{"line":332,"column":22}},{"start":{"line":332,"column":26},"end":{"line":332,"column":61}}],"line":332},"29":{"loc":{"start":{"line":337,"column":12},"end":{"line":363,"column":13}},"type":"switch","locations":[{"start":{"line":338,"column":16},"end":{"line":346,"column":26}},{"start":{"line":347,"column":16},"end":{"line":362,"column":26}}],"line":337},"30":{"loc":{"start":{"line":357,"column":20},"end":{"line":361,"column":21}},"type":"if","locations":[{"start":{"line":357,"column":20},"end":{"line":361,"column":21}},{"start":{},"end":{}}],"line":357},"31":{"loc":{"start":{"line":365,"column":8},"end":{"line":367,"column":9}},"type":"if","locations":[{"start":{"line":365,"column":8},"end":{"line":367,"column":9}},{"start":{},"end":{}}],"line":365},"32":{"loc":{"start":{"line":370,"column":19},"end":{"line":370,"column":71}},"type":"cond-expr","locations":[{"start":{"line":370,"column":41},"end":{"line":370,"column":67}},{"start":{"line":370,"column":70},"end":{"line":370,"column":71}}],"line":370},"33":{"loc":{"start":{"line":374,"column":12},"end":{"line":380,"column":13}},"type":"if","locations":[{"start":{"line":374,"column":12},"end":{"line":380,"column":13}},{"start":{"line":377,"column":19},"end":{"line":380,"column":13}}],"line":374},"34":{"loc":{"start":{"line":377,"column":19},"end":{"line":380,"column":13}},"type":"if","locations":[{"start":{"line":377,"column":19},"end":{"line":380,"column":13}},{"start":{},"end":{}}],"line":377},"35":{"loc":{"start":{"line":377,"column":23},"end":{"line":377,"column":81}},"type":"binary-expr","locations":[{"start":{"line":377,"column":23},"end":{"line":377,"column":53}},{"start":{"line":377,"column":57},"end":{"line":377,"column":81}}],"line":377},"36":{"loc":{"start":{"line":382,"column":25},"end":{"line":382,"column":84}},"type":"cond-expr","locations":[{"start":{"line":382,"column":41},"end":{"line":382,"column":63}},{"start":{"line":382,"column":66},"end":{"line":382,"column":84}}],"line":382},"37":{"loc":{"start":{"line":383,"column":8},"end":{"line":385,"column":9}},"type":"if","locations":[{"start":{"line":383,"column":8},"end":{"line":385,"column":9}},{"start":{},"end":{}}],"line":383},"38":{"loc":{"start":{"line":386,"column":8},"end":{"line":388,"column":9}},"type":"if","locations":[{"start":{"line":386,"column":8},"end":{"line":388,"column":9}},{"start":{},"end":{}}],"line":386},"39":{"loc":{"start":{"line":393,"column":4},"end":{"line":399,"column":5}},"type":"if","locations":[{"start":{"line":393,"column":4},"end":{"line":399,"column":5}},{"start":{},"end":{}}],"line":393},"40":{"loc":{"start":{"line":395,"column":12},"end":{"line":397,"column":13}},"type":"if","locations":[{"start":{"line":395,"column":12},"end":{"line":397,"column":13}},{"start":{},"end":{}}],"line":395},"41":{"loc":{"start":{"line":395,"column":16},"end":{"line":395,"column":64}},"type":"binary-expr","locations":[{"start":{"line":395,"column":16},"end":{"line":395,"column":25}},{"start":{"line":395,"column":29},"end":{"line":395,"column":64}}],"line":395},"42":{"loc":{"start":{"line":402,"column":4},"end":{"line":408,"column":5}},"type":"if","locations":[{"start":{"line":402,"column":4},"end":{"line":408,"column":5}},{"start":{"line":405,"column":11},"end":{"line":408,"column":5}}],"line":402},"43":{"loc":{"start":{"line":405,"column":11},"end":{"line":408,"column":5}},"type":"if","locations":[{"start":{"line":405,"column":11},"end":{"line":408,"column":5}},{"start":{},"end":{}}],"line":405},"44":{"loc":{"start":{"line":415,"column":12},"end":{"line":417,"column":13}},"type":"if","locations":[{"start":{"line":415,"column":12},"end":{"line":417,"column":13}},{"start":{},"end":{}}],"line":415},"45":{"loc":{"start":{"line":419,"column":12},"end":{"line":455,"column":13}},"type":"switch","locations":[{"start":{"line":420,"column":16},"end":{"line":432,"column":26}},{"start":{"line":433,"column":16},"end":{"line":440,"column":26}},{"start":{"line":441,"column":16},"end":{"line":454,"column":23}}],"line":419},"46":{"loc":{"start":{"line":442,"column":20},"end":{"line":444,"column":21}},"type":"if","locations":[{"start":{"line":442,"column":20},"end":{"line":444,"column":21}},{"start":{},"end":{}}],"line":442},"47":{"loc":{"start":{"line":448,"column":24},"end":{"line":453,"column":25}},"type":"if","locations":[{"start":{"line":448,"column":24},"end":{"line":453,"column":25}},{"start":{},"end":{}}],"line":448},"48":{"loc":{"start":{"line":449,"column":28},"end":{"line":451,"column":29}},"type":"if","locations":[{"start":{"line":449,"column":28},"end":{"line":451,"column":29}},{"start":{},"end":{}}],"line":449},"49":{"loc":{"start":{"line":461,"column":12},"end":{"line":463,"column":13}},"type":"if","locations":[{"start":{"line":461,"column":12},"end":{"line":463,"column":13}},{"start":{},"end":{}}],"line":461},"50":{"loc":{"start":{"line":475,"column":8},"end":{"line":500,"column":9}},"type":"switch","locations":[{"start":{"line":476,"column":12},"end":{"line":483,"column":22}},{"start":{"line":484,"column":12},"end":{"line":499,"column":22}}],"line":475},"51":{"loc":{"start":{"line":488,"column":20},"end":{"line":494,"column":21}},"type":"if","locations":[{"start":{"line":488,"column":20},"end":{"line":494,"column":21}},{"start":{"line":492,"column":25},"end":{"line":494,"column":21}}],"line":488},"52":{"loc":{"start":{"line":509,"column":8},"end":{"line":511,"column":9}},"type":"if","locations":[{"start":{"line":509,"column":8},"end":{"line":511,"column":9}},{"start":{},"end":{}}],"line":509},"53":{"loc":{"start":{"line":512,"column":8},"end":{"line":516,"column":9}},"type":"if","locations":[{"start":{"line":512,"column":8},"end":{"line":516,"column":9}},{"start":{},"end":{}}],"line":512},"54":{"loc":{"start":{"line":512,"column":11},"end":{"line":513,"column":69}},"type":"binary-expr","locations":[{"start":{"line":512,"column":11},"end":{"line":512,"column":26}},{"start":{"line":512,"column":30},"end":{"line":512,"column":98}},{"start":{"line":513,"column":13},"end":{"line":513,"column":43}},{"start":{"line":513,"column":47},"end":{"line":513,"column":68}}],"line":512},"55":{"loc":{"start":{"line":517,"column":8},"end":{"line":527,"column":9}},"type":"if","locations":[{"start":{"line":517,"column":8},"end":{"line":527,"column":9}},{"start":{},"end":{}}],"line":517},"56":{"loc":{"start":{"line":520,"column":34},"end":{"line":520,"column":84}},"type":"cond-expr","locations":[{"start":{"line":520,"column":64},"end":{"line":520,"column":74}},{"start":{"line":520,"column":77},"end":{"line":520,"column":84}}],"line":520},"57":{"loc":{"start":{"line":523,"column":12},"end":{"line":526,"column":13}},"type":"if","locations":[{"start":{"line":523,"column":12},"end":{"line":526,"column":13}},{"start":{},"end":{}}],"line":523},"58":{"loc":{"start":{"line":531,"column":12},"end":{"line":541,"column":13}},"type":"if","locations":[{"start":{"line":531,"column":12},"end":{"line":541,"column":13}},{"start":{"line":535,"column":19},"end":{"line":541,"column":13}}],"line":531},"59":{"loc":{"start":{"line":535,"column":19},"end":{"line":541,"column":13}},"type":"if","locations":[{"start":{"line":535,"column":19},"end":{"line":541,"column":13}},{"start":{"line":539,"column":19},"end":{"line":541,"column":13}}],"line":535},"60":{"loc":{"start":{"line":535,"column":23},"end":{"line":535,"column":81}},"type":"binary-expr","locations":[{"start":{"line":535,"column":23},"end":{"line":535,"column":53}},{"start":{"line":535,"column":57},"end":{"line":535,"column":81}}],"line":535},"61":{"loc":{"start":{"line":543,"column":12},"end":{"line":546,"column":13}},"type":"if","locations":[{"start":{"line":543,"column":12},"end":{"line":546,"column":13}},{"start":{},"end":{}}],"line":543},"62":{"loc":{"start":{"line":548,"column":8},"end":{"line":572,"column":9}},"type":"if","locations":[{"start":{"line":548,"column":8},"end":{"line":572,"column":9}},{"start":{},"end":{}}],"line":548},"63":{"loc":{"start":{"line":552,"column":16},"end":{"line":562,"column":17}},"type":"if","locations":[{"start":{"line":552,"column":16},"end":{"line":562,"column":17}},{"start":{"line":556,"column":23},"end":{"line":562,"column":17}}],"line":552},"64":{"loc":{"start":{"line":556,"column":23},"end":{"line":562,"column":17}},"type":"if","locations":[{"start":{"line":556,"column":23},"end":{"line":562,"column":17}},{"start":{"line":560,"column":23},"end":{"line":562,"column":17}}],"line":556},"65":{"loc":{"start":{"line":556,"column":27},"end":{"line":556,"column":85}},"type":"binary-expr","locations":[{"start":{"line":556,"column":27},"end":{"line":556,"column":57}},{"start":{"line":556,"column":61},"end":{"line":556,"column":85}}],"line":556},"66":{"loc":{"start":{"line":564,"column":16},"end":{"line":567,"column":17}},"type":"if","locations":[{"start":{"line":564,"column":16},"end":{"line":567,"column":17}},{"start":{},"end":{}}],"line":564},"67":{"loc":{"start":{"line":569,"column":12},"end":{"line":571,"column":13}},"type":"if","locations":[{"start":{"line":569,"column":12},"end":{"line":571,"column":13}},{"start":{},"end":{}}],"line":569},"68":{"loc":{"start":{"line":569,"column":15},"end":{"line":569,"column":110}},"type":"binary-expr","locations":[{"start":{"line":569,"column":15},"end":{"line":569,"column":34}},{"start":{"line":569,"column":38},"end":{"line":569,"column":110}}],"line":569},"69":{"loc":{"start":{"line":574,"column":21},"end":{"line":574,"column":47}},"type":"binary-expr","locations":[{"start":{"line":574,"column":21},"end":{"line":574,"column":34}},{"start":{"line":574,"column":38},"end":{"line":574,"column":47}}],"line":574},"70":{"loc":{"start":{"line":577,"column":8},"end":{"line":583,"column":9}},"type":"if","locations":[{"start":{"line":577,"column":8},"end":{"line":583,"column":9}},{"start":{},"end":{}}],"line":577},"71":{"loc":{"start":{"line":579,"column":12},"end":{"line":581,"column":13}},"type":"if","locations":[{"start":{"line":579,"column":12},"end":{"line":581,"column":13}},{"start":{},"end":{}}],"line":579},"72":{"loc":{"start":{"line":585,"column":26},"end":{"line":585,"column":167}},"type":"binary-expr","locations":[{"start":{"line":585,"column":26},"end":{"line":585,"column":37}},{"start":{"line":585,"column":41},"end":{"line":585,"column":104}},{"start":{"line":585,"column":109},"end":{"line":585,"column":124}},{"start":{"line":585,"column":128},"end":{"line":585,"column":166}}],"line":585},"73":{"loc":{"start":{"line":588,"column":8},"end":{"line":590,"column":9}},"type":"if","locations":[{"start":{"line":588,"column":8},"end":{"line":590,"column":9}},{"start":{},"end":{}}],"line":588},"74":{"loc":{"start":{"line":592,"column":8},"end":{"line":609,"column":9}},"type":"if","locations":[{"start":{"line":592,"column":8},"end":{"line":609,"column":9}},{"start":{},"end":{}}],"line":592},"75":{"loc":{"start":{"line":592,"column":11},"end":{"line":594,"column":21}},"type":"binary-expr","locations":[{"start":{"line":592,"column":11},"end":{"line":592,"column":68}},{"start":{"line":593,"column":12},"end":{"line":593,"column":42}},{"start":{"line":594,"column":12},"end":{"line":594,"column":21}}],"line":592},"76":{"loc":{"start":{"line":598,"column":12},"end":{"line":608,"column":13}},"type":"if","locations":[{"start":{"line":598,"column":12},"end":{"line":608,"column":13}},{"start":{"line":602,"column":17},"end":{"line":608,"column":13}}],"line":598},"77":{"loc":{"start":{"line":598,"column":16},"end":{"line":598,"column":35}},"type":"binary-expr","locations":[{"start":{"line":598,"column":16},"end":{"line":598,"column":25}},{"start":{"line":598,"column":29},"end":{"line":598,"column":35}}],"line":598},"78":{"loc":{"start":{"line":603,"column":16},"end":{"line":606,"column":17}},"type":"if","locations":[{"start":{"line":603,"column":16},"end":{"line":606,"column":17}},{"start":{},"end":{}}],"line":603},"79":{"loc":{"start":{"line":613,"column":8},"end":{"line":615,"column":9}},"type":"if","locations":[{"start":{"line":613,"column":8},"end":{"line":615,"column":9}},{"start":{},"end":{}}],"line":613},"80":{"loc":{"start":{"line":616,"column":21},"end":{"line":616,"column":47}},"type":"binary-expr","locations":[{"start":{"line":616,"column":21},"end":{"line":616,"column":34}},{"start":{"line":616,"column":38},"end":{"line":616,"column":47}}],"line":616},"81":{"loc":{"start":{"line":631,"column":16},"end":{"line":650,"column":17}},"type":"if","locations":[{"start":{"line":631,"column":16},"end":{"line":650,"column":17}},{"start":{"line":642,"column":21},"end":{"line":650,"column":17}}],"line":631},"82":{"loc":{"start":{"line":632,"column":20},"end":{"line":640,"column":21}},"type":"if","locations":[{"start":{"line":632,"column":20},"end":{"line":640,"column":21}},{"start":{"line":636,"column":25},"end":{"line":640,"column":21}}],"line":632},"83":{"loc":{"start":{"line":642,"column":21},"end":{"line":650,"column":17}},"type":"if","locations":[{"start":{"line":642,"column":21},"end":{"line":650,"column":17}},{"start":{},"end":{}}],"line":642},"84":{"loc":{"start":{"line":642,"column":24},"end":{"line":644,"column":65}},"type":"binary-expr","locations":[{"start":{"line":642,"column":24},"end":{"line":642,"column":40}},{"start":{"line":642,"column":44},"end":{"line":642,"column":65}},{"start":{"line":643,"column":23},"end":{"line":643,"column":44}},{"start":{"line":643,"column":48},"end":{"line":643,"column":74}},{"start":{"line":644,"column":23},"end":{"line":644,"column":44}},{"start":{"line":644,"column":48},"end":{"line":644,"column":65}}],"line":642},"85":{"loc":{"start":{"line":645,"column":37},"end":{"line":645,"column":96}},"type":"cond-expr","locations":[{"start":{"line":645,"column":53},"end":{"line":645,"column":75}},{"start":{"line":645,"column":78},"end":{"line":645,"column":96}}],"line":645},"86":{"loc":{"start":{"line":646,"column":20},"end":{"line":649,"column":21}},"type":"if","locations":[{"start":{"line":646,"column":20},"end":{"line":649,"column":21}},{"start":{},"end":{}}],"line":646},"87":{"loc":{"start":{"line":653,"column":43},"end":{"line":653,"column":106}},"type":"cond-expr","locations":[{"start":{"line":653,"column":49},"end":{"line":653,"column":75}},{"start":{"line":653,"column":78},"end":{"line":653,"column":106}}],"line":653},"88":{"loc":{"start":{"line":656,"column":16},"end":{"line":658,"column":17}},"type":"if","locations":[{"start":{"line":656,"column":16},"end":{"line":658,"column":17}},{"start":{},"end":{}}],"line":656},"89":{"loc":{"start":{"line":656,"column":19},"end":{"line":656,"column":60}},"type":"binary-expr","locations":[{"start":{"line":656,"column":19},"end":{"line":656,"column":37}},{"start":{"line":656,"column":41},"end":{"line":656,"column":60}}],"line":656},"90":{"loc":{"start":{"line":661,"column":20},"end":{"line":666,"column":21}},"type":"if","locations":[{"start":{"line":661,"column":20},"end":{"line":666,"column":21}},{"start":{},"end":{}}],"line":661},"91":{"loc":{"start":{"line":662,"column":24},"end":{"line":664,"column":25}},"type":"if","locations":[{"start":{"line":662,"column":24},"end":{"line":664,"column":25}},{"start":{},"end":{}}],"line":662},"92":{"loc":{"start":{"line":668,"column":16},"end":{"line":676,"column":17}},"type":"if","locations":[{"start":{"line":668,"column":16},"end":{"line":676,"column":17}},{"start":{"line":674,"column":21},"end":{"line":676,"column":17}}],"line":668},"93":{"loc":{"start":{"line":668,"column":20},"end":{"line":668,"column":50}},"type":"binary-expr","locations":[{"start":{"line":668,"column":20},"end":{"line":668,"column":29}},{"start":{"line":668,"column":33},"end":{"line":668,"column":50}}],"line":668},"94":{"loc":{"start":{"line":674,"column":21},"end":{"line":676,"column":17}},"type":"if","locations":[{"start":{"line":674,"column":21},"end":{"line":676,"column":17}},{"start":{},"end":{}}],"line":674},"95":{"loc":{"start":{"line":681,"column":39},"end":{"line":681,"column":102}},"type":"cond-expr","locations":[{"start":{"line":681,"column":45},"end":{"line":681,"column":71}},{"start":{"line":681,"column":74},"end":{"line":681,"column":102}}],"line":681},"96":{"loc":{"start":{"line":685,"column":8},"end":{"line":712,"column":9}},"type":"if","locations":[{"start":{"line":685,"column":8},"end":{"line":712,"column":9}},{"start":{"line":688,"column":13},"end":{"line":712,"column":9}}],"line":685},"97":{"loc":{"start":{"line":689,"column":22},"end":{"line":689,"column":57}},"type":"binary-expr","locations":[{"start":{"line":689,"column":22},"end":{"line":689,"column":29}},{"start":{"line":689,"column":33},"end":{"line":689,"column":57}}],"line":689},"98":{"loc":{"start":{"line":690,"column":12},"end":{"line":703,"column":13}},"type":"if","locations":[{"start":{"line":690,"column":12},"end":{"line":703,"column":13}},{"start":{},"end":{}}],"line":690},"99":{"loc":{"start":{"line":690,"column":15},"end":{"line":690,"column":47}},"type":"binary-expr","locations":[{"start":{"line":690,"column":15},"end":{"line":690,"column":25}},{"start":{"line":690,"column":29},"end":{"line":690,"column":47}}],"line":690},"100":{"loc":{"start":{"line":718,"column":4},"end":{"line":724,"column":5}},"type":"if","locations":[{"start":{"line":718,"column":4},"end":{"line":724,"column":5}},{"start":{"line":721,"column":11},"end":{"line":724,"column":5}}],"line":718},"101":{"loc":{"start":{"line":721,"column":11},"end":{"line":724,"column":5}},"type":"if","locations":[{"start":{"line":721,"column":11},"end":{"line":724,"column":5}},{"start":{},"end":{}}],"line":721},"102":{"loc":{"start":{"line":721,"column":15},"end":{"line":721,"column":53}},"type":"binary-expr","locations":[{"start":{"line":721,"column":15},"end":{"line":721,"column":34}},{"start":{"line":721,"column":38},"end":{"line":721,"column":53}}],"line":721},"103":{"loc":{"start":{"line":726,"column":4},"end":{"line":737,"column":5}},"type":"if","locations":[{"start":{"line":726,"column":4},"end":{"line":737,"column":5}},{"start":{},"end":{}}],"line":726},"104":{"loc":{"start":{"line":726,"column":8},"end":{"line":726,"column":68}},"type":"binary-expr","locations":[{"start":{"line":726,"column":8},"end":{"line":726,"column":23}},{"start":{"line":726,"column":27},"end":{"line":726,"column":68}}],"line":726},"105":{"loc":{"start":{"line":732,"column":12},"end":{"line":734,"column":13}},"type":"if","locations":[{"start":{"line":732,"column":12},"end":{"line":734,"column":13}},{"start":{},"end":{}}],"line":732},"106":{"loc":{"start":{"line":740,"column":4},"end":{"line":746,"column":5}},"type":"if","locations":[{"start":{"line":740,"column":4},"end":{"line":746,"column":5}},{"start":{"line":743,"column":11},"end":{"line":746,"column":5}}],"line":740},"107":{"loc":{"start":{"line":743,"column":11},"end":{"line":746,"column":5}},"type":"if","locations":[{"start":{"line":743,"column":11},"end":{"line":746,"column":5}},{"start":{},"end":{}}],"line":743},"108":{"loc":{"start":{"line":743,"column":15},"end":{"line":743,"column":53}},"type":"binary-expr","locations":[{"start":{"line":743,"column":15},"end":{"line":743,"column":34}},{"start":{"line":743,"column":38},"end":{"line":743,"column":53}}],"line":743},"109":{"loc":{"start":{"line":758,"column":4},"end":{"line":795,"column":5}},"type":"if","locations":[{"start":{"line":758,"column":4},"end":{"line":795,"column":5}},{"start":{"line":768,"column":9},"end":{"line":795,"column":5}}],"line":758},"110":{"loc":{"start":{"line":758,"column":7},"end":{"line":758,"column":87}},"type":"binary-expr","locations":[{"start":{"line":758,"column":7},"end":{"line":758,"column":29}},{"start":{"line":758,"column":33},"end":{"line":758,"column":57}},{"start":{"line":758,"column":61},"end":{"line":758,"column":87}}],"line":758},"111":{"loc":{"start":{"line":768,"column":9},"end":{"line":795,"column":5}},"type":"if","locations":[{"start":{"line":768,"column":9},"end":{"line":795,"column":5}},{"start":{"line":793,"column":9},"end":{"line":795,"column":5}}],"line":768},"112":{"loc":{"start":{"line":776,"column":12},"end":{"line":785,"column":13}},"type":"if","locations":[{"start":{"line":776,"column":12},"end":{"line":785,"column":13}},{"start":{},"end":{}}],"line":776},"113":{"loc":{"start":{"line":814,"column":4},"end":{"line":816,"column":5}},"type":"if","locations":[{"start":{"line":814,"column":4},"end":{"line":816,"column":5}},{"start":{},"end":{}}],"line":814},"114":{"loc":{"start":{"line":820,"column":12},"end":{"line":824,"column":13}},"type":"if","locations":[{"start":{"line":820,"column":12},"end":{"line":824,"column":13}},{"start":{},"end":{}}],"line":820},"115":{"loc":{"start":{"line":822,"column":30},"end":{"line":822,"column":93}},"type":"cond-expr","locations":[{"start":{"line":822,"column":36},"end":{"line":822,"column":62}},{"start":{"line":822,"column":65},"end":{"line":822,"column":93}}],"line":822},"116":{"loc":{"start":{"line":829,"column":20},"end":{"line":829,"column":32}},"type":"binary-expr","locations":[{"start":{"line":829,"column":20},"end":{"line":829,"column":27}},{"start":{"line":829,"column":31},"end":{"line":829,"column":32}}],"line":829},"117":{"loc":{"start":{"line":830,"column":8},"end":{"line":834,"column":9}},"type":"if","locations":[{"start":{"line":830,"column":8},"end":{"line":834,"column":9}},{"start":{},"end":{}}],"line":830},"118":{"loc":{"start":{"line":847,"column":4},"end":{"line":849,"column":5}},"type":"if","locations":[{"start":{"line":847,"column":4},"end":{"line":849,"column":5}},{"start":{},"end":{}}],"line":847},"119":{"loc":{"start":{"line":852,"column":4},"end":{"line":971,"column":5}},"type":"switch","locations":[{"start":{"line":853,"column":8},"end":{"line":855,"column":18}},{"start":{"line":856,"column":8},"end":{"line":921,"column":18}},{"start":{"line":922,"column":8},"end":{"line":924,"column":18}},{"start":{"line":925,"column":8},"end":{"line":927,"column":18}},{"start":{"line":928,"column":8},"end":{"line":930,"column":18}},{"start":{"line":931,"column":8},"end":{"line":933,"column":18}},{"start":{"line":934,"column":8},"end":{"line":936,"column":18}},{"start":{"line":937,"column":8},"end":{"line":939,"column":18}},{"start":{"line":940,"column":8},"end":{"line":942,"column":18}},{"start":{"line":943,"column":8},"end":{"line":945,"column":18}},{"start":{"line":946,"column":8},"end":{"line":958,"column":18}},{"start":{"line":959,"column":8},"end":{"line":961,"column":18}},{"start":{"line":962,"column":8},"end":{"line":964,"column":18}},{"start":{"line":965,"column":8},"end":{"line":967,"column":18}},{"start":{"line":968,"column":8},"end":{"line":970,"column":18}}],"line":852},"120":{"loc":{"start":{"line":865,"column":12},"end":{"line":911,"column":13}},"type":"if","locations":[{"start":{"line":865,"column":12},"end":{"line":911,"column":13}},{"start":{"line":868,"column":17},"end":{"line":911,"column":13}}],"line":865},"121":{"loc":{"start":{"line":868,"column":17},"end":{"line":911,"column":13}},"type":"if","locations":[{"start":{"line":868,"column":17},"end":{"line":911,"column":13}},{"start":{},"end":{}}],"line":868},"122":{"loc":{"start":{"line":869,"column":16},"end":{"line":910,"column":17}},"type":"if","locations":[{"start":{"line":869,"column":16},"end":{"line":910,"column":17}},{"start":{"line":890,"column":21},"end":{"line":910,"column":17}}],"line":869},"123":{"loc":{"start":{"line":887,"column":32},"end":{"line":887,"column":44}},"type":"binary-expr","locations":[{"start":{"line":887,"column":32},"end":{"line":887,"column":39}},{"start":{"line":887,"column":43},"end":{"line":887,"column":44}}],"line":887},"124":{"loc":{"start":{"line":892,"column":24},"end":{"line":907,"column":25}},"type":"if","locations":[{"start":{"line":892,"column":24},"end":{"line":907,"column":25}},{"start":{"line":895,"column":29},"end":{"line":907,"column":25}}],"line":892},"125":{"loc":{"start":{"line":896,"column":28},"end":{"line":898,"column":29}},"type":"if","locations":[{"start":{"line":896,"column":28},"end":{"line":898,"column":29}},{"start":{},"end":{}}],"line":896},"126":{"loc":{"start":{"line":948,"column":12},"end":{"line":950,"column":13}},"type":"if","locations":[{"start":{"line":948,"column":12},"end":{"line":950,"column":13}},{"start":{},"end":{}}],"line":948},"127":{"loc":{"start":{"line":951,"column":12},"end":{"line":953,"column":13}},"type":"if","locations":[{"start":{"line":951,"column":12},"end":{"line":953,"column":13}},{"start":{},"end":{}}],"line":951},"128":{"loc":{"start":{"line":975,"column":12},"end":{"line":981,"column":6}},"type":"binary-expr","locations":[{"start":{"line":975,"column":12},"end":{"line":975,"column":28}},{"start":{"line":975,"column":32},"end":{"line":981,"column":6}}],"line":975},"129":{"loc":{"start":{"line":976,"column":22},"end":{"line":976,"column":83}},"type":"binary-expr","locations":[{"start":{"line":976,"column":22},"end":{"line":976,"column":53}},{"start":{"line":976,"column":57},"end":{"line":976,"column":83}}],"line":976},"130":{"loc":{"start":{"line":977,"column":8},"end":{"line":979,"column":9}},"type":"if","locations":[{"start":{"line":977,"column":8},"end":{"line":979,"column":9}},{"start":{},"end":{}}],"line":977},"131":{"loc":{"start":{"line":994,"column":4},"end":{"line":996,"column":5}},"type":"if","locations":[{"start":{"line":994,"column":4},"end":{"line":996,"column":5}},{"start":{},"end":{}}],"line":994}},"s":{"0":71,"1":71,"2":71,"3":71,"4":71,"5":71,"6":71,"7":71,"8":71,"9":71,"10":71,"11":71,"12":71,"13":71,"14":71,"15":71,"16":71,"17":71,"18":71,"19":71,"20":71,"21":71,"22":71,"23":71,"24":71,"25":71,"26":71,"27":71,"28":71,"29":71,"30":71,"31":0,"32":71,"33":218,"34":218,"35":218,"36":218,"37":218,"38":0,"39":218,"40":218,"41":218,"42":218,"43":218,"44":218,"45":218,"46":218,"47":430,"48":430,"49":218,"50":218,"51":0,"52":0,"53":0,"54":0,"55":0,"56":0,"57":0,"58":0,"59":0,"60":0,"61":0,"62":0,"63":0,"64":218,"65":218,"66":218,"67":218,"68":218,"69":0,"70":218,"71":71,"72":71,"73":75,"74":75,"75":75,"76":75,"77":0,"78":75,"79":75,"80":71,"81":75,"82":75,"83":75,"84":75,"85":75,"86":68,"87":68,"88":68,"89":7,"90":7,"91":7,"92":7,"93":0,"94":0,"95":0,"96":0,"97":0,"98":0,"99":75,"100":75,"101":75,"102":75,"103":75,"104":75,"105":75,"106":75,"107":0,"108":75,"109":75,"110":75,"111":75,"112":75,"113":74,"114":75,"115":75,"116":21,"117":21,"118":21,"119":75,"120":75,"121":75,"122":75,"123":1,"124":1,"125":74,"126":21,"127":21,"128":74,"129":0,"130":0,"131":0,"132":0,"133":0,"134":0,"135":0,"136":0,"137":0,"138":0,"139":0,"140":0,"141":74,"142":283,"143":0,"144":237,"145":11,"146":11,"147":12,"148":11,"149":10,"150":11,"151":0,"152":0,"153":0,"154":0,"155":0,"156":0,"157":0,"158":0,"159":0,"160":0,"161":283,"162":46,"163":237,"164":237,"165":142,"166":142,"167":0,"168":0,"169":237,"170":237,"171":12,"172":237,"173":22,"174":237,"175":74,"176":74,"177":0,"178":0,"179":0,"180":74,"181":74,"182":0,"183":0,"184":0,"185":11,"186":0,"187":11,"188":11,"189":0,"190":0,"191":0,"192":0,"193":0,"194":0,"195":0,"196":0,"197":1,"198":1,"199":1,"200":1,"201":1,"202":10,"203":0,"204":10,"205":10,"206":9,"207":9,"208":4,"209":0,"210":
[...]
,"/Users/subbu/dev/ql.io/modules/engine/lib/engine/source/verb.js": {"path":"/Users/subbu/dev/ql.io/modules/engine/lib/engine/source/verb.js","statementMap":{"0":{"start":{"line":19,"column":13},"end":{"line":19,"column":30}},"1":{"start":{"line":20,"column":9},"end":{"line":20,"column":22}},"2":{"start":{"line":21,"column":8},"end":{"line":21,"column":29}},"3":{"start":{"line":22,"column":14},"end":{"line":22,"column":32}},"4":{"start":{"line":23,"column":12},"end":{"line":23,"column":28}},"5":{"start":{"line":24,"column":17},"end":{"line":24,"column":45}},"6":{"start":{"line":25,"column":18},"end":{"line":25,"column":47}},"7":{"start":{"line":26,"column":18},"end":{"line":26,"column":47}},"8":{"start":{"line":27,"column":9},"end":{"line":27,"column":22}},"9":{"start":{"line":28,"column":16},"end":{"line":28,"column":41}},"10":{"start":{"line":29,"column":14},"end":{"line":29,"column":43}},"11":{"start":{"line":30,"column":12},"end":{"line":30,"column":33}},"12":{"start":{"line":31,"column":12},"end":{"line":31,"column":33}},"13":{"start":{"line":32,"column":20},"end":{"line":32,"column":49}},"14":{"start":{"line":33,"column":21},"end":{"line":33,"column":51}},"15":{"start":{"line":35,"column":11},"end":{"line":62,"column":1}},"16":{"start":{"line":36,"column":4},"end":{"line":36,"column":23}},"17":{"start":{"line":37,"column":4},"end":{"line":37,"column":21}},"18":{"start":{"line":38,"column":4},"end":{"line":38,"column":31}},"19":{"start":{"line":40,"column":4},"end":{"line":40,"column":36}},"20":{"start":{"line":41,"column":4},"end":{"line":51,"column":9}},"21":{"start":{"line":43,"column":12},"end":{"line":43,"column":83}},"22":{"start":{"line":44,"column":12},"end":{"line":44,"column":18}},"23":{"start":{"line":46,"column":12},"end":{"line":46,"column":82}},"24":{"start":{"line":47,"column":12},"end":{"line":47,"column":18}},"25":{"start":{"line":49,"column":30},"end":{"line":49,"column":59}},"26":{"start":{"line":50,"column":12},"end":{"line":50,"column":47}},"27":{"start":{"line":56,"column":4},"end":{"line":58,"column":5}},"28":{"start":{"line":57,"column":8},"end":{"line":57,"column":51}}},"fnMap":{"0":{"name":"(anonymous_0)","decl":{"start":{"line":35,"column":28},"end":{"line":35,"column":29}},"loc":{"start":{"line":35,"column":78},"end":{"line":62,"column":1}},"line":35},"1":{"name":"(anonymous_1)","decl":{"start":{"line":56,"column":16},"end":{"line":56,"column":17}},"loc":{"start":{"line":56,"column":30},"end":{"line":58,"column":5}},"line":56}},"branchMap":{"0":{"loc":{"start":{"line":41,"column":4},"end":{"line":51,"column":9}},"type":"switch","locations":[{"start":{"line":42,"column":8},"end":{"line":44,"column":18}},{"start":{"line":45,"column":8},"end":{"line":47,"column":18}},{"start":{"line":48,"column":8},"end":{"line":50,"column":47}}],"line":41}},"s":{"0":71,"1":71,"2":71,"3":71,"4":71,"5":71,"6":71,"7":71,"8":71,"9":71,"10":71,"11":71,"12":71,"13":71,"14":71,"15":71,"16":3076,"17":3076,"18":3076,"19":3076,"20":3076,"21":0,"22":0,"23":3076,"24":3076,"25":0,"26":0,"27":3076,"28":24},"f":{"0":3076,"1":24},"b":{"0":[0,3076,0]},"_coverageSchema":"1a1c01bbd47fc00a2c39e90264f33305004495a9","hash":"1697dd91e567511472428fdb9e8c66853c7e9f6f"}
,"/Users/subbu/dev/ql.io/modules/engine/lib/serializers/ejs.js": {"path":"/Users/subbu/dev/ql.io/modules/engine/lib/serializers/ejs.js","statementMap":{"0":{"start":{"line":19,"column":10},"end":{"line":19,"column":24}},"1":{"start":{"line":21,"column":0},"end":{"line":23,"column":2}},"2":{"start":{"line":22,"column":4},"end":{"line":22,"column":35}},"3":{"start":{"line":25,"column":0},"end":{"line":31,"column":1}},"4":{"start":{"line":26,"column":17},"end":{"line":29,"column":5}},"5":{"start":{"line":30,"column":4},"end":{"line":30,"column":39}}},"fnMap":{"0":{"name":"(anonymous_0)","decl":{"start":{"line":21,"column":18},"end":{"line":21,"column":19}},"loc":{"start":{"line":21,"column":52},"end":{"line":23,"column":1}},"line":21},"1":{"name":"(anonymous_1)","decl":{"start":{"line":25,"column":20},"end":{"line":25,"column":21}},"loc":{"start":{"line":25,"column":73},"end":{"line":31,"column":1}},"line":25}},"branchMap":{},"s":{"0":71,"1":71,"2":0,"3":71,"4":0,"5":0},"f":{"0":0,"1":0},"b":{},"_coverageSchema":"1a1c01bbd47fc00a2c39e90264f33305004495a9","hash":"147f4dde60ed78d12aec8bd5365094a29739b836"}
,"/Users/subbu/dev/ql.io/modules/engine/lib/serializers/mustache.js": {"path":"/Users/subbu/dev/ql.io/modules/engine/lib/serializers/mustache.js","statementMap":{"0":{"start":{"line":19,"column":15},"end":{"line":19,"column":34}},"1":{"start":{"line":21,"column":0},"end":{"line":24,"column":2}},"2":{"start":{"line":23,"column":4},"end":{"line":23,"column":47}},"3":{"start":{"line":26,"column":0},"end":{"line":32,"column":1}},"4":{"start":{"line":27,"column":17},"end":{"line":30,"column":5}},"5":{"start":{"line":31,"column":4},"end":{"line":31,"column":44}}},"fnMap":{"0":{"name":"(anonymous_0)","decl":{"start":{"line":21,"column":18},"end":{"line":21,"column":19}},"loc":{"start":{"line":21,"column":52},"end":{"line":24,"column":1}},"line":21},"1":{"name":"(anonymous_1)","decl":{"start":{"line":26,"column":20},"end":{"line":26,"column":21}},"loc":{"start":{"line":26,"column":73},"end":{"line":32,"column":1}},"line":26}},"branchMap":{"0":{"loc":{"start":{"line":23,"column":11},"end":{"line":23,"column":46}},"type":"binary-expr","locations":[{"start":{"line":23,"column":11},"end":{"line":23,"column":20}},{"start":{"line":23,"column":24},"end":{"line":23,"column":46}}],"line":23}},"s":{"0":71,"1":71,"2":0,"3":71,"4":0,"5":0},"f":{"0":0,"1":0},"b":{"0":[0,0]},"_coverageSchema":"1a1c01bbd47fc00a2c39e90264f33305004495a9","hash":"605adc92682fe64045d574499c39a5f3a2a539ee"}
,"/Users/subbu/dev/ql.io/modules/engine/lib/serializers/uri-encoded.js": {"path":"/Users/subbu/dev/ql.io/modules/engine/lib/serializers/uri-encoded.js","statementMap":{"0":{"start":{"line":19,"column":8},"end":{"line":19,"column":29}},"1":{"start":{"line":20,"column":18},"end":{"line":20,"column":47}},"2":{"start":{"line":22,"column":0},"end":{"line":24,"column":2}},"3":{"start":{"line":23,"column":4},"end":{"line":23,"column":56}},"4":{"start":{"line":26,"column":0},"end":{"line":30,"column":1}},"5":{"start":{"line":27,"column":19},"end":{"line":27,"column":45}},"6":{"start":{"line":28,"column":14},"end":{"line":28,"column":47}},"7":{"start":{"line":29,"column":4},"end":{"line":29,"column":41}}},"fnMap":{"0":{"name":"(anonymous_0)","decl":{"start":{"line":22,"column":18},"end":{"line":22,"column":19}},"loc":{"start":{"line":22,"column":52},"end":{"line":24,"column":1}},"line":22},"1":{"name":"(anonymous_1)","decl":{"start":{"line":26,"column":20},"end":{"line":26,"column":21}},"loc":{"start":{"line":26,"column":62},"end":{"line":30,"column":1}},"line":26}},"branchMap":{"0":{"loc":{"start":{"line":29,"column":11},"end":{"line":29,"column":40}},"type":"cond-expr","locations":[{"start":{"line":29,"column":28},"end":{"line":29,"column":34}},{"start":{"line":29,"column":37},"end":{"line":29,"column":40}}],"line":29}},"s":{"0":71,"1":71,"2":71,"3":0,"4":71,"5":0,"6":0,"7":0},"f":{"0":0,"1":0},"b":{"0":[0,0]},"_coverageSchema":"1a1c01bbd47fc00a2c39e90264f33305004495a9","hash":"1821e2568db020a37f772c876f4797aaff818537"}
,"/Users/subbu/dev/ql.io/modules/engine/lib/udfs/standard.js": {"path":"/Users/subbu/dev/ql.io/modules/engine/lib/udfs/standard.js","statementMap":{"0":{"start":{"line":23,"column":0},"end":{"line":48,"column":1}},"1":{"start":{"line":24,"column":15},"end":{"line":24,"column":52}},"2":{"start":{"line":25,"column":15},"end":{"line":25,"column":22}},"3":{"start":{"line":26,"column":4},"end":{"line":47,"column":5}},"4":{"start":{"line":27,"column":8},"end":{"line":27,"column":48}},"5":{"start":{"line":30,"column":8},"end":{"line":45,"column":9}},"6":{"start":{"line":31,"column":12},"end":{"line":31,"column":49}},"7":{"start":{"line":32,"column":12},"end":{"line":32,"column":52}},"8":{"start":{"line":35,"column":12},"end":{"line":44,"column":13}},"9":{"start":{"line":36,"column":32},"end":{"line":36,"column":56}},"10":{"start":{"line":37,"column":16},"end":{"line":37,"column":53}},"11":{"start":{"line":38,"column":16},"end":{"line":38,"column":46}},"12":{"start":{"line":39,"column":16},"end":{"line":39,"column":56}},"13":{"start":{"line":42,"column":16},"end":{"line":42,"column":49}},"14":{"start":{"line":43,"column":16},"end":{"line":43,"column":56}}},"fnMap":{"0":{"name":"(anonymous_0)","decl":{"start":{"line":23,"column":18},"end":{"line":23,"column":19}},"loc":{"start":{"line":23,"column":29},"end":{"line":48,"column":1}},"line":23}},"branchMap":{},"s":{"0":1,"1":4,"2":4,"3":4,"4":4,"5":4,"6":4,"7":4,"8":0,"9":0,"10":0,"11":0,"12":0,"13":0,"14":0},"f":{"0":4},"b":{},"_coverageSchema":"1a1c01bbd47fc00a2c39e90264f33305004495a9","hash":"754ab435f5d57224d8028f9b1bc038da130b4414"}
,"/Users/subbu/dev/ql.io/modules/engine/lib/xformers/csv.js": {"path":"/Users/subbu/dev/ql.io/modules/engine/lib/xformers/csv.js","statementMap":{"0":{"start":{"line":19,"column":10},"end":{"line":19,"column":31}},"1":{"start":{"line":20,"column":19},"end":{"line":20,"column":36}},"2":{"start":{"line":22,"column":0},"end":{"line":102,"column":2}},"3":{"start":{"line":23,"column":4},"end":{"line":101,"column":5}},"4":{"start":{"line":25,"column":8},"end":{"line":31,"column":9}},"5":{"start":{"line":26,"column":12},"end":{"line":30,"column":13}},"6":{"start":{"line":27,"column":16},"end":{"line":27,"column":34}},"7":{"start":{"line":29,"column":16},"end":{"line":29,"column":42}},"8":{"start":{"line":33,"column":8},"end":{"line":39,"column":9}},"9":{"start":{"line":34,"column":12},"end":{"line":38,"column":13}},"10":{"start":{"line":35,"column":16},"end":{"line":35,"column":34}},"11":{"start":{"line":37,"column":16},"end":{"line":37,"column":47}},"12":{"start":{"line":42,"column":26},"end":{"line":42,"column":87}},"13":{"start":{"line":45,"column":22},"end":{"line":45,"column":74}},"14":{"start":{"line":45,"column":62},"end":{"line":45,"column":73}},"15":{"start":{"line":46,"column":8},"end":{"line":52,"column":9}},"16":{"start":{"line":47,"column":12},"end":{"line":51,"column":13}},"17":{"start":{"line":48,"column":16},"end":{"line":48,"column":34}},"18":{"start":{"line":50,"column":16},"end":{"line":50,"column":44}},"19":{"start":{"line":54,"column":23},"end":{"line":54,"column":25}},"20":{"start":{"line":55,"column":23},"end":{"line":55,"column":49}},"21":{"start":{"line":57,"column":8},"end":{"line":93,"column":9}},"22":{"start":{"line":59,"column":12},"end":{"line":73,"column":19}},"23":{"start":{"line":62,"column":20},"end":{"line":62,"column":44}},"24":{"start":{"line":65,"column":20},"end":{"line":65,"column":44}},"25":{"start":{"line":68,"column":20},"end":{"line":72,"column":21}},"26":{"start":{"line":69,"column":24},"end":{"line":69,"column":46}},"27":{"start":{"line":71,"column":24},"end":{"line":71,"column":42}},"28":{"start":{"line":76,"column":12},"end":{"line":92,"column":19}},"29":{"start":{"line":80,"column":32},"end":{"line":80,"column":121}},"30":{"start":{"line":80,"column":69},"end":{"line":80,"column":94}},"31":{"start":{"line":80,"column":107},"end":{"line":80,"column":120}},"32":{"start":{"line":81,"column":20},"end":{"line":81,"column":39}},"33":{"start":{"line":84,"column":20},"end":{"line":84,"column":44}},"34":{"start":{"line":87,"column":20},"end":{"line":91,"column":21}},"35":{"start":{"line":88,"column":24},"end":{"line":88,"column":46}},"36":{"start":{"line":90,"column":24},"end":{"line":90,"column":42}},"37":{"start":{"line":96,"column":8},"end":{"line":100,"column":9}},"38":{"start":{"line":97,"column":12},"end":{"line":97,"column":34}},"39":{"start":{"line":99,"column":12},"end":{"line":99,"column":30}},"40":{"start":{"line":104,"column":0},"end":{"line":104,"column":28}}},"fnMap":{"0":{"name":"(anonymous_0)","decl":{"start":{"line":22,"column":17},"end":{"line":22,"column":18}},"loc":{"start":{"line":22,"column":58},"end":{"line":102,"column":1}},"line":22},"1":{"name":"(anonymous_1)","decl":{"start":{"line":45,"column":54},"end":{"line":45,"column":55}},"loc":{"start":{"line":45,"column":62},"end":{"line":45,"column":73}},"line":45},"2":{"name":"(anonymous_2)","decl":{"start":{"line":61,"column":28},"end":{"line":61,"column":29}},"loc":{"start":{"line":61,"column":47},"end":{"line":63,"column":17}},"line":61},"3":{"name":"(anonymous_3)","decl":{"start":{"line":64,"column":27},"end":{"line":64,"column":28}},"loc":{"start":{"line":64,"column":38},"end":{"line":66,"column":17}},"line":64},"4":{"name":"(anonymous_4)","decl":{"start":{"line":67,"column":29},"end":{"line":67,"column":30}},"loc":{"start":{"line":67,"column":45},"end":{"line":73,"column":17}},"line":67},"5":{"name":"(anonymous_5)","decl":{"start":{"line":78,"column":28},"end":{"line":78,"column":29}},"loc":{"start":{"line":78,"column":47},"end":{"line":82,"column":17}},"line":78},"6":{"name":"(anonymous_6)","decl":{"start":{"line":80,"column":59},"end":{"line":80,"column":60}},"loc":{"start":{"line":80,"column":69},"end":{"line":80,"column":94}},"line":80},"7":{"name":"(anonymous_7)","decl":{"start":{"line":80,"column":100},"end":{"line":80,"column":101}},"loc":{"start":{"line":80,"column":107},"end":{"line":80,"column":120}},"line":80},"8":{"name":"(anonymous_8)","decl":{"start":{"line":83,"column":27},"end":{"line":83,"column":28}},"loc":{"start":{"line":83,"column":38},"end":{"line":85,"column":17}},"line":83},"9":{"name":"(anonymous_9)","decl":{"start":{"line":86,"column":29},"end":{"line":86,"column":30}},"loc":{"start":{"line":86,"column":45},"end":{"line":92,"column":17}},"line":86}},"branchMap":{"0":{"loc":{"start":{"line":25,"column":8},"end":{"line":31,"column":9}},"type":"if","locations":[{"start":{"line":25,"column":8},"end":{"line":31,"column":9}},{"start":{},"end":{}}],"line":25},"1":{"loc":{"start":{"line":26,"column":12},"end":{"line":30,"column":13}},"type":"if","locations":[{"start":{"line":26,"column":12},"end":{"line":30,"column":13}},{"start":{"line":28,"column":19},"end":{"line":30,"column":13}}],"line":26},"2":{"loc":{"start":{"line":33,"column":8},"end":{"line":39,"column":9}},"type":"if","locations":[{"start":{"line":33,"column":8},"end":{"line":39,"column":9}},{"start":{},"end":{}}],"line":33},"3":{"loc":{"start":{"line":34,"column":12},"end":{"line":38,"column":13}},"type":"if","locations":[{"start":{"line":34,"column":12},"end":{"line":38,"column":13}},{"start":{"line":36,"column":19},"end":{"line":38,"column":13}}],"line":34},"4":{"loc":{"start":{"line":46,"column":8},"end":{"line":52,"column":9}},"type":"if","locations":[{"start":{"line":46,"column":8},"end":{"line":52,"column":9}},{"start":{},"end":{}}],"line":46},"5":{"loc":{"start":{"line":46,"column":12},"end":{"line":46,"column":57}},"type":"binary-expr","locations":[{"start":{"line":46,"column":12},"end":{"line":46,"column":30}},{"start":{"line":46,"column":34},"end":{"line":46,"column":57}}],"line":46},"6":{"loc":{"start":{"line":47,"column":12},"end":{"line":51,"column":13}},"type":"if","locations":[{"start":{"line":47,"column":12},"end":{"line":51,"column":13}},{"start":{"line":49,"column":19},"end":{"line":51,"column":13}}],"line":47},"7":{"loc":{"start":{"line":57,"column":8},"end":{"line":93,"column":9}},"type":"if","locations":[{"start":{"line":57,"column":8},"end":{"line":93,"column":9}},{"start":{"line":74,"column":15},"end":{"line":93,"column":9}}],"line":57},"8":{"loc":{"start":{"line":68,"column":20},"end":{"line":72,"column":21}},"type":"if","locations":[{"start":{"line":68,"column":20},"end":{"line":72,"column":21}},{"start":{"line":70,"column":27},"end":{"line":72,"column":21}}],"line":68},"9":{"loc":{"start":{"line":87,"column":20},"end":{"line":91,"column":21}},"type":"if","locations":[{"start":{"line":87,"column":20},"end":{"line":91,"column":21}},{"start":{"line":89,"column":27},"end":{"line":91,"column":21}}],"line":87},"10":{"loc":{"start":{"line":96,"column":8},"end":{"line":100,"column":9}},"type":"if","locations":[{"start":{"line":96,"column":8},"end":{"line":100,"column":9}},{"start":{"line":98,"column":15},"end":{"line":100,"column":9}}],"line":96}},"s":{"0":72,"1":72,"2":72,"3":8,"4":8,"5":2,"6":1,"7":1,"8":6,"9":2,"10":1,"11":1,"12":4,"13":4,"14":8,"15":4,"16":2,"17":1,"18":1,"19":2,"20":2,"21":2,"22":1,"23":2,"24":1,"25":0,"26":0,"27":0,"28":1,"29":3,"30":6,"31":9,"32":3,"33":1,"34":0,"35":0,"36":0,"37":0,"38":0,"39":0,"40":72},"f":{"0":8,"1":8,"2":2,"3":1,"4":0,"5":3,"6":6,"7":9,"8":1,"9":0},"b":{"0":[2,6],"1":[1,1],"2":[2,4],"3":[1,1],"4":[2,2],"5":[4,2],"6":[1,1],"7":[1,1],"8":[0,0],"9":[0,0],"10":[0,0]},"_coverageSchema":"1a1c01bbd47fc00a2c39e90264f33305004495a9","hash":"3f00ae9b03b417d7b016b1fcadc6b51e2d2d7265"}
,"/Users/subbu/dev/ql.io/modules/engine/lib/xformers/json.js": {"path":"/Users/subbu/dev/ql.io/modules/engine/lib/xformers/json.js","statementMap":{"0":{"start":{"line":19,"column":0},"end":{"line":26,"column":2}},"1":{"start":{"line":20,"column":4},"end":{"line":25,"column":5}},"2":{"start":{"line":21,"column":8},"end":{"line":21,"column":40}},"3":{"start":{"line":24,"column":8},"end":{"line":24,"column":30}},"4":{"start":{"line":28,"column":0},"end":{"line":28,"column":36}}},"fnMap":{"0":{"name":"(anonymous_0)","decl":{"start":{"line":19,"column":17},"end":{"line":19,"column":18}},"loc":{"start":{"line":19,"column":49},"end":{"line":26,"column":1}},"line":19}},"branchMap":{},"s":{"0":71,"1":17,"2":17,"3":0,"4":71},"f":{"0":17},"b":{},"_coverageSchema":"1a1c01bbd47fc00a2c39e90264f33305004495a9","hash":"71db5aaa831d372b9c4fad9aa50d9751cc9093bf"}
,"/Users/subbu/dev/ql.io/modules/engine/lib/xformers/xml.js": {"path":"/Users/subbu/dev/ql.io/modules/engine/lib/xformers/xml.js","statementMap":{"0":{"start":{"line":19,"column":20},"end":{"line":19,"column":46}},"1":{"start":{"line":21,"column":0},"end":{"line":34,"column":2}},"2":{"start":{"line":22,"column":4},"end":{"line":33,"column":5}},"3":{"start":{"line":23,"column":23},"end":{"line":27,"column":10}},"4":{"start":{"line":28,"column":23},"end":{"line":28,"column":41}},"5":{"start":{"line":29,"column":8},"end":{"line":29,"column":30}},"6":{"start":{"line":32,"column":8},"end":{"line":32,"column":30}},"7":{"start":{"line":36,"column":0},"end":{"line":36,"column":35}}},"fnMap":{"0":{"name":"(anonymous_0)","decl":{"start":{"line":21,"column":17},"end":{"line":21,"column":18}},"loc":{"start":{"line":21,"column":49},"end":{"line":34,"column":1}},"line":21}},"branchMap":{},"s":{"0":71,"1":71,"2":4,"3":4,"4":4,"5":4,"6":0,"7":71},"f":{"0":4},"b":{},"_coverageSchema":"1a1c01bbd47fc00a2c39e90264f33305004495a9","hash":"042543b47ffbdac612ae6f370fe5e6579609052b"}
}
