TN:
SF:lib/engine.js
FN:55,(anonymous_0)
FN:69,(anonymous_1)
FN:108,(anonymous_2)
FN:120,(anonymous_3)
FN:154,(anonymous_4)
FN:191,(anonymous_5)
FN:201,(anonymous_6)
FN:211,(anonymous_7)
FN:263,(anonymous_8)
FN:301,(anonymous_9)
FN:307,(anonymous_10)
FN:310,(anonymous_11)
FN:318,(anonymous_12)
FN:330,init
FN:336,scopeInit
FN:340,(anonymous_15)
FN:343,(anonymous_16)
FN:348,(anonymous_17)
FN:351,(anonymous_18)
FN:353,(anonymous_19)
FN:358,(anonymous_20)
FN:372,(anonymous_21)
FN:394,(anonymous_22)
FN:407,(anonymous_23)
FN:413,skipVarList
FN:414,skipVar
FN:421,(anonymous_26)
FN:424,(anonymous_27)
FN:425,(anonymous_28)
FN:429,(anonymous_29)
FN:434,(anonymous_30)
FN:437,(anonymous_31)
FN:446,(anonymous_32)
FN:459,(anonymous_33)
FN:466,(anonymous_34)
FN:474,execScope
FN:480,(anonymous_36)
FN:487,(anonymous_37)
FN:489,(anonymous_38)
FN:496,(anonymous_39)
FN:508,sweep
FN:518,(anonymous_41)
FN:528,(anonymous_42)
FN:549,(anonymous_43)
FN:612,(anonymous_44)
FN:630,(anonymous_45)
FN:659,(anonymous_46)
FN:680,(anonymous_47)
FN:698,(anonymous_48)
FN:705,(anonymous_49)
FN:754,(anonymous_50)
FN:761,(anonymous_51)
FN:762,(anonymous_52)
FN:772,(anonymous_53)
FN:779,(anonymous_54)
FN:781,(anonymous_55)
FN:788,(anonymous_56)
FN:804,(anonymous_57)
FN:808,execOne
FN:819,(anonymous_59)
FN:846,_execOne
FN:871,(anonymous_61)
FN:891,(anonymous_62)
FN:974,preReqNotFound
FN:975,(anonymous_64)
FN:990,(anonymous_65)
FN:1002,(anonymous_66)
FNF:67
FNH:40
FNDA:0,(anonymous_0)
FNDA:218,(anonymous_1)
FNDA:430,(anonymous_2)
FNDA:0,(anonymous_3)
FNDA:0,(anonymous_4)
FNDA:75,(anonymous_5)
FNDA:0,(anonymous_6)
FNDA:75,(anonymous_7)
FNDA:75,(anonymous_8)
FNDA:21,(anonymous_9)
FNDA:0,(anonymous_10)
FNDA:0,(anonymous_11)
FNDA:0,(anonymous_12)
FNDA:283,init
FNDA:237,scopeInit
FNDA:12,(anonymous_15)
FNDA:10,(anonymous_16)
FNDA:0,(anonymous_17)
FNDA:0,(anonymous_18)
FNDA:0,(anonymous_19)
FNDA:0,(anonymous_20)
FNDA:142,(anonymous_21)
FNDA:0,(anonymous_22)
FNDA:0,(anonymous_23)
FNDA:10,skipVarList
FNDA:11,skipVar
FNDA:0,(anonymous_26)
FNDA:0,(anonymous_27)
FNDA:0,(anonymous_28)
FNDA:0,(anonymous_29)
FNDA:1,(anonymous_30)
FNDA:1,(anonymous_31)
FNDA:9,(anonymous_32)
FNDA:9,(anonymous_33)
FNDA:0,(anonymous_34)
FNDA:10,execScope
FNDA:11,(anonymous_36)
FNDA:0,(anonymous_37)
FNDA:0,(anonymous_38)
FNDA:0,(anonymous_39)
FNDA:353,sweep
FNDA:0,(anonymous_41)
FNDA:226,(anonymous_42)
FNDA:70,(anonymous_43)
FNDA:216,(anonymous_44)
FNDA:223,(anonymous_45)
FNDA:126,(anonymous_46)
FNDA:63,(anonymous_47)
FNDA:0,(anonymous_48)
FNDA:63,(anonymous_49)
FNDA:10,(anonymous_50)
FNDA:4,(anonymous_51)
FNDA:4,(anonymous_52)
FNDA:6,(anonymous_53)
FNDA:0,(anonymous_54)
FNDA:0,(anonymous_55)
FNDA:6,(anonymous_56)
FNDA:0,(anonymous_57)
FNDA:216,execOne
FNDA:221,(anonymous_59)
FNDA:216,_execOne
FNDA:4,(anonymous_61)
FNDA:4,(anonymous_62)
FNDA:216,preReqNotFound
FNDA:0,(anonymous_64)
FNDA:75,(anonymous_65)
FNDA:75,(anonymous_66)
DA:23,71
DA:24,71
DA:25,71
DA:26,71
DA:27,71
DA:28,71
DA:29,71
DA:30,71
DA:31,71
DA:32,71
DA:33,71
DA:34,71
DA:35,71
DA:36,71
DA:37,71
DA:38,71
DA:39,71
DA:40,71
DA:41,71
DA:42,71
DA:43,71
DA:44,71
DA:45,71
DA:46,71
DA:47,71
DA:48,71
DA:49,71
DA:50,71
DA:51,71
DA:53,71
DA:55,71
DA:56,0
DA:69,71
DA:70,218
DA:73,218
DA:75,218
DA:77,218
DA:80,218
DA:81,0
DA:85,218
DA:86,218
DA:89,218
DA:93,218
DA:99,218
DA:106,218
DA:107,218
DA:108,218
DA:109,430
DA:110,430
DA:115,218
DA:116,218
DA:117,0
DA:118,0
DA:119,0
DA:120,0
DA:121,0
DA:122,0
DA:123,0
DA:126,0
DA:127,0
DA:130,0
DA:131,0
DA:136,0
DA:141,0
DA:144,218
DA:145,218
DA:146,218
DA:149,218
DA:154,218
DA:155,0
DA:158,218
DA:164,71
DA:191,71
DA:192,75
DA:193,75
DA:194,75
DA:197,75
DA:202,0
DA:205,75
DA:206,75
DA:211,71
DA:215,75
DA:219,75
DA:220,68
DA:221,68
DA:222,68
DA:224,7
DA:225,7
DA:226,7
DA:227,7
DA:229,0
DA:231,0
DA:232,0
DA:233,0
DA:235,0
DA:238,0
DA:241,75
DA:244,75
DA:246,75
DA:248,75
DA:249,75
DA:250,75
DA:251,75
DA:252,75
DA:253,0
DA:256,75
DA:257,75
DA:259,75
DA:264,75
DA:270,75
DA:271,74
DA:273,75
DA:274,75
DA:275,21
DA:276,21
DA:277,21
DA:279,75
DA:283,75
DA:288,75
DA:291,75
DA:294,1
DA:298,1
DA:301,74
DA:302,21
DA:303,21
DA:306,74
DA:307,0
DA:308,0
DA:310,0
DA:311,0
DA:312,0
DA:313,0
DA:315,0
DA:316,0
DA:317,0
DA:318,0
DA:319,0
DA:322,0
DA:327,74
DA:332,283
DA:333,0
DA:337,237
DA:339,11
DA:340,11
DA:341,12
DA:343,11
DA:344,10
DA:346,11
DA:348,0
DA:349,0
DA:351,0
DA:352,0
DA:353,0
DA:354,0
DA:357,0
DA:358,0
DA:359,0
DA:362,0
DA:365,283
DA:366,46
DA:368,237
DA:372,237
DA:374,142
DA:376,142
DA:377,0
DA:379,0
DA:382,237
DA:383,237
DA:384,12
DA:386,237
DA:387,22
DA:389,237
DA:392,74
DA:393,74
DA:394,0
DA:395,0
DA:396,0
DA:402,74
DA:404,74
DA:405,0
DA:407,0
DA:415,11
DA:416,0
DA:418,11
DA:419,11
DA:421,0
DA:422,0
DA:424,0
DA:425,0
DA:426,0
DA:429,0
DA:430,0
DA:432,0
DA:434,1
DA:435,1
DA:437,1
DA:438,1
DA:440,1
DA:442,10
DA:443,0
DA:445,10
DA:446,10
DA:447,9
DA:448,9
DA:449,4
DA:450,0
DA:452,4
DA:458,10
DA:459,10
DA:460,9
DA:461,9
DA:462,0
DA:465,10
DA:466,10
DA:467,0
DA:475,10
DA:477,10
DA:478,10
DA:479,10
DA:480,10
DA:481,11
DA:483,10
DA:486,0
DA:487,0
DA:488,0
DA:489,0
DA:490,0
DA:493,0
DA:496,0
DA:497,0
DA:499,0
DA:503,74
DA:509,353
DA:510,0
DA:512,353
DA:514,7
DA:515,7
DA:517,346
DA:518,0
DA:520,0
DA:521,0
DA:523,0
DA:525,0
DA:528,346
DA:531,226
DA:533,226
DA:534,226
DA:535,0
DA:537,0
DA:538,0
DA:540,0
DA:543,226
DA:545,63
DA:548,346
DA:549,74
DA:552,70
DA:554,70
DA:555,70
DA:556,0
DA:558,0
DA:559,0
DA:561,0
DA:564,70
DA:566,61
DA:569,74
DA:570,0
DA:574,346
DA:577,346
DA:579,0
DA:580,0
DA:582,0
DA:585,346
DA:588,346
DA:589,0
DA:592,346
DA:595,216
DA:598,216
DA:600,0
DA:603,216
DA:605,0
DA:607,216
DA:612,74
DA:613,216
DA:614,0
DA:616,216
DA:617,216
DA:631,223
DA:632,18
DA:633,7
DA:634,7
DA:638,11
DA:639,11
DA:642,205
DA:645,45
DA:646,45
DA:647,9
DA:648,9
DA:653,196
DA:656,196
DA:657,10
DA:659,196
DA:660,126
DA:661,126
DA:662,121
DA:663,0
DA:665,121
DA:668,196
DA:669,0
DA:674,196
DA:675,63
DA:680,74
DA:681,63
DA:683,63
DA:685,63
DA:686,0
DA:689,63
DA:690,63
DA:691,0
DA:698,0
DA:700,0
DA:701,0
DA:704,63
DA:705,63
DA:706,63
DA:708,63
DA:709,63
DA:710,63
DA:716,74
DA:718,74
DA:720,74
DA:721,0
DA:723,0
DA:726,74
DA:727,74
DA:730,74
DA:731,74
DA:732,10
DA:733,10
DA:735,10
DA:740,74
DA:742,74
DA:743,0
DA:745,0
DA:754,71
DA:758,10
DA:759,4
DA:760,4
DA:761,4
DA:762,4
DA:763,4
DA:768,6
DA:769,6
DA:770,6
DA:771,6
DA:772,6
DA:776,6
DA:777,0
DA:779,0
DA:780,0
DA:781,0
DA:782,0
DA:788,6
DA:789,6
DA:794,0
DA:804,71
DA:805,0
DA:809,216
DA:813,216
DA:814,216
DA:815,216
DA:818,216
DA:819,216
DA:820,221
DA:821,221
DA:822,221
DA:823,221
DA:825,221
DA:829,2
DA:830,2
DA:831,2
DA:832,2
DA:833,2
DA:835,2
DA:847,216
DA:848,0
DA:852,216
DA:854,4
DA:855,4
DA:857,79
DA:865,79
DA:866,71
DA:868,8
DA:869,8
DA:870,4
DA:871,4
DA:872,4
DA:874,4
DA:875,4
DA:877,4
DA:878,4
DA:879,4
DA:883,4
DA:884,4
DA:887,0
DA:888,0
DA:891,4
DA:892,4
DA:893,0
DA:896,4
DA:897,4
DA:900,4
DA:901,4
DA:902,4
DA:906,4
DA:909,4
DA:914,71
DA:915,71
DA:916,71
DA:920,71
DA:921,71
DA:923,15
DA:924,15
DA:926,17
DA:927,15
DA:929,18
DA:930,18
DA:932,14
DA:933,14
DA:935,1
DA:936,1
DA:938,0
DA:939,0
DA:941,1
DA:942,1
DA:944,0
DA:945,0
DA:947,45
DA:948,45
DA:949,7
DA:951,45
DA:952,0
DA:954,45
DA:958,45
DA:960,10
DA:961,10
DA:963,0
DA:964,0
DA:966,0
DA:967,0
DA:969,12
DA:970,12
DA:975,216
DA:976,0
DA:977,0
DA:978,0
DA:980,0
DA:985,71
DA:986,71
DA:990,71
DA:992,75
DA:993,75
DA:994,75
DA:995,75
DA:998,75
DA:1004,75
DA:1005,75
DA:1008,71
DA:1009,71
DA:1013,0
LF:469
LH:335
BRDA:56,0,0,0
BRDA:56,0,1,0
BRDA:77,1,0,218
BRDA:77,1,1,6
BRDA:80,2,0,0
BRDA:80,2,1,218
BRDA:85,3,0,218
BRDA:85,3,1,180
BRDA:86,4,0,182
BRDA:86,4,1,36
BRDA:109,5,0,430
BRDA:109,5,1,0
BRDA:109,6,0,430
BRDA:109,6,1,210
BRDA:109,6,2,0
BRDA:116,7,0,0
BRDA:116,7,1,218
BRDA:121,8,0,0
BRDA:121,8,1,0
BRDA:193,9,0,75
BRDA:193,9,1,0
BRDA:219,10,0,68
BRDA:219,10,1,7
BRDA:224,11,0,7
BRDA:224,11,1,0
BRDA:229,12,0,0
BRDA:229,12,1,0
BRDA:248,13,0,75
BRDA:248,13,1,75
BRDA:251,14,0,75
BRDA:251,14,1,75
BRDA:252,15,0,0
BRDA:252,15,1,75
BRDA:253,16,0,0
BRDA:253,16,1,0
BRDA:262,17,0,0
BRDA:262,17,1,75
BRDA:265,18,0,75
BRDA:265,18,1,75
BRDA:270,19,0,74
BRDA:270,19,1,1
BRDA:274,20,0,21
BRDA:274,20,1,54
BRDA:274,21,0,75
BRDA:274,21,1,63
BRDA:275,22,0,21
BRDA:275,22,1,0
BRDA:276,23,0,0
BRDA:276,23,1,21
BRDA:291,24,0,0
BRDA:291,24,1,75
BRDA:302,25,0,21
BRDA:302,25,1,0
BRDA:306,26,0,0
BRDA:306,26,1,74
BRDA:332,27,0,0
BRDA:332,27,1,283
BRDA:332,28,0,283
BRDA:332,28,1,283
BRDA:337,29,0,11
BRDA:337,29,1,0
BRDA:357,30,0,0
BRDA:357,30,1,0
BRDA:365,31,0,46
BRDA:365,31,1,237
BRDA:370,32,0,237
BRDA:370,32,1,0
BRDA:374,33,0,142
BRDA:374,33,1,0
BRDA:377,34,0,0
BRDA:377,34,1,0
BRDA:377,35,0,0
BRDA:377,35,1,0
BRDA:382,36,0,0
BRDA:382,36,1,237
BRDA:383,37,0,12
BRDA:383,37,1,225
BRDA:386,38,0,22
BRDA:386,38,1,215
BRDA:393,39,0,0
BRDA:393,39,1,74
BRDA:395,40,0,0
BRDA:395,40,1,0
BRDA:395,41,0,0
BRDA:395,41,1,0
BRDA:402,42,0,74
BRDA:402,42,1,0
BRDA:405,43,0,0
BRDA:405,43,1,0
BRDA:415,44,0,0
BRDA:415,44,1,11
BRDA:419,45,0,0
BRDA:419,45,1,1
BRDA:419,45,2,10
BRDA:442,46,0,0
BRDA:442,46,1,10
BRDA:448,47,0,4
BRDA:448,47,1,5
BRDA:449,48,0,0
BRDA:449,48,1,4
BRDA:461,49,0,0
BRDA:461,49,1,9
BRDA:475,50,0,10
BRDA:475,50,1,0
BRDA:488,51,0,0
BRDA:488,51,1,0
BRDA:509,52,0,0
BRDA:509,52,1,353
BRDA:512,53,0,7
BRDA:512,53,1,346
BRDA:512,54,0,353
BRDA:512,54,1,20
BRDA:512,54,2,7
BRDA:512,54,3,0
BRDA:517,55,0,0
BRDA:517,55,1,346
BRDA:520,56,0,0
BRDA:520,56,1,0
BRDA:523,57,0,0
BRDA:523,57,1,0
BRDA:531,58,0,226
BRDA:531,58,1,0
BRDA:535,59,0,0
BRDA:535,59,1,0
BRDA:535,60,0,0
BRDA:535,60,1,0
BRDA:543,61,0,63
BRDA:543,61,1,163
BRDA:548,62,0,74
BRDA:548,62,1,272
BRDA:552,63,0,70
BRDA:552,63,1,0
BRDA:556,64,0,0
BRDA:556,64,1,0
BRDA:556,65,0,0
BRDA:556,65,1,0
BRDA:564,66,0,61
BRDA:564,66,1,9
BRDA:569,67,0,0
BRDA:569,67,1,74
BRDA:569,68,0,74
BRDA:569,68,1,0
BRDA:574,69,0,346
BRDA:574,69,1,272
BRDA:577,70,0,0
BRDA:577,70,1,346
BRDA:579,71,0,0
BRDA:579,71,1,0
BRDA:585,72,0,346
BRDA:585,72,1,13
BRDA:585,72,2,0
BRDA:585,72,3,0
BRDA:588,73,0,0
BRDA:588,73,1,346
BRDA:592,74,0,216
BRDA:592,74,1,130
BRDA:592,75,0,346
BRDA:592,75,1,239
BRDA:592,75,2,216
BRDA:598,76,0,0
BRDA:598,76,1,216
BRDA:598,77,0,216
BRDA:598,77,1,0
BRDA:603,78,0,0
BRDA:603,78,1,216
BRDA:613,79,0,0
BRDA:613,79,1,216
BRDA:616,80,0,216
BRDA:616,80,1,200
BRDA:631,81,0,18
BRDA:631,81,1,205
BRDA:632,82,0,7
BRDA:632,82,1,11
BRDA:642,83,0,45
BRDA:642,83,1,160
BRDA:642,84,0,205
BRDA:642,84,1,205
BRDA:642,84,2,205
BRDA:642,84,3,195
BRDA:642,84,4,160
BRDA:642,84,5,0
BRDA:645,85,0,3
BRDA:645,85,1,42
BRDA:646,86,0,9
BRDA:646,86,1,36
BRDA:653,87,0,0
BRDA:653,87,1,196
BRDA:656,88,0,10
BRDA:656,88,1,186
BRDA:656,89,0,196
BRDA:656,89,1,186
BRDA:661,90,0,121
BRDA:661,90,1,5
BRDA:662,91,0,0
BRDA:662,91,1,121
BRDA:668,92,0,0
BRDA:668,92,1,196
BRDA:668,93,0,196
BRDA:668,93,1,0
BRDA:674,94,0,63
BRDA:674,94,1,133
BRDA:681,95,0,0
BRDA:681,95,1,63
BRDA:685,96,0,0
BRDA:685,96,1,63
BRDA:689,97,0,63
BRDA:689,97,1,0
BRDA:690,98,0,0
BRDA:690,98,1,63
BRDA:690,99,0,63
BRDA:690,99,1,0
BRDA:718,100,0,74
BRDA:718,100,1,0
BRDA:721,101,0,0
BRDA:721,101,1,0
BRDA:721,102,0,0
BRDA:721,102,1,0
BRDA:726,103,0,74
BRDA:726,103,1,0
BRDA:726,104,0,74
BRDA:726,104,1,74
BRDA:732,105,0,10
BRDA:732,105,1,0
BRDA:740,106,0,74
BRDA:740,106,1,0
BRDA:743,107,0,0
BRDA:743,107,1,0
BRDA:743,108,0,0
BRDA:743,108,1,0
BRDA:758,109,0,4
BRDA:758,109,1,6
BRDA:758,110,0,10
BRDA:758,110,1,4
BRDA:758,110,2,4
BRDA:768,111,0,6
BRDA:768,111,1,0
BRDA:776,112,0,0
BRDA:776,112,1,6
BRDA:814,113,0,216
BRDA:814,113,1,0
BRDA:820,114,0,221
BRDA:820,114,1,0
BRDA:822,115,0,16
BRDA:822,115,1,205
BRDA:829,116,0,2
BRDA:829,116,1,0
BRDA:830,117,0,2
BRDA:830,117,1,0
BRDA:847,118,0,0
BRDA:847,118,1,216
BRDA:852,119,0,4
BRDA:852,119,1,79
BRDA:852,119,2,15
BRDA:852,119,3,17
BRDA:852,119,4,18
BRDA:852,119,5,14
BRDA:852,119,6,1
BRDA:852,119,7,0
BRDA:852,119,8,1
BRDA:852,119,9,0
BRDA:852,119,10,45
BRDA:852,119,11,10
BRDA:852,119,12,0
BRDA:852,119,13,0
BRDA:852,119,14,12
BRDA:865,120,0,71
BRDA:865,120,1,8
BRDA:868,121,0,8
BRDA:868,121,1,0
BRDA:869,122,0,4
BRDA:869,122,1,4
BRDA:887,123,0,0
BRDA:887,123,1,0
BRDA:892,124,0,0
BRDA:892,124,1,4
BRDA:896,125,0,4
BRDA:896,125,1,0
BRDA:948,126,0,7
BRDA:948,126,1,38
BRDA:951,127,0,0
BRDA:951,127,1,45
BRDA:975,128,0,216
BRDA:975,128,1,0
BRDA:976,129,0,0
BRDA:976,129,1,0
BRDA:977,130,0,0
BRDA:977,130,1,0
BRDA:994,131,0,75
BRDA:994,131,1,0
BRF:289
BRH:167
end_of_record
TN:
SF:lib/engine/aop.js
FN:22,doAround
FN:23,(anonymous_1)
FN:30,(anonymous_2)
FN:34,(anonymous_3)
FN:35,_addIntroduction
FN:58,(anonymous_5)
FNF:6
FNH:5
FNDA:72,doAround
FNDA:75,(anonymous_1)
FNDA:0,(anonymous_2)
FNDA:1,(anonymous_3)
FNDA:1,_addIntroduction
FNDA:72,(anonymous_5)
DA:18,72
DA:19,72
DA:20,72
DA:23,72
DA:24,75
DA:26,75
DA:30,72
DA:31,72
DA:36,1
DA:37,2
DA:40,1
DA:42,1
DA:43,0
DA:45,1
DA:46,1
DA:48,0
DA:49,0
DA:50,0
DA:54,0
DA:59,72
DA:60,0
DA:62,72
DA:63,72
DA:65,72
DA:67,72
DA:69,72
DA:70,72
DA:72,72
DA:73,0
DA:75,72
DA:76,72
DA:82,72
DA:83,72
LF:33
LH:26
BRDA:42,0,0,0
BRDA:42,0,1,1
BRDA:45,1,0,1
BRDA:45,1,1,0
BRDA:48,2,0,0
BRDA:48,2,1,0
BRDA:59,3,0,0
BRDA:59,3,1,72
BRDA:62,4,0,72
BRDA:62,4,1,0
BRDA:69,5,0,72
BRDA:69,5,1,0
BRDA:72,6,0,0
BRDA:72,6,1,72
BRF:14
BRH:6
end_of_record
TN:
SF:lib/engine/brew.js
FN:28,(anonymous_0)
FN:45,(anonymous_1)
FN:50,(anonymous_2)
FN:69,walk
FN:75,(anonymous_4)
FNF:5
FNH:3
FNDA:2260,(anonymous_0)
FNDA:4296,(anonymous_1)
FNDA:0,(anonymous_2)
FNDA:4300,walk
FNDA:0,(anonymous_4)
DA:23,71
DA:24,71
DA:25,71
DA:26,71
DA:28,71
DA:29,2260
DA:30,2260
DA:31,2260
DA:32,2260
DA:34,2260
DA:35,2260
DA:36,2260
DA:39,2260
DA:40,2260
DA:41,2260
DA:44,2260
DA:45,2256
DA:46,4296
DA:48,4
DA:50,0
DA:51,0
DA:52,0
DA:56,4
DA:60,0
DA:61,0
DA:62,0
DA:70,4300
DA:71,2668
DA:72,2668
DA:74,4300
DA:75,3268
DA:76,0
LF:32
LH:25
BRDA:35,0,0,2260
BRDA:35,0,1,4
BRDA:40,1,0,2260
BRDA:40,1,1,2256
BRDA:41,2,0,2260
BRDA:41,2,1,2260
BRDA:44,3,0,2256
BRDA:44,3,1,4
BRDA:48,4,0,0
BRDA:48,4,1,4
BRDA:48,5,0,4
BRDA:48,5,1,4
BRDA:48,5,2,4
BRDA:51,6,0,0
BRDA:51,6,1,0
BRDA:61,7,0,0
BRDA:61,7,1,0
BRDA:70,8,0,2668
BRDA:70,8,1,1632
BRDA:70,9,0,4300
BRDA:70,9,1,4300
BRDA:74,10,0,3268
BRDA:74,10,1,1032
BRDA:74,11,0,4300
BRDA:74,11,1,4300
BRF:25
BRH:20
end_of_record
TN:
SF:lib/engine/config.js
FN:25,(anonymous_0)
FNF:1
FNH:1
FNDA:36,(anonymous_0)
DA:23,71
DA:25,71
DA:26,36
DA:27,36
DA:28,36
DA:30,36
DA:31,0
DA:33,36
DA:35,36
DA:36,36
DA:39,0
DA:40,0
DA:43,36
DA:44,36
DA:47,0
DA:48,0
DA:49,0
LF:17
LH:11
BRDA:26,0,0,36
BRDA:26,0,1,0
BRDA:30,1,0,0
BRDA:30,1,1,36
BRDA:48,2,0,0
BRDA:48,2,1,0
BRF:6
BRH:2
end_of_record
TN:
SF:lib/engine/create.js
FN:27,(anonymous_0)
FN:36,(anonymous_1)
FNF:2
FNH:2
FNDA:4,(anonymous_0)
FNDA:4,(anonymous_1)
DA:23,71
DA:24,71
DA:25,71
DA:27,71
DA:29,4
DA:37,4
DA:38,0
DA:41,4
DA:42,4
DA:43,4
LF:10
LH:9
BRDA:37,0,0,0
BRDA:37,0,1,4
BRF:2
BRH:1
end_of_record
TN:
SF:lib/engine/delet.js
FN:24,(anonymous_0)
FN:48,(anonymous_1)
FN:56,(anonymous_2)
FN:91,(anonymous_3)
FN:143,(anonymous_4)
FNF:5
FNH:4
FNDA:18,(anonymous_0)
FNDA:18,(anonymous_1)
FNDA:18,(anonymous_2)
FNDA:3,(anonymous_3)
FNDA:0,(anonymous_4)
DA:19,71
DA:20,71
DA:21,71
DA:22,71
DA:24,71
DA:26,18
DA:27,18
DA:28,18
DA:29,18
DA:31,18
DA:40,18
DA:41,18
DA:42,18
DA:49,18
DA:56,18
DA:60,18
DA:61,18
DA:62,18
DA:63,18
DA:64,18
DA:65,18
DA:70,18
DA:74,18
DA:75,16
DA:77,18
DA:78,18
DA:79,16
DA:87,16
DA:88,12
DA:90,4
DA:91,4
DA:92,3
DA:93,1
DA:98,16
DA:99,4
DA:100,4
DA:102,16
DA:111,2
DA:112,2
DA:121,2
DA:122,2
DA:124,0
DA:125,0
DA:126,0
DA:129,0
DA:144,0
DA:145,0
DA:146,0
DA:148,0
LF:49
LH:41
BRDA:64,0,0,18
BRDA:64,0,1,0
BRDA:74,1,0,16
BRDA:74,1,1,2
BRDA:74,2,0,18
BRDA:74,2,1,16
BRDA:78,3,0,16
BRDA:78,3,1,2
BRDA:87,4,0,12
BRDA:87,4,1,4
BRDA:90,5,0,4
BRDA:90,5,1,0
BRDA:92,6,0,1
BRDA:92,6,1,2
BRDA:92,7,0,3
BRDA:92,7,1,1
BRDA:98,8,0,4
BRDA:98,8,1,12
BRDA:111,9,0,2
BRDA:111,9,1,2
BRDA:121,10,0,2
BRDA:121,10,1,0
BRDA:125,11,0,0
BRDA:125,11,1,0
BRDA:144,12,0,0
BRDA:144,12,1,0
BRF:26
BRH:19
end_of_record
TN:
SF:lib/engine/describe-route.js
FN:30,(anonymous_0)
FN:44,(anonymous_1)
FN:64,(anonymous_2)
FN:67,(anonymous_3)
FNF:4
FNH:0
FNDA:0,(anonymous_0)
FNDA:0,(anonymous_1)
FNDA:0,(anonymous_2)
FNDA:0,(anonymous_3)
DA:19,71
DA:20,71
DA:28,71
DA:30,71
DA:31,0
DA:33,0
DA:34,0
DA:35,0
DA:38,0
DA:39,0
DA:42,0
DA:44,0
DA:45,0
DA:48,0
DA:50,0
DA:51,0
DA:54,0
DA:65,0
DA:68,0
LF:19
LH:4
BRDA:38,0,0,0
BRDA:38,0,1,0
BRDA:42,1,0,0
BRDA:42,1,1,0
BRDA:45,2,0,0
BRDA:45,2,1,0
BRDA:50,3,0,0
BRDA:50,3,1,0
BRF:8
BRH:0
end_of_record
TN:
SF:lib/engine/describe.js
FN:29,(anonymous_0)
FN:58,(anonymous_1)
FNF:2
FNH:2
FNDA:1,(anonymous_0)
FNDA:4,(anonymous_1)
DA:19,71
DA:20,71
DA:28,71
DA:29,71
DA:31,1
DA:32,1
DA:33,1
DA:35,1
DA:38,1
DA:39,1
DA:40,1
DA:41,0
DA:50,1
DA:51,1
DA:52,1
DA:58,1
DA:59,4
DA:60,4
DA:61,1
DA:62,1
DA:68,1
DA:69,0
DA:77,1
DA:78,1
DA:84,0
LF:25
LH:22
BRDA:35,0,0,1
BRDA:35,0,1,0
BRDA:40,1,0,0
BRDA:40,1,1,1
BRDA:50,2,0,1
BRDA:50,2,1,0
BRDA:51,3,0,1
BRDA:51,3,1,0
BRDA:55,4,0,1
BRDA:55,4,1,1
BRDA:60,5,0,1
BRDA:60,5,1,3
BRDA:68,6,0,0
BRDA:68,6,1,1
BRF:14
BRH:9
end_of_record
TN:
SF:lib/engine/event-types.js
FNF:0
FNH:0
DA:22,71
DA:27,71
DA:33,71
DA:38,71
DA:43,71
DA:48,71
DA:53,71
DA:58,71
DA:63,71
DA:68,71
DA:75,71
DA:80,71
DA:85,71
DA:90,71
DA:95,71
DA:100,71
DA:105,71
DA:110,71
DA:112,71
DA:114,71
DA:116,71
LF:21
LH:21
BRF:0
BRH:0
end_of_record
TN:
SF:lib/engine/filter.js
FN:24,(anonymous_0)
FN:28,(anonymous_1)
FN:38,_iterate
FN:44,(anonymous_3)
FN:47,(anonymous_4)
FNF:5
FNH:5
FNDA:12,(anonymous_0)
FNDA:3,(anonymous_1)
FNDA:13,_iterate
FNDA:13,(anonymous_3)
FNDA:2,(anonymous_4)
DA:19,71
DA:20,71
DA:21,71
DA:22,71
DA:24,71
DA:25,12
DA:28,71
DA:29,3
DA:31,2
DA:34,1
DA:40,13
DA:44,13
DA:45,13
DA:46,13
DA:47,1
DA:48,2
DA:51,12
DA:52,12
DA:54,0
DA:55,0
DA:57,13
DA:61,13
DA:65,13
DA:68,12
DA:70,12
DA:71,12
DA:72,129
DA:75,12
DA:76,13
DA:77,13
DA:79,0
DA:81,13
DA:82,13
DA:83,13
DA:84,0
DA:87,13
DA:88,13
DA:89,131
DA:90,131
DA:91,131
DA:93,131
DA:94,134
DA:95,132
DA:96,132
DA:97,132
DA:98,0
DA:99,0
DA:100,0
DA:101,0
DA:106,132
DA:107,15
DA:108,15
DA:114,0
DA:115,0
DA:116,0
DA:117,0
DA:118,0
DA:123,0
DA:124,0
DA:125,0
DA:131,131
DA:132,15
DA:135,13
DA:137,12
DA:138,12
DA:139,129
DA:140,0
DA:142,129
DA:143,116
DA:146,12
DA:150,1
DA:152,13
LF:72
LH:55
BRDA:29,0,0,2
BRDA:29,0,1,1
BRDA:29,1,0,3
BRDA:29,1,1,3
BRDA:46,2,0,1
BRDA:46,2,1,12
BRDA:51,3,0,12
BRDA:51,3,1,0
BRDA:54,4,0,0
BRDA:54,4,1,0
BRDA:65,5,0,12
BRDA:65,5,1,1
BRDA:65,6,0,13
BRDA:65,6,1,12
BRDA:68,7,0,12
BRDA:68,7,1,0
BRDA:77,8,0,0
BRDA:77,8,1,13
BRDA:77,9,0,13
BRDA:77,9,1,13
BRDA:83,10,0,0
BRDA:83,10,1,13
BRDA:94,11,0,132
BRDA:94,11,1,2
BRDA:94,12,0,134
BRDA:94,12,1,132
BRDA:95,13,0,132
BRDA:95,13,1,0
BRDA:97,14,0,0
BRDA:97,14,1,132
BRDA:99,15,0,0
BRDA:99,15,1,0
BRDA:106,16,0,15
BRDA:106,16,1,117
BRDA:114,17,0,0
BRDA:114,17,1,0
BRDA:116,18,0,0
BRDA:116,18,1,0
BRDA:123,19,0,0
BRDA:123,19,1,0
BRDA:131,20,0,15
BRDA:131,20,1,116
BRDA:139,21,0,0
BRDA:139,21,1,129
BRDA:139,22,0,129
BRDA:139,22,1,0
BRDA:142,23,0,116
BRDA:142,23,1,13
BRDA:142,24,0,129
BRDA:142,24,1,129
BRDA:150,25,0,1
BRDA:150,25,1,0
BRF:52
BRH:33
end_of_record
TN:
SF:lib/engine/ifelse.js
FN:23,(anonymous_0)
FNF:1
FNH:1
FNDA:10,(anonymous_0)
DA:19,71
DA:20,71
DA:21,71
DA:23,71
DA:24,10
DA:25,10
DA:26,10
DA:28,10
DA:29,10
DA:36,10
DA:38,10
DA:39,6
DA:40,6
DA:43,4
DA:44,4
DA:47,10
LF:16
LH:16
BRDA:38,0,0,6
BRDA:38,0,1,4
BRF:2
BRH:2
end_of_record
TN:
SF:lib/engine/insert.js
FN:23,(anonymous_0)
FN:24,getVarVal
FN:59,(anonymous_2)
FN:67,(anonymous_3)
FN:90,(anonymous_4)
FN:121,(anonymous_5)
FNF:6
FNH:4
FNDA:17,(anonymous_0)
FNDA:18,getVarVal
FNDA:20,(anonymous_2)
FNDA:21,(anonymous_3)
FNDA:0,(anonymous_4)
FNDA:0,(anonymous_5)
DA:19,71
DA:20,71
DA:21,71
DA:23,71
DA:25,18
DA:26,16
DA:28,2
DA:30,17
DA:31,17
DA:32,17
DA:34,17
DA:35,17
DA:41,17
DA:45,17
DA:46,17
DA:54,17
DA:55,17
DA:57,17
DA:58,15
DA:59,15
DA:60,20
DA:62,14
DA:63,1
DA:64,1
DA:67,14
DA:68,21
DA:70,13
DA:71,13
DA:72,13
DA:76,2
DA:77,2
DA:78,2
DA:80,0
DA:81,0
DA:82,0
DA:84,0
DA:85,0
DA:86,0
DA:89,0
DA:90,0
DA:91,0
DA:96,0
DA:98,0
DA:102,0
DA:106,0
DA:122,0
DA:123,0
DA:124,0
DA:126,0
LF:49
LH:32
BRDA:25,0,0,16
BRDA:25,0,1,2
BRDA:25,1,0,18
BRDA:25,1,1,16
BRDA:57,2,0,15
BRDA:57,2,1,2
BRDA:62,3,0,1
BRDA:62,3,1,13
BRDA:76,4,0,2
BRDA:76,4,1,2
BRDA:77,5,0,2
BRDA:77,5,1,0
BRDA:81,6,0,0
BRDA:81,6,1,0
BRDA:84,7,0,0
BRDA:84,7,1,0
BRDA:89,8,0,0
BRDA:89,8,1,0
BRDA:96,9,0,0
BRDA:96,9,1,0
BRDA:122,10,0,0
BRDA:122,10,1,0
BRF:22
BRH:11
end_of_record
TN:
SF:lib/engine/jsonfill.js
FN:29,fill
FN:32,(anonymous_1)
FN:38,(anonymous_2)
FN:59,lookup
FN:112,projectOne
FN:115,(anonymous_5)
FN:124,projectOne_
FN:130,project
FN:151,projectEach
FN:154,(anonymous_9)
FN:179,unwrap
FNF:11
FNH:11
FNDA:462,fill
FNDA:437,(anonymous_1)
FNDA:2,(anonymous_2)
FNDA:397,lookup
FNDA:1,projectOne
FNDA:2,(anonymous_5)
FNDA:2,projectOne_
FNDA:3,project
FNDA:3,projectEach
FNDA:9,(anonymous_9)
FNDA:28,unwrap
DA:19,72
DA:20,72
DA:21,72
DA:22,72
DA:24,72
DA:25,72
DA:26,72
DA:27,72
DA:30,462
DA:31,462
DA:32,182
DA:33,437
DA:34,63
DA:36,374
DA:37,1
DA:38,1
DA:39,2
DA:40,2
DA:43,0
DA:46,1
DA:49,373
DA:54,280
DA:56,462
DA:60,397
DA:61,397
DA:63,11
DA:64,11
DA:66,11
DA:67,6
DA:68,6
DA:69,6
DA:70,6
DA:71,1
DA:72,1
DA:75,5
DA:78,6
DA:79,6
DA:81,6
DA:82,0
DA:83,0
DA:84,0
DA:85,0
DA:88,6
DA:89,5
DA:90,5
DA:91,0
DA:95,1
DA:99,0
DA:103,5
DA:106,386
DA:107,0
DA:109,397
DA:113,1
DA:114,1
DA:115,1
DA:116,2
DA:118,1
DA:121,0
DA:125,2
DA:127,2
DA:131,3
DA:132,3
DA:133,0
DA:134,0
DA:135,0
DA:136,0
DA:137,0
DA:138,0
DA:143,3
DA:144,3
DA:146,3
DA:153,3
DA:154,3
DA:156,9
DA:157,9
DA:158,9
DA:159,9
DA:160,9
DA:161,9
DA:163,9
DA:164,4
DA:167,5
DA:170,3
DA:171,1
DA:174,2
DA:180,28
DA:181,0
DA:182,0
DA:184,28
LF:89
LH:72
BRDA:30,0,0,12
BRDA:30,0,1,450
BRDA:31,1,0,182
BRDA:31,1,1,280
BRDA:31,2,0,462
BRDA:31,2,1,450
BRDA:33,3,0,63
BRDA:33,3,1,374
BRDA:36,4,0,1
BRDA:36,4,1,373
BRDA:39,5,0,2
BRDA:39,5,1,0
BRDA:61,6,0,11
BRDA:61,6,1,386
BRDA:61,7,0,397
BRDA:61,7,1,337
BRDA:61,7,2,122
BRDA:61,7,3,11
BRDA:66,8,0,6
BRDA:66,8,1,5
BRDA:66,9,0,11
BRDA:66,9,1,11
BRDA:66,9,2,6
BRDA:70,10,0,1
BRDA:70,10,1,5
BRDA:79,11,0,6
BRDA:79,11,1,0
BRDA:81,12,0,0
BRDA:81,12,1,6
BRDA:81,13,0,6
BRDA:81,13,1,4
BRDA:81,13,2,2
BRDA:81,13,3,1
BRDA:88,14,0,5
BRDA:88,14,1,1
BRDA:106,15,0,0
BRDA:106,15,1,386
BRDA:113,16,0,1
BRDA:113,16,1,0
BRDA:127,17,0,2
BRDA:127,17,1,0
BRDA:132,18,0,0
BRDA:132,18,1,3
BRDA:133,19,0,0
BRDA:133,19,1,0
BRDA:137,20,0,0
BRDA:137,20,1,0
BRDA:137,21,0,0
BRDA:137,21,1,0
BRDA:153,22,0,1
BRDA:153,22,1,2
BRDA:159,23,0,0
BRDA:159,23,1,9
BRDA:160,24,0,9
BRDA:160,24,1,0
BRDA:160,25,0,9
BRDA:160,25,1,9
BRDA:160,25,2,9
BRDA:163,26,0,4
BRDA:163,26,1,5
BRDA:170,27,0,1
BRDA:170,27,1,2
BRDA:180,28,0,0
BRDA:180,28,1,28
BRDA:180,29,0,28
BRDA:180,29,1,12
BRDA:180,29,2,0
BRDA:180,29,3,0
BRF:68
BRH:50
end_of_record
TN:
SF:lib/engine/load-connector.js
FN:18,(anonymous_0)
FN:33,loadInternal
FN:47,(anonymous_2)
FN:61,loadOne
FNF:4
FNH:1
FNDA:218,(anonymous_0)
FNDA:0,loadInternal
FNDA:0,(anonymous_2)
FNDA:0,loadOne
DA:16,71
DA:17,71
DA:18,71
DA:19,218
DA:20,218
DA:22,218
DA:23,218
DA:25,0
DA:27,0
DA:28,0
DA:29,0
DA:34,0
DA:35,0
DA:38,0
DA:39,0
DA:40,0
DA:43,0
DA:44,0
DA:47,0
DA:48,0
DA:54,0
DA:55,0
DA:62,0
DA:63,0
DA:64,0
DA:65,0
DA:66,0
LF:27
LH:7
BRDA:22,0,0,218
BRDA:22,0,1,0
BRDA:38,1,0,0
BRDA:38,1,1,0
BRDA:54,2,0,0
BRDA:54,2,1,0
BRDA:54,3,0,0
BRDA:54,3,1,0
BRDA:65,4,0,0
BRDA:65,4,1,0
BRF:10
BRH:1
end_of_record
TN:
SF:lib/engine/load-routes.js
FN:27,(anonymous_0)
FN:46,loadInternal
FN:59,(anonymous_2)
FN:101,(anonymous_3)
FN:120,(anonymous_4)
FN:132,(anonymous_5)
FN:153,getRouteInfo
FN:155,(anonymous_7)
FN:161,findTables
FN:164,(anonymous_9)
FN:170,findTablesFromStatement
FN:185,(anonymous_11)
FNF:12
FNH:1
FNDA:218,(anonymous_0)
FNDA:0,loadInternal
FNDA:0,(anonymous_2)
FNDA:0,(anonymous_3)
FNDA:0,(anonymous_4)
FNDA:0,(anonymous_5)
FNDA:0,getRouteInfo
FNDA:0,(anonymous_7)
FNDA:0,findTables
FNDA:0,(anonymous_9)
FNDA:0,findTablesFromStatement
FNDA:0,(anonymous_11)
DA:19,71
DA:20,71
DA:21,71
DA:22,71
DA:23,71
DA:24,71
DA:27,71
DA:28,218
DA:29,218
DA:30,218
DA:32,218
DA:33,218
DA:36,0
DA:40,0
DA:41,0
DA:42,0
DA:47,0
DA:50,0
DA:51,0
DA:52,0
DA:55,0
DA:56,0
DA:59,0
DA:60,0
DA:61,0
DA:62,0
DA:66,0
DA:67,0
DA:68,0
DA:69,0
DA:70,0
DA:71,0
DA:74,0
DA:82,0
DA:83,0
DA:84,0
DA:85,0
DA:86,0
DA:89,0
DA:90,0
DA:91,0
DA:93,0
DA:100,0
DA:101,0
DA:102,0
DA:103,0
DA:105,0
DA:107,0
DA:111,0
DA:112,0
DA:115,0
DA:117,0
DA:120,0
DA:121,0
DA:123,0
DA:130,0
DA:131,0
DA:132,0
DA:133,0
DA:134,0
DA:135,0
DA:136,0
DA:142,0
DA:147,0
DA:154,0
DA:155,0
DA:156,0
DA:158,0
DA:162,0
DA:163,0
DA:164,0
DA:165,0
DA:167,0
DA:172,0
DA:174,0
DA:175,0
DA:178,0
DA:179,0
DA:182,0
DA:185,0
DA:186,0
DA:188,0
LF:82
LH:12
BRDA:32,0,0,218
BRDA:32,0,1,0
BRDA:50,1,0,0
BRDA:50,1,1,0
BRDA:61,2,0,0
BRDA:61,2,1,0
BRDA:63,3,0,0
BRDA:63,3,1,0
BRDA:66,4,0,0
BRDA:66,4,1,0
BRDA:66,5,0,0
BRDA:66,5,1,0
BRDA:90,6,0,0
BRDA:90,6,1,0
BRDA:93,7,0,0
BRDA:93,7,1,0
BRDA:93,8,0,0
BRDA:93,8,1,0
BRDA:93,8,2,0
BRDA:93,8,3,0
BRDA:93,8,4,0
BRDA:93,8,5,0
BRDA:93,8,6,0
BRDA:102,9,0,0
BRDA:102,9,1,0
BRDA:111,10,0,0
BRDA:111,10,1,0
BRDA:112,11,0,0
BRDA:112,11,1,0
BRDA:115,12,0,0
BRDA:115,12,1,0
BRDA:117,13,0,0
BRDA:117,13,1,0
BRDA:120,14,0,0
BRDA:120,14,1,0
BRDA:134,15,0,0
BRDA:134,15,1,0
BRDA:135,16,0,0
BRDA:135,16,1,0
BRDA:172,17,0,0
BRDA:172,17,1,0
BRDA:172,17,2,0
BRDA:172,17,3,0
BRDA:186,18,0,0
BRDA:186,18,1,0
BRF:45
BRH:1
end_of_record
TN:
SF:lib/engine/load.js
FN:24,(anonymous_0)
FN:41,loadInternal
FN:56,(anonymous_2)
FN:77,(anonymous_3)
FNF:4
FNH:4
FNDA:218,(anonymous_0)
FNDA:210,loadInternal
FNDA:3700,(anonymous_2)
FNDA:2664,(anonymous_3)
DA:19,71
DA:20,71
DA:21,71
DA:24,71
DA:25,218
DA:26,218
DA:27,218
DA:28,218
DA:30,218
DA:31,8
DA:33,210
DA:35,210
DA:36,210
DA:37,210
DA:42,210
DA:43,210
DA:44,210
DA:47,210
DA:48,210
DA:49,210
DA:52,0
DA:53,0
DA:56,210
DA:57,3700
DA:58,3700
DA:59,0
DA:63,3700
DA:65,2256
DA:67,2256
DA:70,2256
DA:78,2664
DA:79,0
DA:82,2664
DA:83,2664
LF:34
LH:30
BRDA:30,0,0,8
BRDA:30,0,1,210
BRDA:47,1,0,0
BRDA:47,1,1,210
BRDA:58,2,0,0
BRDA:58,2,1,3700
BRDA:60,3,0,0
BRDA:60,3,1,0
BRDA:63,4,0,2256
BRDA:63,4,1,1444
BRDA:63,5,0,3700
BRDA:63,5,1,3700
BRDA:78,6,0,0
BRDA:78,6,1,2664
BRF:14
BRH:9
end_of_record
TN:
SF:lib/engine/log-emitter.js
FN:31,(anonymous_0)
FN:34,gettid
FN:55,(anonymous_2)
FN:77,(anonymous_3)
FN:93,(anonymous_4)
FN:96,(anonymous_5)
FN:119,(anonymous_6)
FN:141,(anonymous_7)
FN:159,(anonymous_8)
FN:175,(anonymous_9)
FN:199,(anonymous_10)
FN:208,getUTimeInSecs
FN:213,getEventId
FNF:13
FNH:10
FNDA:218,(anonymous_0)
FNDA:225,gettid
FNDA:418,(anonymous_2)
FNDA:139,(anonymous_3)
FNDA:0,(anonymous_4)
FNDA:202,(anonymous_5)
FNDA:341,(anonymous_6)
FNDA:268,(anonymous_7)
FNDA:4,(anonymous_8)
FNDA:16,(anonymous_9)
FNDA:0,(anonymous_10)
FNDA:0,getUTimeInSecs
FNDA:418,getEventId
DA:19,71
DA:20,71
DA:21,71
DA:22,71
DA:23,71
DA:30,71
DA:31,71
DA:32,218
DA:35,225
DA:55,218
DA:56,418
DA:57,418
DA:58,418
DA:59,418
DA:60,418
DA:62,418
DA:73,418
DA:74,418
DA:75,418
DA:78,139
DA:79,139
DA:80,14
DA:81,1
DA:82,1
DA:83,1
DA:84,13
DA:85,12
DA:86,12
DA:88,14
DA:90,139
DA:91,139
DA:94,0
DA:97,202
DA:98,202
DA:99,202
DA:100,16
DA:101,3
DA:102,3
DA:103,3
DA:104,13
DA:105,12
DA:106,12
DA:108,16
DA:110,202
DA:111,202
DA:119,218
DA:120,341
DA:121,0
DA:124,341
DA:126,341
DA:127,341
DA:130,0
DA:133,341
DA:135,341
DA:141,218
DA:143,268
DA:144,265
DA:147,265
DA:149,3
DA:150,3
DA:151,3
DA:153,268
DA:159,218
DA:160,4
DA:161,4
DA:162,0
DA:163,0
DA:165,4
DA:166,4
DA:168,4
DA:169,4
DA:175,218
DA:176,16
DA:177,16
DA:178,16
DA:179,16
DA:180,16
DA:181,3
DA:182,3
DA:185,0
DA:186,0
DA:187,0
DA:188,0
DA:189,0
DA:192,16
DA:193,16
DA:199,218
DA:200,0
DA:201,0
DA:202,0
DA:204,0
DA:209,0
DA:212,218
DA:214,418
DA:215,0
DA:217,418
DA:221,71
LF:97
LH:81
BRDA:64,0,0,275
BRDA:64,0,1,143
BRDA:64,1,0,275
BRDA:64,1,1,82
BRDA:67,2,0,418
BRDA:67,2,1,345
BRDA:68,3,0,418
BRDA:68,3,1,56
BRDA:69,4,0,193
BRDA:69,4,1,225
BRDA:69,5,0,418
BRDA:69,5,1,275
BRDA:70,6,0,193
BRDA:70,6,1,225
BRDA:70,7,0,418
BRDA:70,7,1,275
BRDA:79,8,0,14
BRDA:79,8,1,125
BRDA:80,9,0,1
BRDA:80,9,1,13
BRDA:80,10,0,14
BRDA:80,10,1,2
BRDA:84,11,0,12
BRDA:84,11,1,1
BRDA:90,12,0,139
BRDA:90,12,1,118
BRDA:99,13,0,16
BRDA:99,13,1,186
BRDA:100,14,0,3
BRDA:100,14,1,13
BRDA:100,15,0,16
BRDA:100,15,1,4
BRDA:104,16,0,12
BRDA:104,16,1,1
BRDA:110,17,0,202
BRDA:110,17,1,202
BRDA:120,18,0,0
BRDA:120,18,1,341
BRDA:124,19,0,341
BRDA:124,19,1,0
BRDA:143,20,0,265
BRDA:143,20,1,3
BRDA:149,21,0,3
BRDA:149,21,1,0
BRDA:161,22,0,0
BRDA:161,22,1,4
BRDA:165,23,0,4
BRDA:165,23,1,0
BRDA:177,24,0,16
BRDA:177,24,1,0
BRDA:180,25,0,3
BRDA:180,25,1,13
BRDA:185,26,0,0
BRDA:185,26,1,0
BRDA:187,27,0,0
BRDA:187,27,1,0
BRDA:201,28,0,0
BRDA:201,28,1,0
BRDA:214,29,0,0
BRDA:214,29,1,418
BRF:60
BRH:47
end_of_record
TN:
SF:lib/engine/logic.js
FN:18,(anonymous_0)
FN:30,(anonymous_1)
FN:41,calculate
FN:48,(anonymous_3)
FNF:4
FNH:3
FNDA:12,(anonymous_0)
FNDA:10,(anonymous_1)
FNDA:17,calculate
FNDA:0,(anonymous_3)
DA:16,71
DA:17,71
DA:18,71
DA:19,12
DA:20,12
DA:27,12
DA:30,71
DA:31,10
DA:32,10
DA:33,12
DA:34,6
DA:36,6
DA:38,4
DA:42,17
DA:43,17
DA:44,17
DA:45,17
DA:46,17
DA:48,0
DA:49,0
DA:52,5
DA:54,12
LF:22
LH:20
BRDA:33,0,0,6
BRDA:33,0,1,6
BRDA:46,1,0,0
BRDA:46,1,1,5
BRDA:46,1,2,12
BRF:5
BRH:4
end_of_record
TN:
SF:lib/engine/project.js
FN:25,run
FN:42,(anonymous_1)
FN:73,select
FNF:3
FNH:2
FNDA:24,run
FNDA:0,(anonymous_1)
FNDA:24,select
DA:19,71
DA:20,71
DA:22,71
DA:29,24
DA:30,24
DA:34,21
DA:37,3
DA:39,3
DA:40,0
DA:41,0
DA:42,0
DA:44,0
DA:47,0
DA:48,0
DA:50,0
DA:55,0
DA:58,0
DA:59,0
DA:61,0
DA:65,3
DA:67,3
DA:68,3
DA:69,3
DA:74,24
DA:75,24
DA:76,24
DA:77,20
DA:78,20
DA:79,20
DA:80,0
DA:84,0
DA:87,24
LF:32
LH:19
BRDA:30,0,0,21
BRDA:30,0,1,3
BRDA:30,1,0,24
BRDA:30,1,1,13
BRDA:30,1,2,3
BRDA:30,1,3,3
BRDA:30,1,4,0
BRDA:30,1,5,3
BRDA:39,2,0,0
BRDA:39,2,1,3
BRDA:41,3,0,0
BRDA:41,3,1,0
BRDA:47,4,0,0
BRDA:47,4,1,0
BRDA:58,5,0,0
BRDA:58,5,1,0
BRDA:74,6,0,9
BRDA:74,6,1,15
BRDA:77,7,0,20
BRDA:77,7,1,0
BRDA:79,8,0,0
BRDA:79,8,1,20
BRDA:79,9,0,20
BRDA:79,9,1,5
BRDA:79,9,2,0
BRF:25
BRH:14
end_of_record
TN:
SF:lib/engine/select.js
FN:29,(anonymous_0)
FN:50,(anonymous_1)
FN:56,(anonymous_2)
FN:63,(anonymous_3)
FN:81,(anonymous_4)
FN:82,(anonymous_5)
FN:83,(anonymous_6)
FN:100,(anonymous_7)
FN:107,(anonymous_8)
FN:126,(anonymous_9)
FN:166,(anonymous_10)
FN:187,(anonymous_11)
FN:206,execInternal
FN:220,(anonymous_13)
FN:232,(anonymous_14)
FN:243,(anonymous_15)
FN:246,(anonymous_16)
FN:283,(anonymous_17)
FN:329,(anonymous_18)
FN:343,(anonymous_19)
FNF:20
FNH:10
FNDA:15,(anonymous_0)
FNDA:15,(anonymous_1)
FNDA:0,(anonymous_2)
FNDA:0,(anonymous_3)
FNDA:0,(anonymous_4)
FNDA:0,(anonymous_5)
FNDA:0,(anonymous_6)
FNDA:0,(anonymous_7)
FNDA:0,(anonymous_8)
FNDA:0,(anonymous_9)
FNDA:0,(anonymous_10)
FNDA:13,(anonymous_11)
FNDA:15,execInternal
FNDA:21,(anonymous_13)
FNDA:9,(anonymous_14)
FNDA:15,(anonymous_15)
FNDA:15,(anonymous_16)
FNDA:3,(anonymous_17)
FNDA:12,(anonymous_18)
FNDA:0,(anonymous_19)
DA:19,71
DA:20,71
DA:21,71
DA:22,71
DA:23,71
DA:24,71
DA:25,71
DA:26,71
DA:27,71
DA:29,71
DA:31,15
DA:32,15
DA:33,15
DA:34,15
DA:37,15
DA:50,15
DA:51,15
DA:52,2
DA:54,13
DA:56,0
DA:57,0
DA:61,0
DA:62,0
DA:63,0
DA:65,0
DA:66,0
DA:69,0
DA:70,0
DA:71,0
DA:75,0
DA:76,0
DA:77,0
DA:81,0
DA:82,0
DA:83,0
DA:84,0
DA:85,0
DA:88,0
DA:95,0
DA:96,0
DA:100,0
DA:101,0
DA:102,0
DA:105,0
DA:106,0
DA:107,0
DA:109,0
DA:110,0
DA:111,0
DA:113,0
DA:116,0
DA:126,0
DA:127,0
DA:128,0
DA:130,0
DA:131,0
DA:134,0
DA:137,0
DA:138,0
DA:140,0
DA:141,0
DA:142,0
DA:143,0
DA:145,0
DA:146,0
DA:149,0
DA:153,0
DA:154,0
DA:157,0
DA:160,0
DA:161,0
DA:164,0
DA:166,0
DA:167,0
DA:168,0
DA:171,0
DA:172,0
DA:173,0
DA:175,0
DA:181,13
DA:183,0
DA:187,13
DA:188,13
DA:189,0
DA:192,13
DA:193,6
DA:194,6
DA:196,13
DA:207,15
DA:208,15
DA:210,15
DA:220,15
DA:222,21
DA:223,21
DA:224,21
DA:229,21
DA:231,15
DA:232,3
DA:233,9
DA:237,12
DA:243,15
DA:246,15
DA:248,15
DA:249,15
DA:250,12
DA:251,12
DA:252,12
DA:253,12
DA:255,12
DA:256,0
DA:258,12
DA:263,15
DA:266,15
DA:267,3
DA:269,15
DA:270,15
DA:271,3
DA:280,3
DA:283,3
DA:284,3
DA:294,12
DA:295,12
DA:302,12
DA:303,0
DA:305,12
DA:306,12
DA:307,0
DA:311,12
DA:312,12
DA:313,12
DA:314,12
DA:315,12
DA:330,12
DA:331,12
DA:332,12
DA:334,12
DA:343,71
DA:344,0
DA:345,0
DA:348,0
DA:350,0
DA:351,0
DA:353,0
LF:143
LH:72
BRDA:51,0,0,2
BRDA:51,0,1,13
BRDA:54,1,0,0
BRDA:54,1,1,13
BRDA:70,2,0,0
BRDA:70,2,1,0
BRDA:71,3,0,0
BRDA:71,3,1,0
BRDA:71,4,0,0
BRDA:71,4,1,0
BRDA:75,5,0,0
BRDA:75,5,1,0
BRDA:84,6,0,0
BRDA:84,6,1,0
BRDA:95,7,0,0
BRDA:95,7,1,0
BRDA:101,8,0,0
BRDA:101,8,1,0
BRDA:105,9,0,0
BRDA:105,9,1,0
BRDA:110,10,0,0
BRDA:110,10,1,0
BRDA:110,11,0,0
BRDA:110,11,1,0
BRDA:113,12,0,0
BRDA:113,12,1,0
BRDA:113,13,0,0
BRDA:113,13,1,0
BRDA:116,14,0,0
BRDA:116,14,1,0
BRDA:116,15,0,0
BRDA:116,15,1,0
BRDA:128,16,0,0
BRDA:128,16,1,0
BRDA:128,17,0,0
BRDA:128,17,1,0
BRDA:130,18,0,0
BRDA:130,18,1,0
BRDA:137,19,0,0
BRDA:137,19,1,0
BRDA:138,20,0,0
BRDA:138,20,1,0
BRDA:140,21,0,0
BRDA:140,21,1,0
BRDA:141,22,0,0
BRDA:141,22,1,0
BRDA:142,23,0,0
BRDA:142,23,1,0
BRDA:145,24,0,0
BRDA:145,24,1,0
BRDA:153,25,0,0
BRDA:153,25,1,0
BRDA:167,26,0,0
BRDA:167,26,1,0
BRDA:171,27,0,0
BRDA:171,27,1,0
BRDA:181,28,0,0
BRDA:181,28,1,13
BRDA:188,29,0,0
BRDA:188,29,1,13
BRDA:192,30,0,6
BRDA:192,30,1,7
BRDA:231,31,0,3
BRDA:231,31,1,12
BRDA:252,32,0,12
BRDA:252,32,1,0
BRDA:255,33,0,0
BRDA:255,33,1,12
BRDA:266,34,0,3
BRDA:266,34,1,12
BRDA:266,35,0,15
BRDA:266,35,1,3
BRDA:270,36,0,3
BRDA:270,36,1,12
BRDA:294,37,0,12
BRDA:294,37,1,8
BRDA:302,38,0,0
BRDA:302,38,1,12
BRDA:306,39,0,0
BRDA:306,39,1,12
BRDA:311,40,0,12
BRDA:311,40,1,12
BRDA:311,40,2,12
BRDA:313,41,0,12
BRDA:313,41,1,12
BRDA:313,41,2,12
BRDA:330,42,0,12
BRDA:330,42,1,0
BRDA:344,43,0,0
BRDA:344,43,1,0
BRDA:344,44,0,0
BRDA:344,44,1,0
BRF:92
BRH:28
end_of_record
TN:
SF:lib/engine/show-routes.js
FN:27,(anonymous_0)
FN:45,(anonymous_1)
FN:53,(anonymous_2)
FNF:3
FNH:3
FNDA:15,(anonymous_0)
FNDA:119,(anonymous_1)
FNDA:112,(anonymous_2)
DA:19,72
DA:20,72
DA:27,72
DA:28,15
DA:30,15
DA:31,14
DA:32,13
DA:35,12
DA:36,1
DA:39,12
DA:46,119
DA:54,112
DA:55,112
DA:56,4
DA:57,108
DA:58,103
DA:59,5
LF:17
LH:17
BRDA:35,0,0,1
BRDA:35,0,1,11
BRDA:55,1,0,4
BRDA:55,1,1,108
BRDA:57,2,0,103
BRDA:57,2,1,5
BRF:6
BRH:6
end_of_record
TN:
SF:lib/engine/show.js
FN:28,(anonymous_0)
FN:36,(anonymous_1)
FN:40,(anonymous_2)
FN:52,(anonymous_3)
FNF:4
FNH:3
FNDA:1,(anonymous_0)
FNDA:13,(anonymous_1)
FNDA:0,(anonymous_2)
FNDA:13,(anonymous_3)
DA:19,71
DA:20,71
DA:28,71
DA:29,1
DA:30,1
DA:32,1
DA:33,1
DA:34,1
DA:36,1
DA:37,13
DA:40,1
DA:41,0
DA:44,1
DA:45,0
DA:48,1
DA:53,13
LF:16
LH:14
BRDA:30,0,0,1
BRDA:30,0,1,0
BRDA:44,1,0,0
BRDA:44,1,1,1
BRF:4
BRH:2
end_of_record
TN:
SF:lib/engine/trycatch.js
FN:23,(anonymous_0)
FN:37,(anonymous_1)
FN:45,(anonymous_2)
FNF:3
FNH:0
FNDA:0,(anonymous_0)
FNDA:0,(anonymous_1)
FNDA:0,(anonymous_2)
DA:19,71
DA:20,71
DA:21,71
DA:23,71
DA:24,0
DA:25,0
DA:26,0
DA:28,0
DA:29,0
DA:30,0
DA:37,0
DA:38,0
DA:40,0
DA:45,71
DA:46,0
DA:47,0
DA:48,0
DA:50,0
DA:51,0
DA:58,0
DA:59,0
DA:61,0
LF:22
LH:5
BRDA:58,0,0,0
BRDA:58,0,1,0
BRF:2
BRH:0
end_of_record
TN:
SF:lib/engine/udf.js
FN:25,(anonymous_0)
FN:35,(anonymous_1)
FN:36,(anonymous_2)
FN:37,(anonymous_3)
FN:42,(anonymous_4)
FN:60,(anonymous_5)
FN:75,(anonymous_6)
FN:76,(anonymous_7)
FN:77,(anonymous_8)
FN:83,(anonymous_9)
FN:84,(anonymous_10)
FN:85,(anonymous_11)
FN:86,(anonymous_12)
FN:92,(anonymous_13)
FN:94,(anonymous_14)
FN:117,(anonymous_15)
FN:130,(anonymous_16)
FN:138,(anonymous_17)
FN:162,resolve
FN:165,(anonymous_19)
FN:173,(anonymous_20)
FN:181,(anonymous_21)
FN:194,(anonymous_22)
FN:200,(anonymous_23)
FN:225,resolveUdf
FN:252,prepareArgs
FN:254,(anonymous_26)
FNF:27
FNH:12
FNDA:13,(anonymous_0)
FNDA:4,(anonymous_1)
FNDA:4,(anonymous_2)
FNDA:4,(anonymous_3)
FNDA:0,(anonymous_4)
FNDA:4,(anonymous_5)
FNDA:6,(anonymous_6)
FNDA:6,(anonymous_7)
FNDA:6,(anonymous_8)
FNDA:0,(anonymous_9)
FNDA:0,(anonymous_10)
FNDA:0,(anonymous_11)
FNDA:0,(anonymous_12)
FNDA:0,(anonymous_13)
FNDA:0,(anonymous_14)
FNDA:2,(anonymous_15)
FNDA:4,(anonymous_16)
FNDA:6,(anonymous_17)
FNDA:0,resolve
FNDA:0,(anonymous_19)
FNDA:0,(anonymous_20)
FNDA:0,(anonymous_21)
FNDA:0,(anonymous_22)
FNDA:0,(anonymous_23)
FNDA:4,resolveUdf
FNDA:0,prepareArgs
FNDA:0,(anonymous_26)
DA:19,71
DA:20,71
DA:21,71
DA:25,71
DA:31,13
DA:32,10
DA:34,10
DA:35,10
DA:36,4
DA:37,4
DA:38,4
DA:39,0
DA:41,0
DA:42,0
DA:43,0
DA:47,0
DA:50,0
DA:54,4
DA:59,10
DA:60,4
DA:61,4
DA:62,4
DA:66,6
DA:70,3
DA:74,3
DA:75,3
DA:76,6
DA:77,6
DA:78,6
DA:79,0
DA:81,0
DA:82,0
DA:83,0
DA:84,0
DA:85,0
DA:86,0
DA:87,0
DA:92,0
DA:93,0
DA:94,0
DA:95,0
DA:97,0
DA:105,0
DA:107,0
DA:111,6
DA:116,3
DA:117,2
DA:118,2
DA:119,2
DA:121,2
DA:125,1
DA:130,71
DA:131,4
DA:133,4
DA:134,0
DA:137,4
DA:138,4
DA:139,6
DA:140,5
DA:142,1
DA:145,4
DA:150,4
DA:151,4
DA:153,0
DA:156,4
DA:157,0
DA:159,4
DA:163,0
DA:164,0
DA:165,0
DA:166,0
DA:170,0
DA:171,0
DA:172,0
DA:173,0
DA:174,0
DA:175,0
DA:180,0
DA:181,0
DA:182,0
DA:183,0
DA:189,0
DA:193,0
DA:194,0
DA:195,0
DA:198,0
DA:199,0
DA:200,0
DA:201,0
DA:202,0
DA:205,0
DA:209,0
DA:215,0
DA:216,0
DA:221,0
DA:226,4
DA:229,4
DA:230,4
DA:231,4
DA:233,4
DA:234,8
DA:235,8
DA:237,0
DA:238,0
DA:242,4
DA:243,4
DA:248,0
DA:249,0
DA:253,0
DA:254,0
DA:255,0
DA:256,0
DA:259,0
DA:262,0
LF:114
LH:52
BRDA:31,0,0,10
BRDA:31,0,1,3
BRDA:38,1,0,0
BRDA:38,1,1,4
BRDA:40,2,0,0
BRDA:40,2,1,0
BRDA:41,3,0,0
BRDA:41,3,1,0
BRDA:59,4,0,4
BRDA:59,4,1,6
BRDA:78,5,0,0
BRDA:78,5,1,6
BRDA:80,6,0,0
BRDA:80,6,1,0
BRDA:81,7,0,0
BRDA:81,7,1,0
BRDA:95,8,0,0
BRDA:95,8,1,0
BRDA:116,9,0,2
BRDA:116,9,1,1
BRDA:118,10,0,2
BRDA:118,10,1,0
BRDA:133,11,0,0
BRDA:133,11,1,4
BRDA:139,12,0,5
BRDA:139,12,1,1
BRDA:156,13,0,0
BRDA:156,13,1,4
BRDA:164,14,0,0
BRDA:164,14,1,0
BRDA:170,15,0,0
BRDA:170,15,1,0
BRDA:170,16,0,0
BRDA:170,16,1,0
BRDA:171,17,0,0
BRDA:171,17,1,0
BRDA:171,18,0,0
BRDA:171,18,1,0
BRDA:174,19,0,0
BRDA:174,19,1,0
BRDA:174,20,0,0
BRDA:174,20,1,0
BRDA:182,21,0,0
BRDA:182,21,1,0
BRDA:193,22,0,0
BRDA:193,22,1,0
BRDA:193,23,0,0
BRDA:193,23,1,0
BRDA:198,24,0,0
BRDA:198,24,1,0
BRDA:198,25,0,0
BRDA:198,25,1,0
BRDA:201,26,0,0
BRDA:201,26,1,0
BRDA:226,27,0,4
BRDA:226,27,1,0
BRDA:229,28,0,4
BRDA:229,28,1,0
BRDA:229,29,0,4
BRDA:229,29,1,4
BRDA:234,30,0,8
BRDA:234,30,1,0
BRDA:234,31,0,8
BRDA:234,31,1,8
BRDA:234,31,2,8
BRDA:242,32,0,4
BRDA:242,32,1,0
BRDA:255,33,0,0
BRDA:255,33,1,0
BRDA:256,34,0,0
BRDA:256,34,1,0
BRF:71
BRH:22
end_of_record
TN:
SF:lib/engine/update.js
FN:22,(anonymous_0)
FN:77,(anonymous_1)
FNF:2
FNH:2
FNDA:14,(anonymous_0)
FNDA:12,(anonymous_1)
DA:19,71
DA:20,71
DA:22,71
DA:24,14
DA:25,14
DA:26,14
DA:28,14
DA:29,14
DA:33,14
DA:34,14
DA:42,14
DA:44,14
DA:45,14
DA:46,1
DA:48,13
DA:50,13
DA:51,1
DA:54,12
DA:55,12
DA:56,12
DA:57,12
DA:59,12
DA:62,12
DA:78,12
DA:79,12
DA:80,12
DA:82,12
LF:27
LH:27
BRDA:44,0,0,14
BRDA:44,0,1,14
BRDA:45,1,0,1
BRDA:45,1,1,13
BRDA:50,2,0,1
BRDA:50,2,1,12
BRDA:54,3,0,12
BRDA:54,3,1,0
BRDA:56,4,0,12
BRDA:56,4,1,0
BRDA:56,5,0,12
BRDA:56,5,1,12
BRDA:78,6,0,12
BRDA:78,6,1,0
BRF:14
BRH:11
end_of_record
TN:
SF:lib/engine/util.js
FN:20,(anonymous_0)
FN:35,(anonymous_1)
FN:47,(anonymous_2)
FN:61,isDup
FN:71,(anonymous_4)
FN:91,(anonymous_5)
FN:94,(anonymous_6)
FN:103,(anonymous_7)
FN:106,(anonymous_8)
FN:116,(anonymous_9)
FN:117,(anonymous_10)
FN:142,(anonymous_11)
FN:145,(anonymous_12)
FN:148,(anonymous_13)
FN:151,(anonymous_14)
FN:154,(anonymous_15)
FN:157,(anonymous_16)
FN:160,(anonymous_17)
FN:163,(anonymous_18)
FN:171,cacheRequire
FNF:20
FNH:8
FNDA:103,(anonymous_0)
FNDA:170,(anonymous_1)
FNDA:1,(anonymous_2)
FNDA:4,isDup
FNDA:12,(anonymous_4)
FNDA:0,(anonymous_5)
FNDA:0,(anonymous_6)
FNDA:8,(anonymous_7)
FNDA:8,(anonymous_8)
FNDA:218,(anonymous_9)
FNDA:0,(anonymous_10)
FNDA:0,(anonymous_11)
FNDA:0,(anonymous_12)
FNDA:0,(anonymous_13)
FNDA:0,(anonymous_14)
FNDA:0,(anonymous_15)
FNDA:0,(anonymous_16)
FNDA:0,(anonymous_17)
FNDA:0,(anonymous_18)
FNDA:0,cacheRequire
DA:17,71
DA:20,71
DA:21,103
DA:23,103
DA:24,769
DA:25,769
DA:26,311
DA:28,458
DA:29,103
DA:30,103
DA:35,355
DA:36,170
DA:38,355
DA:39,355
DA:42,103
DA:47,71
DA:48,1
DA:49,0
DA:52,1
DA:53,1
DA:54,1
DA:57,1
DA:62,4
DA:63,4
DA:64,0
DA:66,4
DA:68,4
DA:71,71
DA:72,12
DA:73,12
DA:74,12
DA:80,8
DA:82,4
DA:83,0
DA:85,4
DA:86,0
DA:88,4
DA:89,0
DA:90,0
DA:92,0
DA:95,0
DA:99,4
DA:100,4
DA:104,8
DA:107,8
DA:108,8
DA:113,12
DA:116,71
DA:117,218
DA:119,218
DA:120,0
DA:122,0
DA:123,0
DA:124,0
DA:127,0
DA:129,0
DA:130,0
DA:132,0
DA:135,0
DA:141,218
DA:142,2
DA:143,0
DA:145,2
DA:146,0
DA:148,2
DA:149,0
DA:151,2
DA:152,0
DA:154,2
DA:155,0
DA:157,2
DA:158,0
DA:160,2
DA:161,0
DA:163,2
DA:164,0
DA:168,218
DA:173,0
DA:174,0
DA:177,0
DA:178,0
DA:181,0
DA:184,0
LF:83
LH:52
BRDA:25,0,0,311
BRDA:25,0,1,458
BRDA:28,1,0,103
BRDA:28,1,1,355
BRDA:36,2,0,22
BRDA:36,2,1,148
BRDA:48,3,0,0
BRDA:48,3,1,1
BRDA:48,4,0,1
BRDA:48,4,1,1
BRDA:52,5,0,1
BRDA:52,5,1,0
BRDA:62,6,0,4
BRDA:62,6,1,0
BRDA:63,7,0,0
BRDA:63,7,1,4
BRDA:72,8,0,12
BRDA:72,8,1,4
BRDA:74,9,0,8
BRDA:74,9,1,4
BRDA:74,10,0,12
BRDA:74,10,1,12
BRDA:74,10,2,12
BRDA:74,10,3,12
BRDA:74,10,4,12
BRDA:74,10,5,4
BRDA:82,11,0,0
BRDA:82,11,1,4
BRDA:82,12,0,4
BRDA:82,12,1,4
BRDA:85,13,0,0
BRDA:85,13,1,4
BRDA:88,14,0,0
BRDA:88,14,1,4
BRDA:92,15,0,0
BRDA:92,15,1,0
BRDA:99,16,0,4
BRDA:99,16,1,0
BRDA:100,17,0,0
BRDA:100,17,1,4
BRDA:117,18,0,218
BRDA:117,18,1,0
BRDA:119,19,0,0
BRDA:119,19,1,218
BRDA:119,20,0,218
BRDA:119,20,1,216
BRDA:119,20,2,0
BRDA:123,21,0,0
BRDA:123,21,1,0
BRDA:129,22,0,0
BRDA:129,22,1,0
BRDA:141,23,0,2
BRDA:141,23,1,216
BRF:53
BRH:35
end_of_record
TN:
SF:lib/engine/visualization.js
FN:22,(anonymous_0)
FN:43,(anonymous_1)
FN:45,(anonymous_2)
FN:56,composeDiagram
FN:61,getColor
FN:68,getDepHelper
FN:85,(anonymous_6)
FN:112,(anonymous_7)
FN:117,(anonymous_8)
FN:124,(anonymous_9)
FN:129,(anonymous_10)
FN:134,(anonymous_11)
FN:141,(anonymous_12)
FNF:13
FNH:0
FNDA:0,(anonymous_0)
FNDA:0,(anonymous_1)
FNDA:0,(anonymous_2)
FNDA:0,composeDiagram
FNDA:0,getColor
FNDA:0,getDepHelper
FNDA:0,(anonymous_6)
FNDA:0,(anonymous_7)
FNDA:0,(anonymous_8)
FNDA:0,(anonymous_9)
FNDA:0,(anonymous_10)
FNDA:0,(anonymous_11)
FNDA:0,(anonymous_12)
DA:18,71
DA:19,71
DA:20,71
DA:21,71
DA:22,71
DA:23,0
DA:24,0
DA:25,0
DA:26,0
DA:27,0
DA:28,0
DA:31,0
DA:33,0
DA:42,0
DA:43,0
DA:44,0
DA:45,0
DA:46,0
DA:51,0
DA:52,0
DA:58,0
DA:59,0
DA:60,0
DA:62,0
DA:63,0
DA:64,0
DA:66,0
DA:69,0
DA:70,0
DA:72,0
DA:73,0
DA:75,0
DA:76,0
DA:78,0
DA:79,0
DA:81,0
DA:82,0
DA:83,0
DA:84,0
DA:85,0
DA:86,0
DA:87,0
DA:88,0
DA:90,0
DA:98,0
DA:99,0
DA:100,0
DA:101,0
DA:102,0
DA:103,0
DA:106,0
DA:107,0
DA:110,0
DA:111,0
DA:112,0
DA:113,0
DA:114,0
DA:115,0
DA:117,0
DA:118,0
DA:119,0
DA:120,0
DA:122,0
DA:123,0
DA:124,0
DA:125,0
DA:126,0
DA:127,0
DA:129,0
DA:130,0
DA:131,0
DA:132,0
DA:133,0
DA:134,0
DA:135,0
DA:136,0
DA:137,0
DA:141,0
DA:142,0
DA:143,0
DA:144,0
DA:148,0
DA:150,0
DA:151,0
DA:155,0
DA:157,0
LF:86
LH:5
BRDA:27,0,0,0
BRDA:27,0,1,0
BRDA:63,1,0,0
BRDA:63,1,1,0
BRDA:69,2,0,0
BRDA:69,2,1,0
BRDA:75,3,0,0
BRDA:75,3,1,0
BRDA:78,4,0,0
BRDA:78,4,1,0
BRDA:81,5,0,0
BRDA:81,5,1,0
BRDA:82,6,0,0
BRDA:82,6,1,0
BRDA:84,7,0,0
BRDA:84,7,1,0
BRDA:84,8,0,0
BRDA:84,8,1,0
BRDA:98,9,0,0
BRDA:98,9,1,0
BRDA:98,10,0,0
BRDA:98,10,1,0
BRDA:98,10,2,0
BRDA:106,11,0,0
BRDA:106,11,1,0
BRDA:110,12,0,0
BRDA:110,12,1,0
BRDA:122,13,0,0
BRDA:122,13,1,0
BRDA:150,14,0,0
BRDA:150,14,1,0
BRF:31
BRH:0
end_of_record
TN:
SF:lib/engine/where.js
FN:28,(anonymous_0)
FN:34,(anonymous_1)
FN:41,(anonymous_2)
FN:42,(anonymous_3)
FN:55,(anonymous_4)
FN:56,(anonymous_5)
FN:57,(anonymous_6)
FN:71,(anonymous_7)
FN:72,(anonymous_8)
FN:84,(anonymous_9)
FN:87,(anonymous_10)
FN:104,(anonymous_11)
FNF:12
FNH:8
FNDA:33,(anonymous_0)
FNDA:30,(anonymous_1)
FNDA:29,(anonymous_2)
FNDA:29,(anonymous_3)
FNDA:0,(anonymous_4)
FNDA:0,(anonymous_5)
FNDA:0,(anonymous_6)
FNDA:1,(anonymous_7)
FNDA:1,(anonymous_8)
FNDA:2,(anonymous_9)
FNDA:0,(anonymous_10)
FNDA:33,(anonymous_11)
DA:19,71
DA:20,71
DA:21,71
DA:22,71
DA:23,71
DA:28,71
DA:29,33
DA:33,33
DA:34,33
DA:35,30
DA:36,29
DA:41,29
DA:42,29
DA:43,29
DA:44,29
DA:45,29
DA:46,29
DA:52,1
DA:53,1
DA:54,1
DA:55,0
DA:56,0
DA:57,0
DA:58,0
DA:59,0
DA:62,0
DA:63,0
DA:64,0
DA:70,1
DA:71,1
DA:72,1
DA:73,1
DA:74,1
DA:77,1
DA:78,1
DA:79,0
DA:80,0
DA:84,1
DA:85,2
DA:86,2
DA:87,0
DA:88,0
DA:92,2
DA:95,1
DA:104,33
DA:105,33
LF:46
LH:34
BRDA:35,0,0,29
BRDA:35,0,1,1
BRDA:44,1,0,29
BRDA:44,1,1,0
BRDA:52,2,0,1
BRDA:52,2,1,0
BRDA:54,3,0,0
BRDA:54,3,1,1
BRDA:58,4,0,0
BRDA:58,4,1,0
BRDA:70,5,0,1
BRDA:70,5,1,0
BRDA:78,6,0,0
BRDA:78,6,1,1
BRDA:86,7,0,0
BRDA:86,7,1,2
BRF:16
BRH:8
end_of_record
TN:
SF:lib/engine/http/request.js
FN:36,(anonymous_0)
FN:90,putInCache
FN:97,sendHttpRequest
FN:109,(anonymous_3)
FN:121,(anonymous_4)
FN:126,(anonymous_5)
FN:163,(anonymous_6)
FN:196,(anonymous_7)
FN:293,(anonymous_8)
FN:296,(anonymous_9)
FN:301,(anonymous_10)
FN:313,(anonymous_11)
FN:337,(anonymous_12)
FN:360,(anonymous_13)
FN:383,(anonymous_14)
FN:411,_retry
FN:421,sendMessage
FN:435,(anonymous_17)
FN:460,getMaxResponseLength
FNF:19
FNH:13
FNDA:22,(anonymous_0)
FNDA:18,putInCache
FNDA:19,sendHttpRequest
FNDA:95,(anonymous_3)
FNDA:19,(anonymous_4)
FNDA:19,(anonymous_5)
FNDA:0,(anonymous_6)
FNDA:18,(anonymous_7)
FNDA:0,(anonymous_8)
FNDA:0,(anonymous_9)
FNDA:0,(anonymous_10)
FNDA:18,(anonymous_11)
FNDA:18,(anonymous_12)
FNDA:0,(anonymous_13)
FNDA:1,(anonymous_14)
FNDA:0,_retry
FNDA:22,sendMessage
FNDA:4,(anonymous_17)
FNDA:4,getMaxResponseLength
DA:20,71
DA:21,71
DA:22,71
DA:23,71
DA:24,71
DA:26,71
DA:27,71
DA:28,71
DA:29,71
DA:30,71
DA:31,71
DA:32,71
DA:36,71
DA:39,22
DA:41,22
DA:43,22
DA:44,22
DA:46,0
DA:49,22
DA:50,22
DA:51,22
DA:52,22
DA:53,22
DA:55,22
DA:57,22
DA:58,0
DA:59,0
DA:60,0
DA:62,0
DA:63,0
DA:64,0
DA:65,0
DA:67,0
DA:68,0
DA:69,0
DA:70,0
DA:74,22
DA:83,22
DA:85,22
DA:87,22
DA:91,18
DA:92,1
DA:99,19
DA:109,19
DA:110,95
DA:116,19
DA:117,19
DA:122,19
DA:128,19
DA:129,19
DA:130,19
DA:131,0
DA:133,19
DA:138,19
DA:139,19
DA:140,19
DA:145,19
DA:146,19
DA:148,19
DA:149,0
DA:151,19
DA:155,19
DA:156,0
DA:157,0
DA:158,0
DA:161,0
DA:163,0
DA:164,0
DA:166,0
DA:167,0
DA:172,0
DA:173,0
DA:176,19
DA:179,19
DA:180,19
DA:181,19
DA:182,19
DA:183,19
DA:184,0
DA:185,0
DA:186,0
DA:187,0
DA:188,0
DA:189,0
DA:190,0
DA:195,19
DA:196,19
DA:198,18
DA:200,18
DA:202,0
DA:203,0
DA:204,0
DA:207,0
DA:208,0
DA:209,0
DA:210,0
DA:212,0
DA:213,0
DA:214,0
DA:215,0
DA:218,0
DA:219,0
DA:220,0
DA:221,0
DA:225,0
DA:226,0
DA:228,0
DA:229,0
DA:230,0
DA:233,0
DA:234,0
DA:235,0
DA:236,0
DA:237,0
DA:239,0
DA:243,0
DA:250,0
DA:252,0
DA:253,0
DA:256,0
DA:261,0
DA:262,0
DA:263,0
DA:264,0
DA:269,18
DA:270,18
DA:271,18
DA:273,18
DA:274,0
DA:275,0
DA:276,0
DA:278,0
DA:279,0
DA:282,0
DA:283,0
DA:284,0
DA:285,0
DA:288,0
DA:289,0
DA:291,0
DA:293,0
DA:294,0
DA:296,0
DA:297,0
DA:298,0
DA:299,0
DA:301,0
DA:302,0
DA:303,0
DA:304,0
DA:305,0
DA:308,0
DA:309,0
DA:313,18
DA:314,18
DA:315,18
DA:317,0
DA:321,18
DA:323,18
DA:324,18
DA:325,18
DA:326,0
DA:327,0
DA:328,0
DA:330,0
DA:333,0
DA:334,0
DA:337,18
DA:338,18
DA:339,18
DA:340,0
DA:343,18
DA:344,18
DA:345,18
DA:350,19
DA:351,0
DA:352,0
DA:353,19
DA:354,0
DA:355,0
DA:359,19
DA:360,19
DA:361,0
DA:362,0
DA:365,0
DA:367,0
DA:369,0
DA:370,0
DA:374,0
DA:375,0
DA:383,19
DA:385,1
DA:386,0
DA:389,1
DA:391,1
DA:395,1
DA:396,0
DA:399,1
DA:400,1
DA:403,1
DA:404,1
DA:405,1
DA:408,19
DA:412,0
DA:413,0
DA:417,0
DA:418,0
DA:422,22
DA:423,22
DA:424,22
DA:425,22
DA:434,22
DA:435,4
DA:436,4
DA:437,1
DA:441,3
DA:447,3
DA:451,3
DA:456,18
DA:461,4
DA:462,1
DA:465,3
DA:466,3
DA:469,3
LF:224
LH:107
BRDA:51,0,0,22
BRDA:51,0,1,0
BRDA:51,1,0,0
BRDA:51,1,1,0
BRDA:53,2,0,22
BRDA:53,2,1,22
BRDA:57,3,0,0
BRDA:57,3,1,22
BRDA:59,4,0,0
BRDA:59,4,1,0
BRDA:59,5,0,0
BRDA:59,5,1,0
BRDA:62,6,0,0
BRDA:62,6,1,0
BRDA:62,7,0,0
BRDA:62,7,1,0
BRDA:67,8,0,0
BRDA:67,8,1,0
BRDA:75,9,0,0
BRDA:75,9,1,22
BRDA:76,10,0,0
BRDA:76,10,1,22
BRDA:77,11,0,0
BRDA:77,11,1,22
BRDA:83,12,0,0
BRDA:83,12,1,22
BRDA:91,13,0,1
BRDA:91,13,1,17
BRDA:91,14,0,18
BRDA:91,14,1,1
BRDA:128,15,0,19
BRDA:128,15,1,0
BRDA:130,16,0,0
BRDA:130,16,1,19
BRDA:145,17,0,19
BRDA:145,17,1,0
BRDA:148,18,0,0
BRDA:148,18,1,19
BRDA:155,19,0,0
BRDA:155,19,1,19
BRDA:155,20,0,19
BRDA:155,20,1,12
BRDA:157,21,0,0
BRDA:157,21,1,0
BRDA:166,22,0,0
BRDA:166,22,1,0
BRDA:172,23,0,0
BRDA:172,23,1,0
BRDA:179,24,0,19
BRDA:179,24,1,19
BRDA:180,25,0,19
BRDA:180,25,1,19
BRDA:181,26,0,19
BRDA:181,26,1,19
BRDA:183,27,0,0
BRDA:183,27,1,19
BRDA:200,28,0,0
BRDA:200,28,1,18
BRDA:200,29,0,18
BRDA:200,29,1,18
BRDA:200,29,2,0
BRDA:200,29,3,0
BRDA:200,29,4,0
BRDA:203,30,0,0
BRDA:203,30,1,0
BRDA:212,31,0,0
BRDA:212,31,1,0
BRDA:212,32,0,0
BRDA:212,32,1,0
BRDA:213,33,0,0
BRDA:213,33,1,0
BRDA:214,34,0,0
BRDA:214,34,1,0
BRDA:229,35,0,0
BRDA:229,35,1,0
BRDA:229,36,0,0
BRDA:229,36,1,0
BRDA:230,37,0,0
BRDA:230,37,1,0
BRDA:236,38,0,0
BRDA:236,38,1,0
BRDA:236,39,0,0
BRDA:236,39,1,0
BRDA:237,40,0,0
BRDA:237,40,1,0
BRDA:273,41,0,0
BRDA:273,41,1,18
BRDA:275,42,0,0
BRDA:275,42,1,0
BRDA:278,43,0,0
BRDA:278,43,1,0
BRDA:315,44,0,0
BRDA:315,44,1,18
BRDA:324,45,0,18
BRDA:324,45,1,4
BRDA:325,46,0,0
BRDA:325,46,1,18
BRDA:339,47,0,0
BRDA:339,47,1,18
BRDA:350,48,0,0
BRDA:350,48,1,19
BRDA:350,49,0,19
BRDA:350,49,1,12
BRDA:353,50,0,0
BRDA:353,50,1,19
BRDA:361,51,0,0
BRDA:361,51,1,0
BRDA:369,52,0,0
BRDA:369,52,1,0
BRDA:369,53,0,0
BRDA:369,53,1,0
BRDA:385,54,0,0
BRDA:385,54,1,1
BRDA:392,55,0,1
BRDA:392,55,1,0
BRDA:392,56,0,1
BRDA:392,56,1,0
BRDA:395,57,0,0
BRDA:395,57,1,1
BRDA:395,58,0,1
BRDA:395,58,1,1
BRDA:395,58,2,1
BRDA:400,59,0,1
BRDA:400,59,1,0
BRDA:401,60,0,0
BRDA:401,60,1,0
BRDA:401,61,0,0
BRDA:401,61,1,0
BRDA:423,62,0,22
BRDA:423,62,1,18
BRDA:434,63,0,4
BRDA:434,63,1,18
BRDA:434,64,0,22
BRDA:434,64,1,4
BRDA:436,65,0,1
BRDA:436,65,1,3
BRDA:436,66,0,4
BRDA:436,66,1,3
BRDA:461,67,0,1
BRDA:461,67,1,3
BRDA:461,68,0,4
BRDA:461,68,1,4
BRF:142
BRH:61
end_of_record
TN:
SF:lib/engine/http/response.js
FN:24,(anonymous_0)
FN:33,(anonymous_1)
FN:52,(anonymous_2)
FN:74,(anonymous_3)
FN:82,(anonymous_4)
FN:109,(anonymous_5)
FN:115,jsonify
FN:135,(anonymous_7)
FN:146,sniffMediaType
FNF:9
FNH:7
FNDA:18,(anonymous_0)
FNDA:21,(anonymous_1)
FNDA:99,(anonymous_2)
FNDA:21,(anonymous_3)
FNDA:21,(anonymous_4)
FNDA:0,(anonymous_5)
FNDA:21,jsonify
FNDA:0,(anonymous_7)
FNDA:21,sniffMediaType
DA:17,71
DA:18,71
DA:19,71
DA:20,71
DA:21,71
DA:22,71
DA:24,71
DA:25,18
DA:29,18
DA:30,18
DA:33,71
DA:36,21
DA:37,21
DA:39,21
DA:40,21
DA:52,21
DA:53,99
DA:58,21
DA:60,21
DA:61,0
DA:67,21
DA:71,21
DA:74,21
DA:75,21
DA:78,21
DA:79,21
DA:80,21
DA:82,21
DA:83,21
DA:93,0
DA:102,0
DA:110,0
DA:111,0
DA:117,21
DA:118,0
DA:120,21
DA:121,0
DA:123,21
DA:124,4
DA:126,17
DA:127,17
DA:129,0
DA:130,0
DA:133,0
DA:135,0
DA:137,0
DA:141,0
DA:148,21
DA:152,21
DA:155,21
DA:158,21
DA:161,21
DA:163,21
LF:53
LH:40
BRDA:36,0,0,21
BRDA:36,0,1,21
BRDA:39,1,0,21
BRDA:39,1,1,0
BRDA:60,2,0,0
BRDA:60,2,1,21
BRDA:75,3,0,21
BRDA:75,3,1,0
BRDA:75,4,0,21
BRDA:75,4,1,0
BRDA:78,5,0,21
BRDA:78,5,1,0
BRDA:78,6,0,21
BRDA:78,6,1,21
BRDA:79,7,0,21
BRDA:79,7,1,0
BRDA:104,8,0,0
BRDA:104,8,1,0
BRDA:106,9,0,0
BRDA:106,9,1,0
BRDA:117,10,0,0
BRDA:117,10,1,21
BRDA:117,11,0,21
BRDA:117,11,1,21
BRDA:120,12,0,0
BRDA:120,12,1,21
BRDA:123,13,0,4
BRDA:123,13,1,17
BRDA:123,14,0,21
BRDA:123,14,1,17
BRDA:126,15,0,17
BRDA:126,15,1,0
BRDA:129,16,0,0
BRDA:129,16,1,0
BRDA:131,17,0,0
BRDA:131,17,1,0
BRDA:133,18,0,0
BRDA:133,18,1,0
BRDA:148,19,0,21
BRDA:148,19,1,0
BRDA:152,20,0,0
BRDA:152,20,1,21
BRDA:155,21,0,0
BRDA:155,21,1,21
BRDA:158,22,0,21
BRDA:158,22,1,0
BRDA:161,23,0,0
BRDA:161,23,1,21
BRF:48
BRH:24
end_of_record
TN:
SF:lib/engine/source/httpConnector.js
FN:37,(anonymous_0)
FN:45,(anonymous_1)
FN:48,(anonymous_2)
FN:49,(anonymous_3)
FN:50,(anonymous_4)
FN:51,(anonymous_5)
FN:52,(anonymous_6)
FN:64,(anonymous_7)
FN:65,(anonymous_8)
FN:73,(anonymous_9)
FN:84,(anonymous_10)
FN:90,(anonymous_11)
FN:101,(anonymous_12)
FN:102,(anonymous_13)
FN:103,(anonymous_14)
FN:108,(anonymous_15)
FN:130,(anonymous_16)
FN:149,(anonymous_17)
FN:161,(anonymous_18)
FN:175,(anonymous_19)
FN:185,(anonymous_20)
FN:203,(anonymous_21)
FN:214,(anonymous_22)
FN:225,(anonymous_23)
FN:239,(anonymous_24)
FN:250,(anonymous_25)
FN:262,(anonymous_26)
FN:274,(anonymous_27)
FN:286,(anonymous_28)
FN:337,(anonymous_29)
FN:338,(anonymous_30)
FN:339,(anonymous_31)
FN:348,(anonymous_32)
FN:356,(anonymous_33)
FN:357,(anonymous_34)
FN:358,(anonymous_35)
FN:359,(anonymous_36)
FN:367,(anonymous_37)
FN:408,(anonymous_38)
FN:411,(anonymous_39)
FN:417,(anonymous_40)
FN:432,mergeArray
FN:434,(anonymous_42)
FN:440,(anonymous_43)
FN:451,(anonymous_44)
FN:457,(anonymous_45)
FN:482,_process
FN:500,(anonymous_47)
FN:510,(anonymous_48)
FN:523,(anonymous_49)
FN:545,(anonymous_50)
FN:562,cloneDeep
FN:575,send
FN:578,(anonymous_53)
FN:591,makeHttpRequest
FN:604,(anonymous_55)
FN:679,getIp
FN:680,(anonymous_57)
FNF:58
FNH:43
FNDA:3076,(anonymous_0)
FNDA:55,(anonymous_1)
FNDA:24,(anonymous_2)
FNDA:22,(anonymous_3)
FNDA:13,(anonymous_4)
FNDA:13,(anonymous_5)
FNDA:2,(anonymous_6)
FNDA:8,(anonymous_7)
FNDA:8,(anonymous_8)
FNDA:18,(anonymous_9)
FNDA:18,(anonymous_10)
FNDA:18,(anonymous_11)
FNDA:21,(anonymous_12)
FNDA:21,(anonymous_13)
FNDA:21,(anonymous_14)
FNDA:24,(anonymous_15)
FNDA:24,(anonymous_16)
FNDA:24,(anonymous_17)
FNDA:0,(anonymous_18)
FNDA:22,(anonymous_19)
FNDA:13,(anonymous_20)
FNDA:0,(anonymous_21)
FNDA:13,(anonymous_22)
FNDA:4,(anonymous_23)
FNDA:18,(anonymous_24)
FNDA:21,(anonymous_25)
FNDA:21,(anonymous_26)
FNDA:21,(anonymous_27)
FNDA:24,(anonymous_28)
FNDA:0,(anonymous_29)
FNDA:0,(anonymous_30)
FNDA:0,(anonymous_31)
FNDA:0,(anonymous_32)
FNDA:24,(anonymous_33)
FNDA:24,(anonymous_34)
FNDA:24,(anonymous_35)
FNDA:24,(anonymous_36)
FNDA:24,(anonymous_37)
FNDA:212,(anonymous_38)
FNDA:0,(anonymous_39)
FNDA:0,(anonymous_40)
FNDA:0,mergeArray
FNDA:0,(anonymous_42)
FNDA:0,(anonymous_43)
FNDA:0,(anonymous_44)
FNDA:0,(anonymous_45)
FNDA:3076,_process
FNDA:19600,(anonymous_47)
FNDA:0,(anonymous_48)
FNDA:9180,(anonymous_49)
FNDA:2654,(anonymous_50)
FNDA:21828,cloneDeep
FNDA:24,send
FNDA:4,(anonymous_53)
FNDA:22,makeHttpRequest
FNDA:0,(anonymous_55)
FNDA:22,getIp
FNDA:374,(anonymous_57)
DA:19,71
DA:20,71
DA:21,71
DA:22,71
DA:23,71
DA:24,71
DA:25,71
DA:26,71
DA:27,71
DA:28,71
DA:29,71
DA:30,71
DA:31,71
DA:33,71
DA:37,71
DA:38,3076
DA:39,3076
DA:40,3076
DA:45,3076
DA:46,55
DA:48,3076
DA:49,3076
DA:50,3076
DA:51,3076
DA:52,3076
DA:53,2
DA:55,2
DA:56,2
DA:57,2
DA:58,2
DA:59,2
DA:60,2
DA:64,8
DA:66,8
DA:67,8
DA:70,2
DA:73,3076
DA:75,18
DA:76,18
DA:77,18
DA:78,18
DA:83,18
DA:84,18
DA:85,18
DA:89,18
DA:90,18
DA:91,18
DA:95,18
DA:97,18
DA:101,3076
DA:102,3076
DA:103,3076
DA:108,3076
DA:109,24
DA:110,24
DA:111,24
DA:113,24
DA:114,79
DA:115,55
DA:116,55
DA:121,55
DA:122,0
DA:130,3076
DA:132,24
DA:133,24
DA:134,24
DA:135,24
DA:138,0
DA:139,0
DA:144,24
DA:145,24
DA:148,24
DA:149,24
DA:150,24
DA:151,24
DA:158,24
DA:159,24
DA:160,0
DA:161,0
DA:162,0
DA:164,0
DA:167,24
DA:169,24
DA:172,24
DA:175,3076
DA:176,22
DA:185,3076
DA:186,13
DA:187,13
DA:195,13
DA:196,13
DA:197,13
DA:202,13
DA:203,0
DA:204,0
DA:206,0
DA:209,13
DA:210,13
DA:214,3076
DA:215,13
DA:225,3076
DA:226,4
DA:239,3076
DA:240,18
DA:250,3076
DA:251,21
DA:262,3076
DA:263,21
DA:274,3076
DA:275,21
DA:285,3076
DA:286,3076
DA:287,24
DA:292,24
DA:302,24
DA:305,24
DA:306,24
DA:309,0
DA:313,24
DA:314,24
DA:317,0
DA:321,24
DA:322,0
DA:332,24
DA:336,24
DA:337,0
DA:338,0
DA:339,0
DA:340,0
DA:341,0
DA:342,0
DA:343,0
DA:346,0
DA:348,0
DA:349,0
DA:356,24
DA:357,24
DA:358,24
DA:359,24
DA:360,24
DA:367,24
DA:369,24
DA:370,3
DA:374,21
DA:380,21
DA:381,21
DA:387,0
DA:390,21
DA:391,21
DA:392,21
DA:395,0
DA:398,21
DA:401,0
DA:408,3076
DA:409,212
DA:410,212
DA:411,212
DA:412,0
DA:413,0
DA:417,3076
DA:418,0
DA:419,0
DA:421,0
DA:422,0
DA:424,0
DA:425,0
DA:427,0
DA:431,71
DA:434,0
DA:435,0
DA:438,0
DA:439,0
DA:440,0
DA:441,0
DA:445,0
DA:446,0
DA:449,0
DA:451,0
DA:452,0
DA:453,0
DA:454,0
DA:457,0
DA:458,0
DA:459,0
DA:460,0
DA:461,0
DA:464,0
DA:468,0
DA:469,0
DA:473,0
DA:479,0
DA:484,3076
DA:485,3076
DA:486,3076
DA:488,3076
DA:489,3076
DA:495,3076
DA:496,3076
DA:498,3076
DA:500,3076
DA:501,19600
DA:502,8976
DA:504,8976
DA:505,8976
DA:509,3076
DA:510,3076
DA:511,0
DA:512,0
DA:515,0
DA:522,3076
DA:523,3076
DA:524,9180
DA:525,9180
DA:528,7488
DA:535,3076
DA:537,204
DA:538,204
DA:540,3076
DA:541,1022
DA:544,1022
DA:545,1022
DA:546,2654
DA:549,3076
DA:551,8
DA:552,8
DA:556,8
DA:557,8
DA:563,21828
DA:564,12648
DA:567,9180
DA:569,9180
DA:570,12648
DA:572,9180
DA:577,24
DA:578,4
DA:579,4
DA:580,2
DA:583,2
DA:585,4
DA:589,20
DA:593,22
DA:596,22
DA:604,22
DA:606,0
DA:607,0
DA:608,0
DA:612,0
DA:614,0
DA:617,22
DA:618,22
DA:619,22
DA:623,22
DA:624,22
DA:627,0
DA:632,22
DA:633,13
DA:634,13
DA:635,13
DA:636,0
DA:638,13
DA:639,0
DA:641,13
DA:642,0
DA:648,22
DA:649,4
DA:652,22
DA:680,22
DA:681,374
DA:684,22
LF:269
LH:199
BRDA:53,0,0,2
BRDA:53,0,1,0
BRDA:76,1,0,18
BRDA:76,1,1,0
BRDA:77,2,0,18
BRDA:77,2,1,0
BRDA:78,3,0,0
BRDA:78,3,1,18
BRDA:79,4,0,0
BRDA:79,4,1,18
BRDA:110,5,0,24
BRDA:110,5,1,0
BRDA:114,6,0,24
BRDA:114,6,1,55
BRDA:121,7,0,0
BRDA:121,7,1,55
BRDA:145,8,0,0
BRDA:145,8,1,24
BRDA:158,9,0,24
BRDA:158,9,1,0
BRDA:159,10,0,0
BRDA:159,10,1,24
BRDA:176,11,0,22
BRDA:176,11,1,0
BRDA:187,12,0,13
BRDA:187,12,1,13
BRDA:195,13,0,13
BRDA:195,13,1,13
BRDA:196,14,0,13
BRDA:196,14,1,13
BRDA:202,15,0,0
BRDA:202,15,1,13
BRDA:202,16,0,13
BRDA:202,16,1,0
BRDA:209,17,0,13
BRDA:209,17,1,0
BRDA:275,18,0,21
BRDA:275,18,1,0
BRDA:321,19,0,0
BRDA:321,19,1,24
BRDA:321,20,0,24
BRDA:321,20,1,24
BRDA:336,21,0,0
BRDA:336,21,1,24
BRDA:336,22,0,24
BRDA:336,22,1,0
BRDA:342,23,0,0
BRDA:342,23,1,0
BRDA:369,24,0,3
BRDA:369,24,1,21
BRDA:369,25,0,24
BRDA:369,25,1,3
BRDA:380,26,0,21
BRDA:380,26,1,0
BRDA:381,27,0,0
BRDA:381,27,1,21
BRDA:387,28,0,0
BRDA:387,28,1,0
BRDA:387,29,0,0
BRDA:387,29,1,0
BRDA:391,30,0,21
BRDA:391,30,1,0
BRDA:418,31,0,0
BRDA:418,31,1,0
BRDA:419,32,0,0
BRDA:419,32,1,0
BRDA:419,32,2,0
BRDA:438,33,0,0
BRDA:438,33,1,0
BRDA:445,34,0,0
BRDA:445,34,1,0
BRDA:445,35,0,0
BRDA:445,35,1,0
BRDA:445,35,2,0
BRDA:453,36,0,0
BRDA:453,36,1,0
BRDA:458,37,0,0
BRDA:458,37,1,0
BRDA:459,38,0,0
BRDA:459,38,1,0
BRDA:460,39,0,0
BRDA:460,39,1,0
BRDA:485,40,0,3076
BRDA:485,40,1,0
BRDA:501,41,0,8976
BRDA:501,41,1,10624
BRDA:501,42,0,19600
BRDA:501,42,1,19600
BRDA:504,43,0,8976
BRDA:504,43,1,0
BRDA:509,44,0,3076
BRDA:509,44,1,0
BRDA:522,45,0,3076
BRDA:522,45,1,0
BRDA:535,46,0,204
BRDA:535,46,1,2872
BRDA:540,47,0,1022
BRDA:540,47,1,2054
BRDA:549,48,0,8
BRDA:549,48,1,3068
BRDA:563,49,0,12648
BRDA:563,49,1,9180
BRDA:563,50,0,21828
BRDA:563,50,1,21828
BRDA:577,51,0,4
BRDA:577,51,1,20
BRDA:579,52,0,2
BRDA:579,52,1,2
BRDA:597,53,0,0
BRDA:597,53,1,22
BRDA:612,54,0,0
BRDA:612,54,1,0
BRDA:617,55,0,0
BRDA:617,55,1,22
BRDA:619,56,0,22
BRDA:619,56,1,22
BRDA:619,56,2,22
BRDA:632,57,0,13
BRDA:632,57,1,9
BRDA:632,58,0,22
BRDA:632,58,1,9
BRDA:632,58,2,9
BRDA:632,58,3,9
BRDA:635,59,0,0
BRDA:635,59,1,13
BRDA:638,60,0,0
BRDA:638,60,1,13
BRDA:641,61,0,0
BRDA:641,61,1,13
BRDA:641,62,0,13
BRDA:641,62,1,13
BRDA:642,63,0,0
BRDA:642,63,1,0
BRDA:648,64,0,4
BRDA:648,64,1,18
BRDA:649,65,0,4
BRDA:649,65,1,0
BRDA:656,66,0,22
BRDA:656,66,1,0
BRDA:659,67,0,22
BRDA:659,67,1,0
BRDA:681,68,0,374
BRDA:681,68,1,308
BRDA:684,69,0,22
BRDA:684,69,1,0
BRF:145
BRH:81
end_of_record
TN:
SF:lib/engine/source/mongoConnector.js
FN:34,(anonymous_0)
FN:38,(anonymous_1)
FN:39,(anonymous_2)
FN:58,(anonymous_3)
FN:70,(anonymous_4)
FN:81,(anonymous_5)
FN:93,(anonymous_6)
FN:146,(anonymous_7)
FN:147,(anonymous_8)
FN:148,(anonymous_9)
FN:149,(anonymous_10)
FN:155,(anonymous_11)
FN:196,send
FN:198,(anonymous_13)
FN:204,(anonymous_14)
FN:212,(anonymous_15)
FN:219,(anonymous_16)
FN:222,(anonymous_17)
FN:228,(anonymous_18)
FN:244,_process
FN:262,(anonymous_20)
FN:272,(anonymous_21)
FN:285,(anonymous_22)
FN:307,(anonymous_23)
FNF:24
FNH:0
FNDA:0,(anonymous_0)
FNDA:0,(anonymous_1)
FNDA:0,(anonymous_2)
FNDA:0,(anonymous_3)
FNDA:0,(anonymous_4)
FNDA:0,(anonymous_5)
FNDA:0,(anonymous_6)
FNDA:0,(anonymous_7)
FNDA:0,(anonymous_8)
FNDA:0,(anonymous_9)
FNDA:0,(anonymous_10)
FNDA:0,(anonymous_11)
FNDA:0,send
FNDA:0,(anonymous_13)
FNDA:0,(anonymous_14)
FNDA:0,(anonymous_15)
FNDA:0,(anonymous_16)
FNDA:0,(anonymous_17)
FNDA:0,(anonymous_18)
FNDA:0,_process
FNDA:0,(anonymous_20)
FNDA:0,(anonymous_21)
FNDA:0,(anonymous_22)
FNDA:0,(anonymous_23)
DA:19,71
DA:20,71
DA:21,71
DA:22,71
DA:23,71
DA:24,71
DA:25,71
DA:26,71
DA:27,71
DA:28,71
DA:29,71
DA:30,71
DA:31,71
DA:32,71
DA:34,71
DA:35,0
DA:36,0
DA:37,0
DA:38,0
DA:39,0
DA:41,0
DA:42,0
DA:43,0
DA:44,0
DA:47,0
DA:48,0
DA:53,0
DA:54,0
DA:57,0
DA:58,0
DA:59,0
DA:60,0
DA:67,0
DA:68,0
DA:69,0
DA:70,0
DA:71,0
DA:73,0
DA:76,0
DA:78,0
DA:81,0
DA:82,0
DA:83,0
DA:92,0
DA:93,0
DA:94,0
DA:95,0
DA:105,0
DA:106,0
DA:107,0
DA:108,0
DA:109,0
DA:110,0
DA:111,0
DA:112,0
DA:113,0
DA:114,0
DA:116,0
DA:117,0
DA:118,0
DA:120,0
DA:125,0
DA:126,0
DA:129,0
DA:133,0
DA:134,0
DA:144,0
DA:146,0
DA:147,0
DA:148,0
DA:149,0
DA:150,0
DA:155,0
DA:157,0
DA:158,0
DA:162,0
DA:168,0
DA:169,0
DA:175,0
DA:178,0
DA:179,0
DA:180,0
DA:183,0
DA:186,0
DA:189,0
DA:197,0
DA:198,0
DA:201,0
DA:203,0
DA:204,0
DA:205,0
DA:208,0
DA:209,0
DA:212,0
DA:213,0
DA:219,0
DA:220,0
DA:221,0
DA:222,0
DA:223,0
DA:224,0
DA:228,0
DA:229,0
DA:230,0
DA:232,0
DA:233,0
DA:235,0
DA:236,0
DA:238,0
DA:242,71
DA:246,0
DA:247,0
DA:248,0
DA:250,0
DA:251,0
DA:257,0
DA:258,0
DA:260,0
DA:262,0
DA:263,0
DA:264,0
DA:266,0
DA:267,0
DA:271,0
DA:272,0
DA:273,0
DA:274,0
DA:277,0
DA:284,0
DA:285,0
DA:286,0
DA:287,0
DA:290,0
DA:297,0
DA:299,0
DA:300,0
DA:302,0
DA:303,0
DA:306,0
DA:307,0
DA:308,0
DA:311,0
DA:313,0
DA:314,0
DA:318,0
DA:319,0
LF:146
LH:16
BRDA:54,0,0,0
BRDA:54,0,1,0
BRDA:67,1,0,0
BRDA:67,1,1,0
BRDA:68,2,0,0
BRDA:68,2,1,0
BRDA:107,3,0,0
BRDA:107,3,1,0
BRDA:112,4,0,0
BRDA:112,4,1,0
BRDA:117,5,0,0
BRDA:117,5,1,0
BRDA:117,6,0,0
BRDA:117,6,1,0
BRDA:133,7,0,0
BRDA:133,7,1,0
BRDA:133,8,0,0
BRDA:133,8,1,0
BRDA:157,9,0,0
BRDA:157,9,1,0
BRDA:157,10,0,0
BRDA:157,10,1,0
BRDA:168,11,0,0
BRDA:168,11,1,0
BRDA:169,12,0,0
BRDA:169,12,1,0
BRDA:175,13,0,0
BRDA:175,13,1,0
BRDA:175,14,0,0
BRDA:175,14,1,0
BRDA:179,15,0,0
BRDA:179,15,1,0
BRDA:201,16,0,0
BRDA:201,16,1,0
BRDA:229,17,0,0
BRDA:229,17,1,0
BRDA:230,18,0,0
BRDA:230,18,1,0
BRDA:230,18,2,0
BRDA:247,19,0,0
BRDA:247,19,1,0
BRDA:263,20,0,0
BRDA:263,20,1,0
BRDA:263,21,0,0
BRDA:263,21,1,0
BRDA:266,22,0,0
BRDA:266,22,1,0
BRDA:271,23,0,0
BRDA:271,23,1,0
BRDA:284,24,0,0
BRDA:284,24,1,0
BRDA:297,25,0,0
BRDA:297,25,1,0
BRDA:302,26,0,0
BRDA:302,26,1,0
BRDA:311,27,0,0
BRDA:311,27,1,0
BRF:57
BRH:0
end_of_record
TN:
SF:lib/engine/source/table.js
FN:25,(anonymous_0)
FN:44,(anonymous_1)
FN:65,(anonymous_2)
FNF:3
FNH:2
FNDA:2668,(anonymous_0)
FNDA:0,(anonymous_1)
FNDA:29,(anonymous_2)
DA:19,71
DA:20,71
DA:21,71
DA:22,71
DA:23,71
DA:25,71
DA:26,2668
DA:27,2668
DA:28,2668
DA:29,2668
DA:31,2668
DA:37,2668
DA:41,2668
DA:42,2668
DA:43,2668
DA:44,0
DA:45,0
DA:48,2668
DA:49,2668
DA:50,10672
DA:51,10672
DA:52,3076
DA:53,3076
DA:54,3076
DA:55,3076
DA:58,0
DA:59,0
DA:65,71
DA:66,29
LF:29
LH:25
BRDA:43,0,0,0
BRDA:43,0,1,2668
BRDA:43,1,0,2668
BRDA:43,1,1,0
BRDA:51,2,0,3076
BRDA:51,2,1,7596
BRDA:53,3,0,3076
BRDA:53,3,1,3072
BRDA:58,4,0,0
BRDA:58,4,1,0
BRF:10
BRH:6
end_of_record
TN:
SF:lib/engine/source/verb.js
FN:35,(anonymous_0)
FN:56,(anonymous_1)
FNF:2
FNH:2
FNDA:3076,(anonymous_0)
FNDA:24,(anonymous_1)
DA:19,71
DA:20,71
DA:21,71
DA:22,71
DA:23,71
DA:24,71
DA:25,71
DA:26,71
DA:27,71
DA:28,71
DA:29,71
DA:30,71
DA:31,71
DA:32,71
DA:33,71
DA:35,71
DA:36,3076
DA:37,3076
DA:38,3076
DA:40,3076
DA:41,3076
DA:43,0
DA:44,0
DA:46,3076
DA:47,3076
DA:49,0
DA:50,0
DA:56,3076
DA:57,24
LF:29
LH:25
BRDA:41,0,0,0
BRDA:41,0,1,3076
BRDA:41,0,2,0
BRF:3
BRH:1
end_of_record
TN:
SF:lib/serializers/ejs.js
FN:21,(anonymous_0)
FN:25,(anonymous_1)
FNF:2
FNH:0
FNDA:0,(anonymous_0)
FNDA:0,(anonymous_1)
DA:19,71
DA:21,71
DA:22,0
DA:25,71
DA:26,0
DA:30,0
LF:6
LH:3
BRF:0
BRH:0
end_of_record
TN:
SF:lib/serializers/mustache.js
FN:21,(anonymous_0)
FN:26,(anonymous_1)
FNF:2
FNH:0
FNDA:0,(anonymous_0)
FNDA:0,(anonymous_1)
DA:19,71
DA:21,71
DA:23,0
DA:26,71
DA:27,0
DA:31,0
LF:6
LH:3
BRDA:23,0,0,0
BRDA:23,0,1,0
BRF:2
BRH:0
end_of_record
TN:
SF:lib/serializers/uri-encoded.js
FN:22,(anonymous_0)
FN:26,(anonymous_1)
FNF:2
FNH:0
FNDA:0,(anonymous_0)
FNDA:0,(anonymous_1)
DA:19,71
DA:20,71
DA:22,71
DA:23,0
DA:26,71
DA:27,0
DA:28,0
DA:29,0
LF:8
LH:4
BRDA:29,0,0,0
BRDA:29,0,1,0
BRF:2
BRH:0
end_of_record
TN:
SF:lib/udfs/standard.js
FN:23,(anonymous_0)
FNF:1
FNH:1
FNDA:4,(anonymous_0)
DA:23,1
DA:24,4
DA:25,4
DA:26,4
DA:27,4
DA:30,4
DA:31,4
DA:32,4
DA:35,0
DA:36,0
DA:37,0
DA:38,0
DA:39,0
DA:42,0
DA:43,0
LF:15
LH:8
BRF:0
BRH:0
end_of_record
TN:
SF:lib/xformers/csv.js
FN:22,(anonymous_0)
FN:45,(anonymous_1)
FN:61,(anonymous_2)
FN:64,(anonymous_3)
FN:67,(anonymous_4)
FN:78,(anonymous_5)
FN:80,(anonymous_6)
FN:80,(anonymous_7)
FN:83,(anonymous_8)
FN:86,(anonymous_9)
FNF:10
FNH:8
FNDA:8,(anonymous_0)
FNDA:8,(anonymous_1)
FNDA:2,(anonymous_2)
FNDA:1,(anonymous_3)
FNDA:0,(anonymous_4)
FNDA:3,(anonymous_5)
FNDA:6,(anonymous_6)
FNDA:9,(anonymous_7)
FNDA:1,(anonymous_8)
FNDA:0,(anonymous_9)
DA:19,72
DA:20,72
DA:22,72
DA:23,8
DA:25,8
DA:26,2
DA:27,1
DA:29,1
DA:33,6
DA:34,2
DA:35,1
DA:37,1
DA:42,4
DA:45,8
DA:46,4
DA:47,2
DA:48,1
DA:50,1
DA:54,2
DA:55,2
DA:57,2
DA:59,1
DA:62,2
DA:65,1
DA:68,0
DA:69,0
DA:71,0
DA:76,1
DA:80,9
DA:81,3
DA:84,1
DA:87,0
DA:88,0
DA:90,0
DA:96,0
DA:97,0
DA:99,0
DA:104,72
LF:38
LH:29
BRDA:25,0,0,2
BRDA:25,0,1,6
BRDA:26,1,0,1
BRDA:26,1,1,1
BRDA:33,2,0,2
BRDA:33,2,1,4
BRDA:34,3,0,1
BRDA:34,3,1,1
BRDA:46,4,0,2
BRDA:46,4,1,2
BRDA:46,5,0,4
BRDA:46,5,1,2
BRDA:47,6,0,1
BRDA:47,6,1,1
BRDA:57,7,0,1
BRDA:57,7,1,1
BRDA:68,8,0,0
BRDA:68,8,1,0
BRDA:87,9,0,0
BRDA:87,9,1,0
BRDA:96,10,0,0
BRDA:96,10,1,0
BRF:22
BRH:16
end_of_record
TN:
SF:lib/xformers/json.js
FN:19,(anonymous_0)
FNF:1
FNH:1
FNDA:17,(anonymous_0)
DA:19,71
DA:20,17
DA:21,17
DA:24,0
DA:28,71
LF:5
LH:4
BRF:0
BRH:0
end_of_record
TN:
SF:lib/xformers/xml.js
FN:21,(anonymous_0)
FNF:1
FNH:1
FNDA:4,(anonymous_0)
DA:19,71
DA:21,71
DA:22,4
DA:23,4
DA:28,4
DA:29,4
DA:32,0
DA:36,71
LF:8
LH:7
BRF:0
BRH:0
end_of_record
